fatal: GET con / - 27/4/2023
fatal: GET con /css/styles.css - 27/4/2023
fatal: GET con /favicon.ico - 27/4/2023
fatal: GET con / - 27/4/2023
fatal: GET con /css/styles.css - 27/4/2023
fatal: GET con /favicon.ico - 27/4/2023
fatal: GET con /login - 27/4/2023
fatal: GET con /css/styles.css - 27/4/2023
fatal: GET con /js/login.js - 27/4/2023
fatal: GET con /favicon.ico - 27/4/2023
fatal: GET con /login - 27/4/2023
fatal: GET con /css/styles.css - 27/4/2023
fatal: GET con /js/login.js - 27/4/2023
fatal: GET con /favicon.ico - 27/4/2023
fatal: GET con /register - 27/4/2023
fatal: GET con /css/styles.css - 27/4/2023
fatal: GET con /js/register.js - 27/4/2023
fatal: GET con /favicon.ico - 27/4/2023
fatal: GET con /login - 27/4/2023
fatal: GET con /css/styles.css - 27/4/2023
fatal: GET con /js/login.js - 27/4/2023
fatal: GET con /favicon.ico - 27/4/2023
fatal: GET con /register - 27/4/2023
fatal: GET con /css/styles.css - 27/4/2023
fatal: GET con /js/register.js - 27/4/2023
fatal: GET con /favicon.ico - 27/4/2023
fatal: POST con /api/session/register - 27/4/2023
fatal: GET con /login - 27/4/2023
fatal: GET con /css/styles.css - 27/4/2023
fatal: GET con /js/login.js - 27/4/2023
fatal: GET con /favicon.ico - 27/4/2023
fatal: POST con /api/session/login - 27/4/2023
fatal: GET con /css/styles.css - 27/4/2023
fatal: POST con /api/session/login - 27/4/2023
fatal: GET con /login - 27/4/2023
fatal: GET con /css/styles.css - 27/4/2023
fatal: GET con /js/login.js - 27/4/2023
fatal: GET con /favicon.ico - 27/4/2023
fatal: POST con /api/session/login - 27/4/2023
fatal: POST con /api/session/login - 27/4/2023
fatal: GET con / - 27/4/2023
fatal: GET con /css/styles.css - 27/4/2023
fatal: GET con /favicon.ico - 27/4/2023
fatal: GET con /favicon.ico - 27/4/2023
fatal: GET con /css/styles.css - 27/4/2023
fatal: POST con /api/session/register - 27/4/2023
fatal: GET con /login - 27/4/2023
fatal: GET con /css/styles.css - 27/4/2023
fatal: GET con /js/login.js - 27/4/2023
fatal: GET con /favicon.ico - 27/4/2023
fatal: POST con /api/session/login - 27/4/2023
fatal: GET con / - 27/4/2023
fatal: GET con /css/styles.css - 27/4/2023
fatal: GET con /favicon.ico - 27/4/2023
fatal: GET con /chat - 27/4/2023
fatal: GET con /css/styles.css - 27/4/2023
fatal: GET con /js/chat.js - 27/4/2023
fatal: GET con /api/session/current - 27/4/2023
fatal: GET con /favicon.ico - 27/4/2023
fatal: GET con /user - 27/4/2023
fatal: GET con /css/styles.css - 27/4/2023
fatal: GET con /js/logout.js - 27/4/2023
fatal: GET con /favicon.ico - 27/4/2023
fatal: GET con /api/session/current - 27/4/2023
fatal: GET con /favicon.ico - 27/4/2023
fatal: GET con /api/session/current - 27/4/2023
fatal: GET con /favicon.ico - 27/4/2023
fatal: POST con /api/session/logout - 27/4/2023
fatal: GET con /login - 27/4/2023
fatal: GET con /css/styles.css - 27/4/2023
fatal: GET con /js/login.js - 27/4/2023
fatal: GET con /favicon.ico - 27/4/2023
fatal: GET con /register - 27/4/2023
fatal: GET con /css/styles.css - 27/4/2023
fatal: GET con /js/register.js - 27/4/2023
fatal: GET con /favicon.ico - 27/4/2023
fatal: GET con /login - 27/4/2023
fatal: GET con /css/styles.css - 27/4/2023
fatal: GET con /js/login.js - 27/4/2023
fatal: GET con /favicon.ico - 27/4/2023
fatal: GET con /login - 27/4/2023
fatal: GET con /css/styles.css - 27/4/2023
fatal: GET con /js/login.js - 27/4/2023
fatal: GET con /favicon.ico - 27/4/2023
fatal: GET con /recover - 27/4/2023
fatal: GET con /css/styles.css - 27/4/2023
fatal: GET con /favicon.ico - 27/4/2023
fatal: GET con /login - 27/4/2023
fatal: GET con /css/styles.css - 27/4/2023
fatal: GET con /js/login.js - 27/4/2023
fatal: GET con /favicon.ico - 27/4/2023
fatal: GET con /recover - 27/4/2023
fatal: GET con /js/recover.js - 27/4/2023
fatal: GET con /favicon.ico - 27/4/2023
fatal: GET con /recover - 27/4/2023
fatal: GET con /css/styles.css - 27/4/2023
fatal: GET con /js/recover.js - 27/4/2023
fatal: GET con /favicon.ico - 27/4/2023
fatal: GET con /recover - 27/4/2023
fatal: GET con /css/styles.css - 27/4/2023
fatal: GET con /js/recover.js - 27/4/2023
fatal: GET con /favicon.ico - 27/4/2023
fatal: GET con /recover - 27/4/2023
fatal: GET con /css/styles.css - 27/4/2023
fatal: GET con /js/recover.js - 27/4/2023
fatal: GET con /favicon.ico - 27/4/2023
fatal: GET con /recover - 27/4/2023
fatal: GET con /css/styles.css - 27/4/2023
fatal: GET con /js/recover.js - 27/4/2023
fatal: GET con /favicon.ico - 27/4/2023
fatal: GET con /recover - 27/4/2023
fatal: GET con /css/styles.css - 27/4/2023
fatal: GET con /js/recover.js - 27/4/2023
fatal: GET con /favicon.ico - 27/4/2023
fatal: GET con /recover - 27/4/2023
fatal: GET con /css/styles.css - 27/4/2023
fatal: GET con /js/recover.js - 27/4/2023
fatal: GET con /favicon.ico - 27/4/2023
fatal: GET con /recover - 27/4/2023
fatal: GET con /css/styles.css - 27/4/2023
fatal: GET con /js/recover.js - 27/4/2023
fatal: GET con /favicon.ico - 27/4/2023
fatal: GET con /login - 27/4/2023
fatal: GET con /css/styles.css - 27/4/2023
fatal: GET con /js/login.js - 27/4/2023
fatal: GET con /favicon.ico - 27/4/2023
fatal: GET con /login - 27/4/2023
fatal: GET con /css/styles.css - 27/4/2023
fatal: GET con /js/login.js - 27/4/2023
fatal: GET con /favicon.ico - 27/4/2023
fatal: GET con /recover - 27/4/2023
fatal: GET con /css/styles.css - 27/4/2023
fatal: GET con /js/recover.js - 27/4/2023
fatal: GET con /favicon.ico - 27/4/2023
fatal: GET con /recover - 27/4/2023
fatal: GET con /css/styles.css - 27/4/2023
fatal: GET con /js/recover.js - 27/4/2023
fatal: GET con /favicon.ico - 27/4/2023
fatal: GET con /recover - 27/4/2023
fatal: GET con /css/styles.css - 27/4/2023
fatal: GET con /js/recover.js - 27/4/2023
fatal: GET con /favicon.ico - 27/4/2023
fatal: GET con /recover - 27/4/2023
fatal: GET con /css/styles.css - 27/4/2023
fatal: GET con /js/recover.js - 27/4/2023
fatal: GET con /favicon.ico - 27/4/2023
fatal: GET con /register - 27/4/2023
fatal: GET con /css/styles.css - 27/4/2023
fatal: GET con /js/register.js - 27/4/2023
fatal: GET con /favicon.ico - 27/4/2023
fatal: GET con /login - 27/4/2023
fatal: GET con /css/styles.css - 27/4/2023
fatal: GET con /js/login.js - 27/4/2023
fatal: GET con /favicon.ico - 27/4/2023
fatal: GET con /recover - 27/4/2023
fatal: GET con /css/styles.css - 27/4/2023
fatal: GET con /js/recover.js - 27/4/2023
fatal: GET con /favicon.ico - 27/4/2023
fatal: GET con /recover - 27/4/2023
fatal: GET con /css/styles.css - 27/4/2023
fatal: GET con /js/recover.js - 27/4/2023
fatal: GET con /favicon.ico - 27/4/2023
fatal: POST con /api/session/recover - 27/4/2023
fatal: POST con /api/session/recover - 27/4/2023
fatal: undefined
fatal: GET con /css/styles.css - 27/4/2023
fatal: GET con /recover - 27/4/2023
fatal: GET con /css/styles.css - 27/4/2023
fatal: GET con /js/recover.js - 27/4/2023
fatal: GET con /favicon.ico - 27/4/2023
fatal: POST con /api/session/recover - 27/4/2023
fatal: undefined
fatal: POST con /api/session/recover - 27/4/2023
fatal: undefined
fatal: GET con /recover - 27/4/2023
fatal: GET con /css/styles.css - 27/4/2023
fatal: GET con /js/recover.js - 27/4/2023
fatal: GET con /favicon.ico - 27/4/2023
fatal: POST con /api/session/recover - 27/4/2023
fatal: GET con /recoverLanding/eyJhbGciOiJIUzI1NiIsInR5cCI6IkpXVCJ9.eyJlbWFpbCI6ImJlbmphYmFzdGFuQGdtYWlsLmNvbSIsImlhdCI6MTY4MjYzNjAyNSwiZXhwIjoxNjgyNjM5NjI1fQ.Yl6ZHuXAOelNytdZ9l0vREvu1tE5hcgRCXO0aLslAF0 - 27/4/2023
fatal: GET con /css/styles.css - 27/4/2023
fatal: GET con /recoverLanding/js/recover.js - 27/4/2023
fatal: GET con /favicon.ico - 27/4/2023
fatal: GET con /recover - 27/4/2023
fatal: GET con /css/styles.css - 27/4/2023
fatal: GET con /js/recover.js - 27/4/2023
fatal: GET con /favicon.ico - 27/4/2023
fatal: POST con /api/session/recover - 27/4/2023
fatal: undefined
fatal: GET con /recover - 27/4/2023
fatal: GET con /css/styles.css - 27/4/2023
fatal: GET con /js/recover.js - 27/4/2023
fatal: GET con /favicon.ico - 27/4/2023
fatal: POST con /api/session/recover - 27/4/2023
fatal: undefined
fatal: GET con /recover - 27/4/2023
fatal: GET con /css/styles.css - 27/4/2023
fatal: GET con /js/recover.js - 27/4/2023
fatal: GET con /favicon.ico - 27/4/2023
fatal: POST con /api/session/recover - 27/4/2023
fatal: undefined
fatal: GET con /recover - 27/4/2023
fatal: GET con /css/styles.css - 27/4/2023
fatal: GET con /js/recover.js - 27/4/2023
fatal: GET con /favicon.ico - 27/4/2023
fatal: POST con /api/session/recover - 27/4/2023
fatal: undefined
fatal: GET con /recover - 27/4/2023
fatal: GET con /css/styles.css - 27/4/2023
fatal: GET con /js/recover.js - 27/4/2023
fatal: GET con /favicon.ico - 27/4/2023
fatal: POST con /api/session/recover - 27/4/2023
fatal: POST con /api/session/recover - 27/4/2023
fatal: POST con /api/session/recover - 27/4/2023
fatal: POST con /api/session/recover - 27/4/2023
fatal: GET con /recover - 27/4/2023
fatal: GET con /css/styles.css - 27/4/2023
fatal: GET con /js/recover.js - 27/4/2023
fatal: GET con /favicon.ico - 27/4/2023
fatal: POST con /api/session/recover - 27/4/2023
fatal: POST con /api/session/recover - 27/4/2023
fatal: GET con /recover - 27/4/2023
fatal: GET con /css/styles.css - 27/4/2023
fatal: GET con /js/recover.js - 27/4/2023
fatal: GET con /favicon.ico - 27/4/2023
fatal: POST con /api/session/recover - 27/4/2023
fatal: POST con /api/session/recover - 27/4/2023
fatal: GET con /recoverLanding/eyJhbGciOiJIUzI1NiIsInR5cCI6IkpXVCJ9.eyJlbWFpbCI6ImJlbmphYmFzdGFuQGdtYWlsLmNvbSIsImlhdCI6MTY4MjYzNjAyNSwiZXhwIjoxNjgyNjM5NjI1fQ.Yl6ZHuXAOelNytdZ9l0vREvu1tE5hcgRCXO0aLslAF0 - 27/4/2023
fatal: GET con /css/styles.css - 27/4/2023
fatal: GET con /recoverLanding/eyJhbGciOiJIUzI1NiIsInR5cCI6IkpXVCJ9.eyJlbWFpbCI6ImJlbmphYmFzdGFuQGdtYWlsLmNvbSIsImlhdCI6MTY4MjYzNjAyNSwiZXhwIjoxNjgyNjM5NjI1fQ.Yl6ZHuXAOelNytdZ9l0vREvu1tE5hcgRCXO0aLslAF0 - 27/4/2023
fatal: GET con /recoverLanding/eyJhbGciOiJIUzI1NiIsInR5cCI6IkpXVCJ9.eyJlbWFpbCI6ImJlbmphYmFzdGFuQGdtYWlsLmNvbSIsImlhdCI6MTY4MjYzNjAyNSwiZXhwIjoxNjgyNjM5NjI1fQ.Yl6ZHuXAOelNytdZ9l0vREvu1tE5hcgRCXO0aLslAF0 - 27/4/2023
fatal: GET con /recoverLanding/eyJhbGciOiJIUzI1NiIsInR5cCI6IkpXVCJ9.eyJlbWFpbCI6ImJlbmphYmFzdGFuQGdtYWlsLmNvbSIsImlhdCI6MTY4MjYzNjAyNSwiZXhwIjoxNjgyNjM5NjI1fQ.Yl6ZHuXAOelNytdZ9l0vREvu1tE5hcgRCXO0aLslAF0 - 27/4/2023
fatal: GET con /recoverLanding/eyJhbGciOiJIUzI1NiIsInR5cCI6IkpXVCJ9.eyJlbWFpbCI6ImJlbmphYmFzdGFuQGdtYWlsLmNvbSIsImlhdCI6MTY4MjYzNjAyNSwiZXhwIjoxNjgyNjM5NjI1fQ.Yl6ZHuXAOelNytdZ9l0vREvu1tE5hcgRCXO0aLslAF0 - 27/4/2023
fatal: GET con /recoverLanding/eyJhbGciOiJIUzI1NiIsInR5cCI6IkpXVCJ9.eyJlbWFpbCI6ImJlbmphYmFzdGFuQGdtYWlsLmNvbSIsImlhdCI6MTY4MjYzNjAyNSwiZXhwIjoxNjgyNjM5NjI1fQ.Yl6ZHuXAOelNytdZ9l0vREvu1tE5hcgRCXO0aLslAF0 - 27/4/2023
fatal: GET con /recoverLanding/eyJhbGciOiJIUzI1NiIsInR5cCI6IkpXVCJ9.eyJlbWFpbCI6ImJlbmphYmFzdGFuQGdtYWlsLmNvbSIsImlhdCI6MTY4MjYzNjAyNSwiZXhwIjoxNjgyNjM5NjI1fQ.Yl6ZHuXAOelNytdZ9l0vREvu1tE5hcgRCXO0aLslAF0 - 27/4/2023
fatal: GET con /css/styles.css - 27/4/2023
fatal: GET con /recoverLanding/js/recover.js - 27/4/2023
fatal: GET con /recoverLanding/eyJhbGciOiJIUzI1NiIsInR5cCI6IkpXVCJ9.eyJlbWFpbCI6ImJlbmphYmFzdGFuQGdtYWlsLmNvbSIsImlhdCI6MTY4MjYzNjAyNSwiZXhwIjoxNjgyNjM5NjI1fQ.Yl6ZHuXAOelNytdZ9l0vREvu1tE5hcgRCXO0aLslAF0 - 27/4/2023
fatal: GET con /css/styles.css - 27/4/2023
fatal: GET con /recoverLanding/js/recover.js - 27/4/2023
fatal: GET con /favicon.ico - 27/4/2023
fatal: GET con /recoverLanding/eyJhbGciOiJIUzI1NiIsInR5cCI6IkpXVCJ9.eyJlbWFpbCI6ImJlbmphYmFzdGFuQGdtYWlsLmNvbSIsImlhdCI6MTY4MjYzNjAyNSwiZXhwIjoxNjgyNjM5NjI1fQ.Yl6ZHuXAOelNytdZ9l0vREvu1tE5hcgRCXO0aLslAF0 - 27/4/2023
fatal: GET con /css/styles.css - 27/4/2023
fatal: GET con /recoverLanding/eyJhbGciOiJIUzI1NiIsInR5cCI6IkpXVCJ9.eyJlbWFpbCI6ImJlbmphYmFzdGFuQGdtYWlsLmNvbSIsImlhdCI6MTY4MjYzNjAyNSwiZXhwIjoxNjgyNjM5NjI1fQ.Yl6ZHuXAOelNytdZ9l0vREvu1tE5hcgRCXO0aLslAF0 - 27/4/2023
fatal: GET con /recoverLanding/eyJhbGciOiJIUzI1NiIsInR5cCI6IkpXVCJ9.eyJlbWFpbCI6ImJlbmphYmFzdGFuQGdtYWlsLmNvbSIsImlhdCI6MTY4MjYzNjAyNSwiZXhwIjoxNjgyNjM5NjI1fQ.Yl6ZHuXAOelNytdZ9l0vREvu1tE5hcgRCXO0aLslAF0 - 27/4/2023
fatal: GET con /recoverLanding/eyJhbGciOiJIUzI1NiIsInR5cCI6IkpXVCJ9.eyJlbWFpbCI6ImJlbmphYmFzdGFuQGdtYWlsLmNvbSIsImlhdCI6MTY4MjYzNjAyNSwiZXhwIjoxNjgyNjM5NjI1fQ.Yl6ZHuXAOelNytdZ9l0vREvu1tE5hcgRCXO0aLslAF0 - 27/4/2023
fatal: GET con /recoverLanding/1321 - 27/4/2023
fatal: GET con /recoverLanding/eyJhbGciOiJIUzI1NiIsInR5cCI6IkpXVCJ9.eyJlbWFpbCI6ImJlbmphYmFzdGFuQGdtYWlsLmNvbSIsImlhdCI6MTY4MjYzNjAyNSwiZXhwIjoxNjgyNjM5NjI1fQ.Yl6ZHuXAOelNytdZ9l0vREvu1tE5hcgRCXO0aLslAF0 - 27/4/2023
fatal: GET con /recoverLanding/eyJhbGciOiJIUzI1NiIsInR5cCI6IkpXVCJ9.eyJlbWFpbCI6ImJlbmphYmFzdGFuQGdtYWlsLmNvbSIsImlhdCI6MTY4MjYzNjAyNSwiZXhwIjoxNjgyNjM5NjI1fQ.Yl6ZHuXAOelNytdZ9l0vREvu1tE5hcgRCXO0aLslAF0 - 27/4/2023
fatal: GET con /recoverLanding/eyJhbGciOiJIUzI1NiIsInR5cCI6IkpXVCJ9.eyJlbWFpbCI6ImJlbmphYmFzdGFuQGdtYWlsLmNvbSIsImlhdCI6MTY4MjYzNjAyNSwiZXhwIjoxNjgyNjM5NjI1fQ.Yl6ZHuXAOelNytdZ9l0vREvu1tE5hcgRCXO0aLslAF0 - 27/4/2023
fatal: GET con /recoverLanding/eyJhbGciOiJIUzI1NiIsInR5cCI6IkpXVCJ9.eyJlbWFpbCI6ImJlbmphYmFzdGFuQGdtYWlsLmNvbSIsImlhdCI6MTY4MjYzNjAyNSwiZXhwIjoxNjgyNjM5NjI1fQ.Yl6ZHuXAOelNytdZ9l0vREvu1tE5hcgRCXO0aLslAF0 - 27/4/2023
fatal: GET con /recoverLanding/eyJhbGciOiJIUzI1NiIsInR5cCI6IkpXVCJ9.eyJlbWFpbCI6ImJlbmphYmFzdGFuQGdtYWlsLmNvbSIsImlhdCI6MTY4MjYzNjAyNSwiZXhwIjoxNjgyNjM5NjI1fQ.Yl6ZHuXAOelNytdZ9l0vREvu1tE5hcgRCXO0aLslAF0 - 27/4/2023
fatal: GET con /recoverLanding/eyJhbGciOiJIUzI1NiIsInR5cCI6IkpXVCJ9.eyJlbWFpbCI6ImJlbmphYmFzdGFuQGdtYWlsLmNvbSIsImlhdCI6MTY4MjYzNjAyNSwiZXhwIjoxNjgyNjM5NjI1fQ.Yl6ZHuXAOelNytdZ9l0vREvu1tE5hcgRCXO0aLslAF0 - 27/4/2023
fatal: GET con /recoverLanding/eyJhbGciOiJIUzI1NiIsInR5cCI6IkpXVCJ9.eyJlbWFpbCI6ImJlbmphYmFzdGFuQGdtYWlsLmNvbSIsImlhdCI6MTY4MjYzNjAyNSwiZXhwIjoxNjgyNjM5NjI1fQ.Yl6ZHuXAOelNytdZ9l0vREvu1tE5hcgRCXO0aLslAF0 - 27/4/2023
fatal: GET con /recoverLanding/eyJhbGciOiJIUzI1NiIsInR5cCI6IkpXVCJ9.eyJlbWFpbCI6ImJlbmphYmFzdGFuQGdtYWlsLmNvbSIsImlhdCI6MTY4MjYzNjAyNSwiZXhwIjoxNjgyNjM5NjI1fQ.Yl6ZHuXAOelNytdZ9l0vREvu1tE5hcgRCXO0aLslAF0 - 27/4/2023
fatal: GET con /recoverLanding/eyJhbGciOiJIUzI1NiIsInR5cCI6IkpXVCJ9.eyJlbWFpbCI6ImJlbmphYmFzdGFuQGdtYWlsLmNvbSIsImlhdCI6MTY4MjYzNjAyNSwiZXhwIjoxNjgyNjM5NjI1fQ.Yl6ZHuXAOelNytdZ9l0vREvu1tE5hcgRCXO0aLslAF0 - 27/4/2023
fatal: GET con /recoverLanding/eyJhbGciOiJIUzI1NiIsInR5cCI6IkpXVCJ9.eyJlbWFpbCI6ImJlbmphYmFzdGFuQGdtYWlsLmNvbSIsImlhdCI6MTY4MjYzNjAyNSwiZXhwIjoxNjgyNjM5NjI1fQ.Yl6ZHuXAOelNytdZ9l0vREvu1tE5hcgRCXO0aLslAF0 - 27/4/2023
fatal: GET con /recoverLanding/eyJhbGciOiJIUzI1NiIsInR5cCI6IkpXVCJ9.eyJlbWFpbCI6ImJlbmphYmFzdGFuQGdtYWlsLmNvbSIsImlhdCI6MTY4MjYzNjAyNSwiZXhwIjoxNjgyNjM5NjI1fQ.Yl6ZHuXAOelNytdZ9l0vREvu1tE5hcgRCXO0aLslAF0 - 27/4/2023
fatal: GET con /css/styles.css - 27/4/2023
fatal: GET con /favicon.ico - 27/4/2023
fatal: GET con /recoverLanding/eyJhbGciOiJIUzI1NiIsInR5cCI6IkpXVCJ9.eyJlbWFpbCI6ImJlbmphYmFzdGFuQGdtYWlsLmNvbSIsImlhdCI6MTY4MjYzNjAyNSwiZXhwIjoxNjgyNjM5NjI1fQ.Yl6ZHuXAOelNytdZ9l0vREvu1tE5hcgRCXO0aLslAF0 - 27/4/2023
fatal: GET con /css/styles.css - 27/4/2023
fatal: GET con /favicon.ico - 27/4/2023
fatal: GET con /recoverLanding/eyJhbGciOiJIUzI1NiIsInR5cCI6IkpXVCJ9.eyJlbWFpbCI6ImJlbmphYmFzdGFuQGdtYWlsLmNvbSIsImlhdCI6MTY4MjYzNjAyNSwiZXhwIjoxNjgyNjM5NjI1fQ.Yl6ZHuXAOelNytdZ9l0vREvu1tE5hcgRCXO0aLslAF0 - 27/4/2023
fatal: GET con /css/styles.css - 27/4/2023
fatal: GET con /favicon.ico - 27/4/2023
fatal: GET con /recoverLanding/eyJhbGciOiJIUzI1NiIsInR5cCI6IkpXVCJ9.eyJlbWFpbCI6ImJlbmphYmFzdGFuQGdtYWlsLmNvbSIsImlhdCI6MTY4MjYzNjAyNSwiZXhwIjoxNjgyNjM5NjI1fQ.Yl6ZHuXAOelNytdZ9l0vREvu1tE5hcgRCXO0aLslAF0 - 27/4/2023
fatal: GET con /css/styles.css - 27/4/2023
fatal: GET con /favicon.ico - 27/4/2023
fatal: GET con /recoverLanding/eyJhbGciOiJIUzI1NiIsInR5cCI6IkpXVCJ9.eyJlbWFpbCI6ImJlbmphYmFzdGFuQGdtYWlsLmNvbSIsImlhdCI6MTY4MjYzNjAyNSwiZXhwIjoxNjgyNjM5NjI1fQ.Yl6ZHuXAOelNytdZ9l0vREvu1tE5hcgRCXO0aLslAF0 - 27/4/2023
fatal: GET con /css/styles.css - 27/4/2023
fatal: GET con /favicon.ico - 27/4/2023
fatal: GET con /recoverLanding/eyJhbGciOiJIUzI1NiIsInR5cCI6IkpXVCJ9.eyJlbWFpbCI6ImJlbmphYmFzdGFuQGdtYWlsLmNvbSIsImlhdCI6MTY4MjYzNjAyNSwiZXhwIjoxNjgyNjM5NjI1fQ.Yl6ZHuXAOelNytdZ9l0vREvu1tE5hcgRCXO0aLslAF0 - 27/4/2023
fatal: GET con /css/styles.css - 27/4/2023
fatal: GET con /favicon.ico - 27/4/2023
fatal: GET con /recoverLanding/eyJhbGciOiJIUzI1NiIsInR5cCI6IkpXVCJ9.eyJlbWFpbCI6ImJlbmphYmFzdGFuQGdtYWlsLmNvbSIsImlhdCI6MTY4MjYzNjAyNSwiZXhwIjoxNjgyNjM5NjI1fQ.Yl6ZHuXAOelNytdZ9l0vREvu1tE5hcgRCXO0aLslAF0 - 27/4/2023
fatal: GET con /css/styles.css - 27/4/2023
fatal: GET con /favicon.ico - 27/4/2023
fatal: GET con /recoverLanding/eyJhbGciOiJIUzI1NiIsInR5cCI6IkpXVCJ9.eyJlbWFpbCI6ImJlbmphYmFzdGFuQGdtYWlsLmNvbSIsImlhdCI6MTY4MjYzNjAyNSwiZXhwIjoxNjgyNjM5NjI1fQ.Yl6ZHuXAOelNytdZ9l0vREvu1tE5hcgRCXO0aLslAF0 - 27/4/2023
fatal: GET con /css/styles.css - 27/4/2023
fatal: GET con /favicon.ico - 27/4/2023
fatal: GET con /recoverLanding/eyJhbGciOiJIUzI1NiIsInR5cCI6IkpXVCJ9.eyJlbWFpbCI6ImJlbmphYmFzdGFuQGdtYWlsLmNvbSIsImlhdCI6MTY4MjYzNjAyNSwiZXhwIjoxNjgyNjM5NjI1fQ.Yl6ZHuXAOelNytdZ9l0vREvu1tE5hcgRCXO0aLslAF0 - 27/4/2023
fatal: GET con /css/styles.css - 27/4/2023
fatal: GET con /favicon.ico - 27/4/2023
fatal: GET con / - 27/4/2023
fatal: GET con /css/styles.css - 27/4/2023
fatal: GET con /favicon.ico - 27/4/2023
fatal: GET con /login - 27/4/2023
fatal: GET con /css/styles.css - 27/4/2023
fatal: GET con /js/login.js - 27/4/2023
fatal: GET con /favicon.ico - 27/4/2023
fatal: GET con /recover - 27/4/2023
fatal: GET con /css/styles.css - 27/4/2023
fatal: GET con /js/recover.js - 27/4/2023
fatal: GET con /favicon.ico - 27/4/2023
fatal: POST con /api/session/recover - 27/4/2023
fatal: GET con /recoverLanding/eyJhbGciOiJIUzI1NiIsInR5cCI6IkpXVCJ9.eyJlbWFpbCI6ImJlbmphYmFzdGFuQGdtYWlsLmNvbSIsImlhdCI6MTY4MjYzOTg3OSwiZXhwIjoxNjgyNjQzNDc5fQ.iP4zmNl_ahIk2AtX0CEyjJT8VNpWWqiM90F-S0JDuag - 27/4/2023
fatal: GET con /css/styles.css - 27/4/2023
fatal: GET con /favicon.ico - 27/4/2023
fatal: GET con /recoverLanding/eyJhbGciOiJIUzI1NiIsInR5cCI6IkpXVCJ9.eyJlbWFpbCI6ImJlbmphYmFzdGFuQGdtYWlsLmNvbSIsImlhdCI6MTY4MjYzNjAyNSwiZXhwIjoxNjgyNjM5NjI1fQ.Yl6ZHuXAOelNytdZ9l0vREvu1tE5hcgRCXO0aLslAF0 - 27/4/2023
fatal: GET con /css/styles.css - 27/4/2023
fatal: GET con /favicon.ico - 27/4/2023
fatal: GET con /recoverLanding/eyJhbGciOiJIUzI1NiIsInR5cCI6IkpXVCJ9.eyJlbWFpbCI6ImJlbmphYmFzdGFuQGdtYWlsLmNvbSIsImlhdCI6MTY4MjYzOTg3OSwiZXhwIjoxNjgyNjQzNDc5fQ.iP4zmNl_ahIk2AtX0CEyjJT8VNpWWqiM90F-S0JDuag - 27/4/2023
fatal: GET con /css/styles.css - 27/4/2023
fatal: GET con /favicon.ico - 27/4/2023
fatal: GET con /recoverLanding/eyJhbGciOiJIUzI1NiIsInR5cCI6IkpXVCJ9.eyJlbWFpbCI6ImJlbmphYmFzdGFuQGdtYWlsLmNvbSIsImlhdCI6MTY4MjYzNjAyNSwiZXhwIjoxNjgyNjM5NjI1fQ.Yl6ZHuXAOelNytdZ9l0vREvu1tE5hcgRCXO0aLslAF0 - 27/4/2023
fatal: GET con /css/styles.css - 27/4/2023
fatal: GET con /favicon.ico - 27/4/2023
fatal: GET con /recoverLanding/eyJhbGciOiJIUzI1NiIsInR5cCI6IkpXVCJ9.eyJlbWFpbCI6ImJlbmphYmFzdGFuQGdtYWlsLmNvbSIsImlhdCI6MTY4MjYzNjAyNSwiZXhwIjoxNjgyNjM5NjI1fQ.Yl6ZHuXAOelNytdZ9l0vREvu1tE5hcgRCXO0aLslAF0 - 27/4/2023
fatal: GET con /css/styles.css - 27/4/2023
fatal: GET con /favicon.ico - 27/4/2023
fatal: GET con /recoverLanding/eyJhbGciOiJIUzI1NiIsInR5cCI6IkpXVCJ9.eyJlbWFpbCI6ImJlbmphYmFzdGFuQGdtYWlsLmNvbSIsImlhdCI6MTY4MjYzNjAyNSwiZXhwIjoxNjgyNjM5NjI1fQ.Yl6ZHuXAOelNytdZ9l0vREvu1tE5hcgRCXO0aLslAF0 - 27/4/2023
fatal: GET con /css/styles.css - 27/4/2023
fatal: GET con /favicon.ico - 27/4/2023
fatal: GET con /recoverLanding/eyJhbGciOiJIUzI1NiIsInR5cCI6IkpXVCJ9.eyJlbWFpbCI6ImJlbmphYmFzdGFuQGdtYWlsLmNvbSIsImlhdCI6MTY4MjYzNjAyNSwiZXhwIjoxNjgyNjM5NjI1fQ.Yl6ZHuXAOelNytdZ9l0vREvu1tE5hcgRCXO0aLslAF0 - 27/4/2023
fatal: GET con /css/styles.css - 27/4/2023
fatal: GET con /favicon.ico - 27/4/2023
fatal: GET con /recoverLanding/eyJhbGciOiJIUzI1NiIsInR5cCI6IkpXVCJ9.eyJlbWFpbCI6ImJlbmphYmFzdGFuQGdtYWlsLmNvbSIsImlhdCI6MTY4MjYzNjAyNSwiZXhwIjoxNjgyNjM5NjI1fQ.Yl6ZHuXAOelNytdZ9l0vREvu1tE5hcgRCXO0aLslAF0 - 27/4/2023
fatal: GET con /css/styles.css - 27/4/2023
fatal: GET con /favicon.ico - 27/4/2023
fatal: GET con /recoverLanding/eyJhbGciOiJIUzI1NiIsInR5cCI6IkpXVCJ9.eyJlbWFpbCI6ImJlbmphYmFzdGFuQGdtYWlsLmNvbSIsImlhdCI6MTY4MjYzNjAyNSwiZXhwIjoxNjgyNjM5NjI1fQ.Yl6ZHuXAOelNytdZ9l0vREvu1tE5hcgRCXO0aLslAF0 - 27/4/2023
fatal: GET con /css/styles.css - 27/4/2023
fatal: GET con /favicon.ico - 27/4/2023
fatal: GET con /recoverLanding/eyJhbGciOiJIUzI1NiIsInR5cCI6IkpXVCJ9.eyJlbWFpbCI6ImJlbmphYmFzdGFuQGdtYWlsLmNvbSIsImlhdCI6MTY4MjYzNjAyNSwiZXhwIjoxNjgyNjM5NjI1fQ.Yl6ZHuXAOelNytdZ9l0vREvu1tE5hcgRCXO0aLslAF0 - 27/4/2023
fatal: GET con /css/styles.css - 27/4/2023
fatal: GET con /favicon.ico - 27/4/2023
fatal: GET con /recoverLanding/eyJhbGciOiJIUzI1NiIsInR5cCI6IkpXVCJ9.eyJlbWFpbCI6ImJlbmphYmFzdGFuQGdtYWlsLmNvbSIsImlhdCI6MTY4MjYzOTg3OSwiZXhwIjoxNjgyNjQzNDc5fQ.iP4zmNl_ahIk2AtX0CEyjJT8VNpWWqiM90F-S0JDuag - 27/4/2023
fatal: GET con /css/styles.css - 27/4/2023
fatal: GET con /favicon.ico - 27/4/2023
fatal: GET con /recoverLanding/eyJhbGciOiJIUzI1NiIsInR5cCI6IkpXVCJ9.eyJlbWFpbCI6ImJlbmphYmFzdGFuQGdtYWlsLmNvbSIsImlhdCI6MTY4MjYzOTg3OSwiZXhwIjoxNjgyNjQzNDc5fQ.iP4zmNl_ahIk2AtX0CEyjJT8VNpWWqiM90F-S0JDuag - 27/4/2023
fatal: GET con /css/styles.css - 27/4/2023
fatal: GET con /favicon.ico - 27/4/2023
fatal: GET con /recoverLanding/eyJhbGciOiJIUzI1NiIsInR5cCI6IkpXVCJ9.eyJlbWFpbCI6ImJlbmphYmFzdGFuQGdtYWlsLmNvbSIsImlhdCI6MTY4MjYzNjAyNSwiZXhwIjoxNjgyNjM5NjI1fQ.Yl6ZHuXAOelNytdZ9l0vREvu1tE5hcgRCXO0aLslAF0 - 27/4/2023
fatal: GET con /css/styles.css - 27/4/2023
fatal: GET con /favicon.ico - 27/4/2023
fatal: GET con /recoverLanding/eyJhbGciOiJIUzI1NiIsInR5cCI6IkpXVCJ9.eyJlbWFpbCI6ImJlbmphYmFzdGFuQGdtYWlsLmNvbSIsImlhdCI6MTY4MjYzNjAyNSwiZXhwIjoxNjgyNjM5NjI1fQ.Yl6ZHuXAOelNytdZ9l0vREvu1tE5hcgRCXO0aLslAF0 - 27/4/2023
fatal: GET con /recoverLanding/eyJhbGciOiJIUzI1NiIsInR5cCI6IkpXVCJ9.eyJlbWFpbCI6ImJlbmphYmFzdGFuQGdtYWlsLmNvbSIsImlhdCI6MTY4MjYzNjAyNSwiZXhwIjoxNjgyNjM5NjI1fQ.Yl6ZHuXAOelNytdZ9l0vREvu1tE5hcgRCXO0aLslAF0 - 27/4/2023
fatal: GET con /recoverLanding/eyJhbGciOiJIUzI1NiIsInR5cCI6IkpXVCJ9.eyJlbWFpbCI6ImJlbmphYmFzdGFuQGdtYWlsLmNvbSIsImlhdCI6MTY4MjYzNjAyNSwiZXhwIjoxNjgyNjM5NjI1fQ.Yl6ZHuXAOelNytdZ9l0vREvu1tE5hcgRCXO0aLslAF0 - 27/4/2023
fatal: GET con /recoverLanding/eyJhbGciOiJIUzI1NiIsInR5cCI6IkpXVCJ9.eyJlbWFpbCI6ImJlbmphYmFzdGFuQGdtYWlsLmNvbSIsImlhdCI6MTY4MjYzNjAyNSwiZXhwIjoxNjgyNjM5NjI1fQ.Yl6ZHuXAOelNytdZ9l0vREvu1tE5hcgRCXO0aLslAF0 - 27/4/2023
fatal: GET con /recoverLanding/eyJhbGciOiJIUzI1NiIsInR5cCI6IkpXVCJ9.eyJlbWFpbCI6ImJlbmphYmFzdGFuQGdtYWlsLmNvbSIsImlhdCI6MTY4MjYzNjAyNSwiZXhwIjoxNjgyNjM5NjI1fQ.Yl6ZHuXAOelNytdZ9l0vREvu1tE5hcgRCXO0aLslAF0 - 27/4/2023
fatal: GET con /recoverLanding/eyJhbGciOiJIUzI1NiIsInR5cCI6IkpXVCJ9.eyJlbWFpbCI6ImJlbmphYmFzdGFuQGdtYWlsLmNvbSIsImlhdCI6MTY4MjYzNjAyNSwiZXhwIjoxNjgyNjM5NjI1fQ.Yl6ZHuXAOelNytdZ9l0vREvu1tE5hcgRCXO0aLslAF0 - 27/4/2023
fatal: GET con /recoverLanding/eyJhbGciOiJIUzI1NiIsInR5cCI6IkpXVCJ9.eyJlbWFpbCI6ImJlbmphYmFzdGFuQGdtYWlsLmNvbSIsImlhdCI6MTY4MjYzNjAyNSwiZXhwIjoxNjgyNjM5NjI1fQ.Yl6ZHuXAOelNytdZ9l0vREvu1tE5hcgRCXO0aLslAF0 - 27/4/2023
fatal: GET con /recoverLanding/eyJhbGciOiJIUzI1NiIsInR5cCI6IkpXVCJ9.eyJlbWFpbCI6ImJlbmphYmFzdGFuQGdtYWlsLmNvbSIsImlhdCI6MTY4MjYzNjAyNSwiZXhwIjoxNjgyNjM5NjI1fQ.Yl6ZHuXAOelNytdZ9l0vREvu1tE5hcgRCXO0aLslAF0 - 27/4/2023
fatal: if doesn't match else - 8:7 {"column":7,"endColumn":9,"endLineNumber":8,"lineNumber":8,"name":"Error"}
fatal: GET con /favicon.ico - 27/4/2023
fatal: GET con /recoverLanding/eyJhbGciOiJIUzI1NiIsInR5cCI6IkpXVCJ9.eyJlbWFpbCI6ImJlbmphYmFzdGFuQGdtYWlsLmNvbSIsImlhdCI6MTY4MjYzNjAyNSwiZXhwIjoxNjgyNjM5NjI1fQ.Yl6ZHuXAOelNytdZ9l0vREvu1tE5hcgRCXO0aLslAF0 - 27/4/2023
fatal: if doesn't match else - 8:7 {"column":7,"endColumn":9,"endLineNumber":8,"lineNumber":8,"name":"Error"}
fatal: GET con /favicon.ico - 27/4/2023
fatal: GET con /recoverLanding/eyJhbGciOiJIUzI1NiIsInR5cCI6IkpXVCJ9.eyJlbWFpbCI6ImJlbmphYmFzdGFuQGdtYWlsLmNvbSIsImlhdCI6MTY4MjYzNjAyNSwiZXhwIjoxNjgyNjM5NjI1fQ.Yl6ZHuXAOelNytdZ9l0vREvu1tE5hcgRCXO0aLslAF0 - 27/4/2023
fatal: GET con /css/styles.css - 27/4/2023
fatal: GET con /favicon.ico - 27/4/2023
fatal: GET con /recoverLanding/eyJhbGciOiJIUzI1NiIsInR5cCI6IkpXVCJ9.eyJlbWFpbCI6ImJlbmphYmFzdGFuQGdtYWlsLmNvbSIsImlhdCI6MTY4MjYzNjAyNSwiZXhwIjoxNjgyNjM5NjI1fQ.Yl6ZHuXAOelNytdZ9l0vREvu1tE5hcgRCXO0aLslAF0 - 27/4/2023
fatal: GET con /css/styles.css - 27/4/2023
fatal: GET con /favicon.ico - 27/4/2023
fatal: GET con /recoverLanding/eyJhbGciOiJIUzI1NiIsInR5cCI6IkpXVCJ9.eyJlbWFpbCI6ImJlbmphYmFzdGFuQGdtYWlsLmNvbSIsImlhdCI6MTY4MjYzNjAyNSwiZXhwIjoxNjgyNjM5NjI1fQ.Yl6ZHuXAOelNytdZ9l0vREvu1tE5hcgRCXO0aLslAF0 - 27/4/2023
fatal: GET con /css/styles.css - 27/4/2023
fatal: GET con /favicon.ico - 27/4/2023
fatal: GET con /recoverLanding/eyJhbGciOiJIUzI1NiIsInR5cCI6IkpXVCJ9.eyJlbWFpbCI6ImJlbmphYmFzdGFuQGdtYWlsLmNvbSIsImlhdCI6MTY4MjYzNjAyNSwiZXhwIjoxNjgyNjM5NjI1fQ.Yl6ZHuXAOelNytdZ9l0vREvu1tE5hcgRCXO0aLslAF0 - 27/4/2023
fatal: GET con /css/styles.css - 27/4/2023
fatal: GET con /favicon.ico - 27/4/2023
fatal: GET con /recoverLanding/eyJhbGciOiJIUzI1NiIsInR5cCI6IkpXVCJ9.eyJlbWFpbCI6ImJlbmphYmFzdGFuQGdtYWlsLmNvbSIsImlhdCI6MTY4MjYzOTg3OSwiZXhwIjoxNjgyNjQzNDc5fQ.iP4zmNl_ahIk2AtX0CEyjJT8VNpWWqiM90F-S0JDuag - 27/4/2023
fatal: GET con /css/styles.css - 27/4/2023
fatal: GET con /favicon.ico - 27/4/2023
fatal: GET con /login - 27/4/2023
fatal: GET con /css/styles.css - 27/4/2023
fatal: GET con /js/login.js - 27/4/2023
fatal: GET con /favicon.ico - 27/4/2023
fatal: GET con /recover - 27/4/2023
fatal: GET con /css/styles.css - 27/4/2023
fatal: GET con /js/recover.js - 27/4/2023
fatal: GET con /favicon.ico - 27/4/2023
fatal: GET con /recoverLanding/eyJhbGciOiJIUzI1NiIsInR5cCI6IkpXVCJ9.eyJlbWFpbCI6ImJlbmphYmFzdGFuQGdtYWlsLmNvbSIsImlhdCI6MTY4MjYzNjAyNSwiZXhwIjoxNjgyNjM5NjI1fQ.Yl6ZHuXAOelNytdZ9l0vREvu1tE5hcgRCXO0aLslAF0 - 27/4/2023
fatal: GET con /css/styles.css - 27/4/2023
fatal: GET con /favicon.ico - 27/4/2023
fatal: GET con / - 27/4/2023
fatal: GET con /css/styles.css - 27/4/2023
fatal: GET con /favicon.ico - 27/4/2023
fatal: GET con / - 27/4/2023
fatal: GET con /css/styles.css - 27/4/2023
fatal: GET con /favicon.ico - 27/4/2023
fatal: GET con /login - 27/4/2023
fatal: GET con /css/styles.css - 27/4/2023
fatal: GET con /js/login.js - 27/4/2023
fatal: GET con /favicon.ico - 27/4/2023
fatal: POST con /api/session/login - 27/4/2023
fatal: GET con /recover - 27/4/2023
fatal: GET con /css/styles.css - 27/4/2023
fatal: GET con /js/recover.js - 27/4/2023
fatal: GET con /favicon.ico - 27/4/2023
fatal: POST con /api/session/recover - 27/4/2023
fatal: POST con /api/session/recover - 27/4/2023
fatal: GET con /login - 27/4/2023
fatal: GET con /css/styles.css - 27/4/2023
fatal: GET con /js/login.js - 27/4/2023
fatal: GET con /favicon.ico - 27/4/2023
fatal: GET con /register - 27/4/2023
fatal: GET con /css/styles.css - 27/4/2023
fatal: GET con /js/register.js - 27/4/2023
fatal: GET con /favicon.ico - 27/4/2023
fatal: POST con /api/session/register - 27/4/2023
fatal: GET con /login - 27/4/2023
fatal: GET con /css/styles.css - 27/4/2023
fatal: GET con /js/login.js - 27/4/2023
fatal: GET con /favicon.ico - 27/4/2023
fatal: GET con /recover - 27/4/2023
fatal: GET con /css/styles.css - 27/4/2023
fatal: GET con /js/recover.js - 27/4/2023
fatal: GET con /favicon.ico - 27/4/2023
fatal: POST con /api/session/recover - 27/4/2023
fatal: GET con /recover - 27/4/2023
fatal: GET con /css/styles.css - 27/4/2023
fatal: GET con /js/recover.js - 27/4/2023
fatal: GET con /favicon.ico - 27/4/2023
fatal: POST con /api/session/recover - 27/4/2023
fatal: POST con /api/session/recover - 27/4/2023
fatal: GET con /login - 27/4/2023
fatal: GET con /css/styles.css - 27/4/2023
fatal: GET con /js/login.js - 27/4/2023
fatal: GET con /favicon.ico - 27/4/2023
fatal: POST con /api/session/login - 27/4/2023
fatal: GET con / - 27/4/2023
fatal: GET con /css/styles.css - 27/4/2023
fatal: GET con /favicon.ico - 27/4/2023
fatal: GET con /favicon.ico - 27/4/2023
fatal: POST con /api/session/recover - 27/4/2023
fatal: POST con /api/session/recover - 27/4/2023
fatal: POST con /api/session/recover - 27/4/2023
fatal: GET con /recover - 27/4/2023
fatal: GET con /css/styles.css - 27/4/2023
fatal: GET con /js/recover.js - 27/4/2023
fatal: GET con /favicon.ico - 27/4/2023
fatal: POST con /api/session/recover - 27/4/2023
fatal: GET con /recoverLanding/eyJhbGciOiJIUzI1NiIsInR5cCI6IkpXVCJ9.eyJlbWFpbCI6ImIuYmFzdGFuQGFsdW1uby5ldGVjLnVtLmVkdS5hciIsImlhdCI6MTY4MjY0MzMzNiwiZXhwIjoxNjgyNjQ2OTM2fQ.PH7LbA4sLyoUaX8TzTKqBoaYsuRNgJhbUgNmtx5ABdg - 27/4/2023
fatal: GET con /css/styles.css - 27/4/2023
fatal: GET con /js/recoverLanding.js - 27/4/2023
fatal: GET con /favicon.ico - 27/4/2023
fatal: GET con /css/styles.css - 27/4/2023
fatal: GET con /recoverLanding/eyJhbGciOiJIUzI1NiIsInR5cCI6IkpXVCJ9.eyJlbWFpbCI6ImIuYmFzdGFuQGFsdW1uby5ldGVjLnVtLmVkdS5hciIsImlhdCI6MTY4MjY0MzMzNiwiZXhwIjoxNjgyNjQ2OTM2fQ.PH7LbA4sLyoUaX8TzTKqBoaYsuRNgJhbUgNmtx5ABdg - 27/4/2023
fatal: GET con /css/styles.css - 27/4/2023
fatal: GET con /js/recoverLanding.js - 27/4/2023
fatal: GET con /favicon.ico - 27/4/2023
fatal: GET con /recoverLanding/eyJhbGciOiJIUzI1NiIsInR5cCI6IkpXVCJ9.eyJlbWFpbCI6ImIuYmFzdGFuQGFsdW1uby5ldGVjLnVtLmVkdS5hciIsImlhdCI6MTY4MjY0MzMzNiwiZXhwIjoxNjgyNjQ2OTM2fQ.PH7LbA4sLyoUaX8TzTKqBoaYsuRNgJhbUgNmtx5ABdg - 27/4/2023
fatal: GET con /css/styles.css - 27/4/2023
fatal: GET con /js/recoverLanding.js - 27/4/2023
fatal: GET con /favicon.ico - 27/4/2023
fatal: GET con /recoverLanding/eyJhbGciOiJIUzI1NiIsInR5cCI6IkpXVCJ9.eyJlbWFpbCI6ImIuYmFzdGFuQGFsdW1uby5ldGVjLnVtLmVkdS5hciIsImlhdCI6MTY4MjY0MzMzNiwiZXhwIjoxNjgyNjQ2OTM2fQ.PH7LbA4sLyoUaX8TzTKqBoaYsuRNgJhbUgNmtx5ABdg - 27/4/2023
fatal: GET con /css/styles.css - 27/4/2023
fatal: GET con /js/recoverLanding.js - 27/4/2023
fatal: GET con /favicon.ico - 27/4/2023
fatal: GET con /recoverLanding/eyJhbGciOiJIUzI1NiIsInR5cCI6IkpXVCJ9.eyJlbWFpbCI6ImIuYmFzdGFuQGFsdW1uby5ldGVjLnVtLmVkdS5hciIsImlhdCI6MTY4MjY0MzMzNiwiZXhwIjoxNjgyNjQ2OTM2fQ.PH7LbA4sLyoUaX8TzTKqBoaYsuRNgJhbUgNmtx5ABdg - 27/4/2023
fatal: GET con /css/styles.css - 27/4/2023
fatal: GET con /js/recoverLanding.js - 27/4/2023
fatal: GET con /favicon.ico - 27/4/2023
fatal: POST con /api/session/recover - 27/4/2023
fatal: GET con /recoverLanding/eyJhbGciOiJIUzI1NiIsInR5cCI6IkpXVCJ9.eyJlbWFpbCI6ImIuYmFzdGFuQGFsdW1uby5ldGVjLnVtLmVkdS5hciIsImlhdCI6MTY4MjY0MzMzNiwiZXhwIjoxNjgyNjQ2OTM2fQ.PH7LbA4sLyoUaX8TzTKqBoaYsuRNgJhbUgNmtx5ABdg - 27/4/2023
fatal: GET con /css/styles.css - 27/4/2023
fatal: GET con /js/recoverLanding.js - 27/4/2023
fatal: GET con /favicon.ico - 27/4/2023
fatal: POST con /api/session/recover - 27/4/2023
fatal: POST con /api/session/recover - 27/4/2023
fatal: GET con /recoverLanding/eyJhbGciOiJIUzI1NiIsInR5cCI6IkpXVCJ9.eyJlbWFpbCI6ImIuYmFzdGFuQGFsdW1uby5ldGVjLnVtLmVkdS5hciIsImlhdCI6MTY4MjY0MzMzNiwiZXhwIjoxNjgyNjQ2OTM2fQ.PH7LbA4sLyoUaX8TzTKqBoaYsuRNgJhbUgNmtx5ABdg - 27/4/2023
fatal: GET con /css/styles.css - 27/4/2023
fatal: GET con /js/recoverLanding.js - 27/4/2023
fatal: GET con /favicon.ico - 27/4/2023
fatal: POST con /api/session/recoverPassword - 27/4/2023
fatal: GET con /css/styles.css - 27/4/2023
fatal: GET con /recoverLanding/eyJhbGciOiJIUzI1NiIsInR5cCI6IkpXVCJ9.eyJlbWFpbCI6ImIuYmFzdGFuQGFsdW1uby5ldGVjLnVtLmVkdS5hciIsImlhdCI6MTY4MjY0MzMzNiwiZXhwIjoxNjgyNjQ2OTM2fQ.PH7LbA4sLyoUaX8TzTKqBoaYsuRNgJhbUgNmtx5ABdg - 27/4/2023
fatal: GET con /css/styles.css - 27/4/2023
fatal: GET con /js/recoverLanding.js - 27/4/2023
fatal: GET con /favicon.ico - 27/4/2023
fatal: POST con /api/session/recoverPassword - 27/4/2023
fatal: POST con /api/session/recoverPassword - 27/4/2023
fatal: GET con /recoverLanding/eyJhbGciOiJIUzI1NiIsInR5cCI6IkpXVCJ9.eyJlbWFpbCI6ImIuYmFzdGFuQGFsdW1uby5ldGVjLnVtLmVkdS5hciIsImlhdCI6MTY4MjY0MzMzNiwiZXhwIjoxNjgyNjQ2OTM2fQ.PH7LbA4sLyoUaX8TzTKqBoaYsuRNgJhbUgNmtx5ABdg - 27/4/2023
fatal: GET con /css/styles.css - 27/4/2023
fatal: GET con /js/recoverLanding.js - 27/4/2023
fatal: GET con /favicon.ico - 27/4/2023
fatal: POST con /api/session/recoverPassword - 27/4/2023
fatal: GET con /recoverLanding/eyJhbGciOiJIUzI1NiIsInR5cCI6IkpXVCJ9.eyJlbWFpbCI6ImIuYmFzdGFuQGFsdW1uby5ldGVjLnVtLmVkdS5hciIsImlhdCI6MTY4MjY0MzMzNiwiZXhwIjoxNjgyNjQ2OTM2fQ.PH7LbA4sLyoUaX8TzTKqBoaYsuRNgJhbUgNmtx5ABdg - 27/4/2023
fatal: GET con /css/styles.css - 27/4/2023
fatal: GET con /js/recoverLanding.js - 27/4/2023
fatal: GET con /favicon.ico - 27/4/2023
fatal: POST con /api/session/recoverPassword - 27/4/2023
fatal: GET con /recoverLanding/eyJhbGciOiJIUzI1NiIsInR5cCI6IkpXVCJ9.eyJlbWFpbCI6ImIuYmFzdGFuQGFsdW1uby5ldGVjLnVtLmVkdS5hciIsImlhdCI6MTY4MjY0MzMzNiwiZXhwIjoxNjgyNjQ2OTM2fQ.PH7LbA4sLyoUaX8TzTKqBoaYsuRNgJhbUgNmtx5ABdg - 27/4/2023
fatal: GET con /css/styles.css - 27/4/2023
fatal: GET con /js/recoverLanding.js - 27/4/2023
fatal: GET con /favicon.ico - 27/4/2023
fatal: POST con /api/session/recoverPassword - 27/4/2023
fatal: POST con /api/session/recoverPassword - 27/4/2023
fatal: GET con /recoverLanding/eyJhbGciOiJIUzI1NiIsInR5cCI6IkpXVCJ9.eyJlbWFpbCI6ImIuYmFzdGFuQGFsdW1uby5ldGVjLnVtLmVkdS5hciIsImlhdCI6MTY4MjY0MzMzNiwiZXhwIjoxNjgyNjQ2OTM2fQ.PH7LbA4sLyoUaX8TzTKqBoaYsuRNgJhbUgNmtx5ABdg - 27/4/2023
fatal: GET con /css/styles.css - 27/4/2023
fatal: GET con /js/recoverLanding.js - 27/4/2023
fatal: GET con /favicon.ico - 27/4/2023
fatal: POST con /api/session/recoverPassword - 27/4/2023
fatal: POST con /api/session/recoverPassword - 27/4/2023
fatal: POST con /api/session/recoverPassword - 27/4/2023
fatal: GET con /recoverLanding/eyJhbGciOiJIUzI1NiIsInR5cCI6IkpXVCJ9.eyJlbWFpbCI6ImIuYmFzdGFuQGFsdW1uby5ldGVjLnVtLmVkdS5hciIsImlhdCI6MTY4MjY0MzMzNiwiZXhwIjoxNjgyNjQ2OTM2fQ.PH7LbA4sLyoUaX8TzTKqBoaYsuRNgJhbUgNmtx5ABdg - 27/4/2023
fatal: GET con /css/styles.css - 27/4/2023
fatal: GET con /js/recoverLanding.js - 27/4/2023
fatal: GET con /favicon.ico - 27/4/2023
fatal: POST con /api/session/recoverPassword - 27/4/2023
fatal: POST con /api/session/recoverPassword - 27/4/2023
fatal: GET con /recoverLanding/eyJhbGciOiJIUzI1NiIsInR5cCI6IkpXVCJ9.eyJlbWFpbCI6ImIuYmFzdGFuQGFsdW1uby5ldGVjLnVtLmVkdS5hciIsImlhdCI6MTY4MjY0MzMzNiwiZXhwIjoxNjgyNjQ2OTM2fQ.PH7LbA4sLyoUaX8TzTKqBoaYsuRNgJhbUgNmtx5ABdg - 27/4/2023
fatal: GET con /css/styles.css - 27/4/2023
fatal: GET con /js/recoverLanding.js - 27/4/2023
fatal: GET con /favicon.ico - 27/4/2023
fatal: POST con /api/session/recoverPassword - 27/4/2023
fatal: POST con /api/session/recoverPassword - 27/4/2023
fatal: POST con /api/session/recoverPassword - 27/4/2023
fatal: GET con /recoverLanding/eyJhbGciOiJIUzI1NiIsInR5cCI6IkpXVCJ9.eyJlbWFpbCI6ImIuYmFzdGFuQGFsdW1uby5ldGVjLnVtLmVkdS5hciIsImlhdCI6MTY4MjY0MzMzNiwiZXhwIjoxNjgyNjQ2OTM2fQ.PH7LbA4sLyoUaX8TzTKqBoaYsuRNgJhbUgNmtx5ABdg - 27/4/2023
fatal: GET con /css/styles.css - 27/4/2023
fatal: GET con /js/recoverLanding.js - 27/4/2023
fatal: GET con /favicon.ico - 27/4/2023
fatal: POST con /api/session/recoverPassword - 27/4/2023
fatal: POST con /api/session/recoverPassword - 27/4/2023
fatal: POST con /api/session/recoverPassword - 27/4/2023
fatal: POST con /api/session/recoverPassword - 27/4/2023
fatal: GET con /recoverLanding/eyJhbGciOiJIUzI1NiIsInR5cCI6IkpXVCJ9.eyJlbWFpbCI6ImIuYmFzdGFuQGFsdW1uby5ldGVjLnVtLmVkdS5hciIsImlhdCI6MTY4MjY0MzMzNiwiZXhwIjoxNjgyNjQ2OTM2fQ.PH7LbA4sLyoUaX8TzTKqBoaYsuRNgJhbUgNmtx5ABdg - 27/4/2023
fatal: GET con /css/styles.css - 27/4/2023
fatal: GET con /js/recoverLanding.js - 27/4/2023
fatal: GET con /favicon.ico - 27/4/2023
fatal: POST con /api/session/recoverPassword - 27/4/2023
fatal: POST con /api/session/recoverPassword - 27/4/2023
fatal: GET con /recoverLanding/eyJhbGciOiJIUzI1NiIsInR5cCI6IkpXVCJ9.eyJlbWFpbCI6ImIuYmFzdGFuQGFsdW1uby5ldGVjLnVtLmVkdS5hciIsImlhdCI6MTY4MjY0MzMzNiwiZXhwIjoxNjgyNjQ2OTM2fQ.PH7LbA4sLyoUaX8TzTKqBoaYsuRNgJhbUgNmtx5ABdg - 27/4/2023
fatal: GET con /css/styles.css - 27/4/2023
fatal: GET con /js/recoverLanding.js - 27/4/2023
fatal: GET con /favicon.ico - 27/4/2023
fatal: POST con /api/session/recoverPassword - 27/4/2023
fatal: GET con /css/styles.css - 27/4/2023
fatal: POST con /api/session/recoverPassword - 27/4/2023
fatal: GET con /recoverLanding/eyJhbGciOiJIUzI1NiIsInR5cCI6IkpXVCJ9.eyJlbWFpbCI6ImIuYmFzdGFuQGFsdW1uby5ldGVjLnVtLmVkdS5hciIsImlhdCI6MTY4MjY0MzMzNiwiZXhwIjoxNjgyNjQ2OTM2fQ.PH7LbA4sLyoUaX8TzTKqBoaYsuRNgJhbUgNmtx5ABdg - 27/4/2023
fatal: GET con /css/styles.css - 27/4/2023
fatal: GET con /js/recoverLanding.js - 27/4/2023
fatal: GET con /favicon.ico - 27/4/2023
fatal: GET con /recoverLanding/eyJhbGciOiJIUzI1NiIsInR5cCI6IkpXVCJ9.eyJlbWFpbCI6ImIuYmFzdGFuQGFsdW1uby5ldGVjLnVtLmVkdS5hciIsImlhdCI6MTY4MjY0MzMzNiwiZXhwIjoxNjgyNjQ2OTM2fQ.PH7LbA4sLyoUaX8TzTKqBoaYsuRNgJhbUgNmtx5ABdg - 27/4/2023
fatal: GET con /css/styles.css - 27/4/2023
fatal: GET con /js/recoverLanding.js - 27/4/2023
fatal: GET con /favicon.ico - 27/4/2023
fatal: GET con /recoverLanding/eyJhbGciOiJIUzI1NiIsInR5cCI6IkpXVCJ9.eyJlbWFpbCI6ImIuYmFzdGFuQGFsdW1uby5ldGVjLnVtLmVkdS5hciIsImlhdCI6MTY4MjY0MzMzNiwiZXhwIjoxNjgyNjQ2OTM2fQ.PH7LbA4sLyoUaX8TzTKqBoaYsuRNgJhbUgNmtx5ABdg - 27/4/2023
fatal: GET con /css/styles.css - 27/4/2023
fatal: GET con /js/recoverLanding.js - 27/4/2023
fatal: GET con /favicon.ico - 27/4/2023
fatal: GET con /recoverLanding/eyJhbGciOiJIUzI1NiIsInR5cCI6IkpXVCJ9.eyJlbWFpbCI6ImIuYmFzdGFuQGFsdW1uby5ldGVjLnVtLmVkdS5hciIsImlhdCI6MTY4MjY0MzMzNiwiZXhwIjoxNjgyNjQ2OTM2fQ.PH7LbA4sLyoUaX8TzTKqBoaYsuRNgJhbUgNmtx5ABdg - 27/4/2023
fatal: GET con /css/styles.css - 27/4/2023
fatal: GET con /js/recoverLanding.js - 27/4/2023
fatal: GET con /favicon.ico - 27/4/2023
fatal: POST con /api/session/recoverPassword - 27/4/2023
fatal: POST con /api/session/recoverPassword - 27/4/2023
fatal: POST con /api/session/recoverPassword - 27/4/2023
fatal: GET con /recoverLanding/eyJhbGciOiJIUzI1NiIsInR5cCI6IkpXVCJ9.eyJlbWFpbCI6ImIuYmFzdGFuQGFsdW1uby5ldGVjLnVtLmVkdS5hciIsImlhdCI6MTY4MjY0MzMzNiwiZXhwIjoxNjgyNjQ2OTM2fQ.PH7LbA4sLyoUaX8TzTKqBoaYsuRNgJhbUgNmtx5ABdg - 27/4/2023
fatal: GET con /css/styles.css - 27/4/2023
fatal: GET con /js/recoverLanding.js - 27/4/2023
fatal: GET con /favicon.ico - 27/4/2023
fatal: GET con /recoverLanding/eyJhbGciOiJIUzI1NiIsInR5cCI6IkpXVCJ9.eyJlbWFpbCI6ImIuYmFzdGFuQGFsdW1uby5ldGVjLnVtLmVkdS5hciIsImlhdCI6MTY4MjY0MzMzNiwiZXhwIjoxNjgyNjQ2OTM2fQ.PH7LbA4sLyoUaX8TzTKqBoaYsuRNgJhbUgNmtx5ABdg - 27/4/2023
fatal: GET con /css/styles.css - 27/4/2023
fatal: GET con /js/recoverLanding.js - 27/4/2023
fatal: GET con /favicon.ico - 27/4/2023
fatal: GET con /recoverLanding/eyJhbGciOiJIUzI1NiIsInR5cCI6IkpXVCJ9.eyJlbWFpbCI6ImIuYmFzdGFuQGFsdW1uby5ldGVjLnVtLmVkdS5hciIsImlhdCI6MTY4MjY0MzMzNiwiZXhwIjoxNjgyNjQ2OTM2fQ.PH7LbA4sLyoUaX8TzTKqBoaYsuRNgJhbUgNmtx5ABdg - 27/4/2023
fatal: GET con /css/styles.css - 27/4/2023
fatal: GET con /js/recoverLanding.js - 27/4/2023
fatal: GET con /favicon.ico - 27/4/2023
fatal: POST con /api/session/recoverPassword - 27/4/2023
fatal: POST con /api/session/recoverPassword - 27/4/2023
fatal: GET con /recoverLanding/eyJhbGciOiJIUzI1NiIsInR5cCI6IkpXVCJ9.eyJlbWFpbCI6ImIuYmFzdGFuQGFsdW1uby5ldGVjLnVtLmVkdS5hciIsImlhdCI6MTY4MjY0MzMzNiwiZXhwIjoxNjgyNjQ2OTM2fQ.PH7LbA4sLyoUaX8TzTKqBoaYsuRNgJhbUgNmtx5ABdg - 27/4/2023
fatal: GET con /css/styles.css - 27/4/2023
fatal: GET con /js/recoverLanding.js - 27/4/2023
fatal: GET con /favicon.ico - 27/4/2023
fatal: POST con /api/session/recoverPassword - 27/4/2023
fatal: POST con /api/session/recoverPassword - 27/4/2023
fatal: GET con /recoverLanding/eyJhbGciOiJIUzI1NiIsInR5cCI6IkpXVCJ9.eyJlbWFpbCI6ImIuYmFzdGFuQGFsdW1uby5ldGVjLnVtLmVkdS5hciIsImlhdCI6MTY4MjY0MzMzNiwiZXhwIjoxNjgyNjQ2OTM2fQ.PH7LbA4sLyoUaX8TzTKqBoaYsuRNgJhbUgNmtx5ABdg - 27/4/2023
fatal: GET con /css/styles.css - 27/4/2023
fatal: GET con /js/recoverLanding.js - 27/4/2023
fatal: GET con /favicon.ico - 27/4/2023
fatal: POST con /api/session/recoverPassword - 27/4/2023
fatal: POST con /api/session/recoverPassword - 27/4/2023
fatal: GET con /recoverLanding/eyJhbGciOiJIUzI1NiIsInR5cCI6IkpXVCJ9.eyJlbWFpbCI6ImIuYmFzdGFuQGFsdW1uby5ldGVjLnVtLmVkdS5hciIsImlhdCI6MTY4MjY0MzMzNiwiZXhwIjoxNjgyNjQ2OTM2fQ.PH7LbA4sLyoUaX8TzTKqBoaYsuRNgJhbUgNmtx5ABdg - 27/4/2023
fatal: GET con /css/styles.css - 27/4/2023
fatal: GET con /js/recoverLanding.js - 27/4/2023
fatal: GET con /favicon.ico - 27/4/2023
fatal: POST con /api/session/recoverPassword - 27/4/2023
fatal: POST con /api/session/recoverPassword - 27/4/2023
fatal: GET con /recoverLanding/eyJhbGciOiJIUzI1NiIsInR5cCI6IkpXVCJ9.eyJlbWFpbCI6ImIuYmFzdGFuQGFsdW1uby5ldGVjLnVtLmVkdS5hciIsImlhdCI6MTY4MjY0MzMzNiwiZXhwIjoxNjgyNjQ2OTM2fQ.PH7LbA4sLyoUaX8TzTKqBoaYsuRNgJhbUgNmtx5ABdg - 27/4/2023
fatal: GET con /css/styles.css - 27/4/2023
fatal: GET con /js/recoverLanding.js - 27/4/2023
fatal: GET con /favicon.ico - 27/4/2023
fatal: POST con /api/session/recoverPassword - 27/4/2023
fatal: POST con /api/session/recoverPassword - 27/4/2023
fatal: GET con /recoverLanding/eyJhbGciOiJIUzI1NiIsInR5cCI6IkpXVCJ9.eyJlbWFpbCI6ImIuYmFzdGFuQGFsdW1uby5ldGVjLnVtLmVkdS5hciIsImlhdCI6MTY4MjY0MzMzNiwiZXhwIjoxNjgyNjQ2OTM2fQ.PH7LbA4sLyoUaX8TzTKqBoaYsuRNgJhbUgNmtx5ABdg - 27/4/2023
fatal: GET con /css/styles.css - 27/4/2023
fatal: GET con /js/recoverLanding.js - 27/4/2023
fatal: GET con /favicon.ico - 27/4/2023
fatal: POST con /api/session/recoverPassword - 27/4/2023
fatal: POST con /api/session/recoverPassword - 27/4/2023
fatal: POST con /api/session/recoverPassword - 27/4/2023
fatal: POST con /api/session/recoverPassword - 27/4/2023
fatal: POST con /api/session/recoverPassword - 27/4/2023
fatal: GET con /recoverLanding/eyJhbGciOiJIUzI1NiIsInR5cCI6IkpXVCJ9.eyJlbWFpbCI6ImIuYmFzdGFuQGFsdW1uby5ldGVjLnVtLmVkdS5hciIsImlhdCI6MTY4MjY0MzMzNiwiZXhwIjoxNjgyNjQ2OTM2fQ.PH7LbA4sLyoUaX8TzTKqBoaYsuRNgJhbUgNmtx5ABdg - 27/4/2023
fatal: GET con /css/styles.css - 27/4/2023
fatal: GET con /js/recoverLanding.js - 27/4/2023
fatal: GET con /favicon.ico - 27/4/2023
fatal: POST con /api/session/recoverPassword - 27/4/2023
fatal: POST con /api/session/recoverPassword - 27/4/2023
fatal: POST con /api/session/recoverPassword - 27/4/2023
fatal: POST con /api/session/recoverPassword - 27/4/2023
fatal: POST con /api/session/recoverPassword - 27/4/2023
fatal: POST con /api/session/recoverPassword - 27/4/2023
fatal: POST con /api/session/recoverPassword - 27/4/2023
fatal: POST con /api/session/recoverPassword - 27/4/2023
fatal: POST con /api/session/recoverPassword - 27/4/2023
fatal: POST con /api/session/recoverPassword - 27/4/2023
fatal: GET con /recoverLanding/eyJhbGciOiJIUzI1NiIsInR5cCI6IkpXVCJ9.eyJlbWFpbCI6ImIuYmFzdGFuQGFsdW1uby5ldGVjLnVtLmVkdS5hciIsImlhdCI6MTY4MjY0MzMzNiwiZXhwIjoxNjgyNjQ2OTM2fQ.PH7LbA4sLyoUaX8TzTKqBoaYsuRNgJhbUgNmtx5ABdg - 27/4/2023
fatal: GET con /css/styles.css - 27/4/2023
fatal: GET con /js/recoverLanding.js - 27/4/2023
fatal: POST con /api/session/recoverPassword - 27/4/2023
fatal: GET con /favicon.ico - 27/4/2023
fatal: POST con /api/session/recoverPassword - 27/4/2023
fatal: GET con /recoverLanding/eyJhbGciOiJIUzI1NiIsInR5cCI6IkpXVCJ9.eyJlbWFpbCI6ImIuYmFzdGFuQGFsdW1uby5ldGVjLnVtLmVkdS5hciIsImlhdCI6MTY4MjY0MzMzNiwiZXhwIjoxNjgyNjQ2OTM2fQ.PH7LbA4sLyoUaX8TzTKqBoaYsuRNgJhbUgNmtx5ABdg - 27/4/2023
fatal: GET con /css/styles.css - 27/4/2023
fatal: GET con /js/recoverLanding.js - 27/4/2023
fatal: GET con /favicon.ico - 27/4/2023
fatal: POST con /api/session/recoverPassword - 27/4/2023
fatal: POST con /api/session/recoverPassword - 27/4/2023
