fatal: GET con / - 27/4/2023
fatal: GET con /css/styles.css - 27/4/2023
fatal: GET con /favicon.ico - 27/4/2023
fatal: GET con / - 27/4/2023
fatal: GET con /css/styles.css - 27/4/2023
fatal: GET con /favicon.ico - 27/4/2023
fatal: GET con /login - 27/4/2023
fatal: GET con /css/styles.css - 27/4/2023
fatal: GET con /js/login.js - 27/4/2023
fatal: GET con /favicon.ico - 27/4/2023
fatal: GET con /login - 27/4/2023
fatal: GET con /css/styles.css - 27/4/2023
fatal: GET con /js/login.js - 27/4/2023
fatal: GET con /favicon.ico - 27/4/2023
fatal: GET con /register - 27/4/2023
fatal: GET con /css/styles.css - 27/4/2023
fatal: GET con /js/register.js - 27/4/2023
fatal: GET con /favicon.ico - 27/4/2023
fatal: GET con /login - 27/4/2023
fatal: GET con /css/styles.css - 27/4/2023
fatal: GET con /js/login.js - 27/4/2023
fatal: GET con /favicon.ico - 27/4/2023
fatal: GET con /register - 27/4/2023
fatal: GET con /css/styles.css - 27/4/2023
fatal: GET con /js/register.js - 27/4/2023
fatal: GET con /favicon.ico - 27/4/2023
fatal: POST con /api/session/register - 27/4/2023
fatal: GET con /login - 27/4/2023
fatal: GET con /css/styles.css - 27/4/2023
fatal: GET con /js/login.js - 27/4/2023
fatal: GET con /favicon.ico - 27/4/2023
fatal: POST con /api/session/login - 27/4/2023
fatal: GET con /css/styles.css - 27/4/2023
fatal: POST con /api/session/login - 27/4/2023
fatal: GET con /login - 27/4/2023
fatal: GET con /css/styles.css - 27/4/2023
fatal: GET con /js/login.js - 27/4/2023
fatal: GET con /favicon.ico - 27/4/2023
fatal: POST con /api/session/login - 27/4/2023
fatal: POST con /api/session/login - 27/4/2023
fatal: GET con / - 27/4/2023
fatal: GET con /css/styles.css - 27/4/2023
fatal: GET con /favicon.ico - 27/4/2023
fatal: GET con /favicon.ico - 27/4/2023
fatal: GET con /css/styles.css - 27/4/2023
fatal: POST con /api/session/register - 27/4/2023
fatal: GET con /login - 27/4/2023
fatal: GET con /css/styles.css - 27/4/2023
fatal: GET con /js/login.js - 27/4/2023
fatal: GET con /favicon.ico - 27/4/2023
fatal: POST con /api/session/login - 27/4/2023
fatal: GET con / - 27/4/2023
fatal: GET con /css/styles.css - 27/4/2023
fatal: GET con /favicon.ico - 27/4/2023
fatal: GET con /chat - 27/4/2023
fatal: GET con /css/styles.css - 27/4/2023
fatal: GET con /js/chat.js - 27/4/2023
fatal: GET con /api/session/current - 27/4/2023
fatal: GET con /favicon.ico - 27/4/2023
fatal: GET con /user - 27/4/2023
fatal: GET con /css/styles.css - 27/4/2023
fatal: GET con /js/logout.js - 27/4/2023
fatal: GET con /favicon.ico - 27/4/2023
fatal: GET con /api/session/current - 27/4/2023
fatal: GET con /favicon.ico - 27/4/2023
fatal: GET con /api/session/current - 27/4/2023
fatal: GET con /favicon.ico - 27/4/2023
fatal: POST con /api/session/logout - 27/4/2023
fatal: GET con /login - 27/4/2023
fatal: GET con /css/styles.css - 27/4/2023
fatal: GET con /js/login.js - 27/4/2023
fatal: GET con /favicon.ico - 27/4/2023
fatal: GET con /register - 27/4/2023
fatal: GET con /css/styles.css - 27/4/2023
fatal: GET con /js/register.js - 27/4/2023
fatal: GET con /favicon.ico - 27/4/2023
fatal: GET con /login - 27/4/2023
fatal: GET con /css/styles.css - 27/4/2023
fatal: GET con /js/login.js - 27/4/2023
fatal: GET con /favicon.ico - 27/4/2023
fatal: GET con /login - 27/4/2023
fatal: GET con /css/styles.css - 27/4/2023
fatal: GET con /js/login.js - 27/4/2023
fatal: GET con /favicon.ico - 27/4/2023
fatal: GET con /recover - 27/4/2023
fatal: GET con /css/styles.css - 27/4/2023
fatal: GET con /favicon.ico - 27/4/2023
fatal: GET con /login - 27/4/2023
fatal: GET con /css/styles.css - 27/4/2023
fatal: GET con /js/login.js - 27/4/2023
fatal: GET con /favicon.ico - 27/4/2023
fatal: GET con /recover - 27/4/2023
fatal: GET con /js/recover.js - 27/4/2023
fatal: GET con /favicon.ico - 27/4/2023
fatal: GET con /recover - 27/4/2023
fatal: GET con /css/styles.css - 27/4/2023
fatal: GET con /js/recover.js - 27/4/2023
fatal: GET con /favicon.ico - 27/4/2023
fatal: GET con /recover - 27/4/2023
fatal: GET con /css/styles.css - 27/4/2023
fatal: GET con /js/recover.js - 27/4/2023
fatal: GET con /favicon.ico - 27/4/2023
fatal: GET con /recover - 27/4/2023
fatal: GET con /css/styles.css - 27/4/2023
fatal: GET con /js/recover.js - 27/4/2023
fatal: GET con /favicon.ico - 27/4/2023
fatal: GET con /recover - 27/4/2023
fatal: GET con /css/styles.css - 27/4/2023
fatal: GET con /js/recover.js - 27/4/2023
fatal: GET con /favicon.ico - 27/4/2023
fatal: GET con /recover - 27/4/2023
fatal: GET con /css/styles.css - 27/4/2023
fatal: GET con /js/recover.js - 27/4/2023
fatal: GET con /favicon.ico - 27/4/2023
fatal: GET con /recover - 27/4/2023
fatal: GET con /css/styles.css - 27/4/2023
fatal: GET con /js/recover.js - 27/4/2023
fatal: GET con /favicon.ico - 27/4/2023
fatal: GET con /recover - 27/4/2023
fatal: GET con /css/styles.css - 27/4/2023
fatal: GET con /js/recover.js - 27/4/2023
fatal: GET con /favicon.ico - 27/4/2023
fatal: GET con /login - 27/4/2023
fatal: GET con /css/styles.css - 27/4/2023
fatal: GET con /js/login.js - 27/4/2023
fatal: GET con /favicon.ico - 27/4/2023
fatal: GET con /login - 27/4/2023
fatal: GET con /css/styles.css - 27/4/2023
fatal: GET con /js/login.js - 27/4/2023
fatal: GET con /favicon.ico - 27/4/2023
fatal: GET con /recover - 27/4/2023
fatal: GET con /css/styles.css - 27/4/2023
fatal: GET con /js/recover.js - 27/4/2023
fatal: GET con /favicon.ico - 27/4/2023
fatal: GET con /recover - 27/4/2023
fatal: GET con /css/styles.css - 27/4/2023
fatal: GET con /js/recover.js - 27/4/2023
fatal: GET con /favicon.ico - 27/4/2023
fatal: GET con /recover - 27/4/2023
fatal: GET con /css/styles.css - 27/4/2023
fatal: GET con /js/recover.js - 27/4/2023
fatal: GET con /favicon.ico - 27/4/2023
fatal: GET con /recover - 27/4/2023
fatal: GET con /css/styles.css - 27/4/2023
fatal: GET con /js/recover.js - 27/4/2023
fatal: GET con /favicon.ico - 27/4/2023
fatal: GET con /register - 27/4/2023
fatal: GET con /css/styles.css - 27/4/2023
fatal: GET con /js/register.js - 27/4/2023
fatal: GET con /favicon.ico - 27/4/2023
fatal: GET con /login - 27/4/2023
fatal: GET con /css/styles.css - 27/4/2023
fatal: GET con /js/login.js - 27/4/2023
fatal: GET con /favicon.ico - 27/4/2023
fatal: GET con /recover - 27/4/2023
fatal: GET con /css/styles.css - 27/4/2023
fatal: GET con /js/recover.js - 27/4/2023
fatal: GET con /favicon.ico - 27/4/2023
fatal: GET con /recover - 27/4/2023
fatal: GET con /css/styles.css - 27/4/2023
fatal: GET con /js/recover.js - 27/4/2023
fatal: GET con /favicon.ico - 27/4/2023
fatal: POST con /api/session/recover - 27/4/2023
fatal: POST con /api/session/recover - 27/4/2023
fatal: undefined
fatal: GET con /css/styles.css - 27/4/2023
fatal: GET con /recover - 27/4/2023
fatal: GET con /css/styles.css - 27/4/2023
fatal: GET con /js/recover.js - 27/4/2023
fatal: GET con /favicon.ico - 27/4/2023
fatal: POST con /api/session/recover - 27/4/2023
fatal: undefined
fatal: POST con /api/session/recover - 27/4/2023
fatal: undefined
fatal: GET con /recover - 27/4/2023
fatal: GET con /css/styles.css - 27/4/2023
fatal: GET con /js/recover.js - 27/4/2023
fatal: GET con /favicon.ico - 27/4/2023
fatal: POST con /api/session/recover - 27/4/2023
fatal: GET con /recoverLanding/eyJhbGciOiJIUzI1NiIsInR5cCI6IkpXVCJ9.eyJlbWFpbCI6ImJlbmphYmFzdGFuQGdtYWlsLmNvbSIsImlhdCI6MTY4MjYzNjAyNSwiZXhwIjoxNjgyNjM5NjI1fQ.Yl6ZHuXAOelNytdZ9l0vREvu1tE5hcgRCXO0aLslAF0 - 27/4/2023
fatal: GET con /css/styles.css - 27/4/2023
fatal: GET con /recoverLanding/js/recover.js - 27/4/2023
fatal: GET con /favicon.ico - 27/4/2023
fatal: GET con /recover - 27/4/2023
fatal: GET con /css/styles.css - 27/4/2023
fatal: GET con /js/recover.js - 27/4/2023
fatal: GET con /favicon.ico - 27/4/2023
fatal: POST con /api/session/recover - 27/4/2023
fatal: undefined
fatal: GET con /recover - 27/4/2023
fatal: GET con /css/styles.css - 27/4/2023
fatal: GET con /js/recover.js - 27/4/2023
fatal: GET con /favicon.ico - 27/4/2023
fatal: POST con /api/session/recover - 27/4/2023
fatal: undefined
fatal: GET con /recover - 27/4/2023
fatal: GET con /css/styles.css - 27/4/2023
fatal: GET con /js/recover.js - 27/4/2023
fatal: GET con /favicon.ico - 27/4/2023
fatal: POST con /api/session/recover - 27/4/2023
fatal: undefined
fatal: GET con /recover - 27/4/2023
fatal: GET con /css/styles.css - 27/4/2023
fatal: GET con /js/recover.js - 27/4/2023
fatal: GET con /favicon.ico - 27/4/2023
fatal: POST con /api/session/recover - 27/4/2023
fatal: undefined
fatal: GET con /recover - 27/4/2023
fatal: GET con /css/styles.css - 27/4/2023
fatal: GET con /js/recover.js - 27/4/2023
fatal: GET con /favicon.ico - 27/4/2023
fatal: POST con /api/session/recover - 27/4/2023
fatal: POST con /api/session/recover - 27/4/2023
fatal: POST con /api/session/recover - 27/4/2023
fatal: POST con /api/session/recover - 27/4/2023
fatal: GET con /recover - 27/4/2023
fatal: GET con /css/styles.css - 27/4/2023
fatal: GET con /js/recover.js - 27/4/2023
fatal: GET con /favicon.ico - 27/4/2023
fatal: POST con /api/session/recover - 27/4/2023
fatal: POST con /api/session/recover - 27/4/2023
fatal: GET con /recover - 27/4/2023
fatal: GET con /css/styles.css - 27/4/2023
fatal: GET con /js/recover.js - 27/4/2023
fatal: GET con /favicon.ico - 27/4/2023
fatal: POST con /api/session/recover - 27/4/2023
fatal: POST con /api/session/recover - 27/4/2023
fatal: GET con /recoverLanding/eyJhbGciOiJIUzI1NiIsInR5cCI6IkpXVCJ9.eyJlbWFpbCI6ImJlbmphYmFzdGFuQGdtYWlsLmNvbSIsImlhdCI6MTY4MjYzNjAyNSwiZXhwIjoxNjgyNjM5NjI1fQ.Yl6ZHuXAOelNytdZ9l0vREvu1tE5hcgRCXO0aLslAF0 - 27/4/2023
fatal: GET con /css/styles.css - 27/4/2023
fatal: GET con /recoverLanding/eyJhbGciOiJIUzI1NiIsInR5cCI6IkpXVCJ9.eyJlbWFpbCI6ImJlbmphYmFzdGFuQGdtYWlsLmNvbSIsImlhdCI6MTY4MjYzNjAyNSwiZXhwIjoxNjgyNjM5NjI1fQ.Yl6ZHuXAOelNytdZ9l0vREvu1tE5hcgRCXO0aLslAF0 - 27/4/2023
fatal: GET con /recoverLanding/eyJhbGciOiJIUzI1NiIsInR5cCI6IkpXVCJ9.eyJlbWFpbCI6ImJlbmphYmFzdGFuQGdtYWlsLmNvbSIsImlhdCI6MTY4MjYzNjAyNSwiZXhwIjoxNjgyNjM5NjI1fQ.Yl6ZHuXAOelNytdZ9l0vREvu1tE5hcgRCXO0aLslAF0 - 27/4/2023
fatal: GET con /recoverLanding/eyJhbGciOiJIUzI1NiIsInR5cCI6IkpXVCJ9.eyJlbWFpbCI6ImJlbmphYmFzdGFuQGdtYWlsLmNvbSIsImlhdCI6MTY4MjYzNjAyNSwiZXhwIjoxNjgyNjM5NjI1fQ.Yl6ZHuXAOelNytdZ9l0vREvu1tE5hcgRCXO0aLslAF0 - 27/4/2023
fatal: GET con /recoverLanding/eyJhbGciOiJIUzI1NiIsInR5cCI6IkpXVCJ9.eyJlbWFpbCI6ImJlbmphYmFzdGFuQGdtYWlsLmNvbSIsImlhdCI6MTY4MjYzNjAyNSwiZXhwIjoxNjgyNjM5NjI1fQ.Yl6ZHuXAOelNytdZ9l0vREvu1tE5hcgRCXO0aLslAF0 - 27/4/2023
fatal: GET con /recoverLanding/eyJhbGciOiJIUzI1NiIsInR5cCI6IkpXVCJ9.eyJlbWFpbCI6ImJlbmphYmFzdGFuQGdtYWlsLmNvbSIsImlhdCI6MTY4MjYzNjAyNSwiZXhwIjoxNjgyNjM5NjI1fQ.Yl6ZHuXAOelNytdZ9l0vREvu1tE5hcgRCXO0aLslAF0 - 27/4/2023
fatal: GET con /recoverLanding/eyJhbGciOiJIUzI1NiIsInR5cCI6IkpXVCJ9.eyJlbWFpbCI6ImJlbmphYmFzdGFuQGdtYWlsLmNvbSIsImlhdCI6MTY4MjYzNjAyNSwiZXhwIjoxNjgyNjM5NjI1fQ.Yl6ZHuXAOelNytdZ9l0vREvu1tE5hcgRCXO0aLslAF0 - 27/4/2023
fatal: GET con /css/styles.css - 27/4/2023
fatal: GET con /recoverLanding/js/recover.js - 27/4/2023
fatal: GET con /recoverLanding/eyJhbGciOiJIUzI1NiIsInR5cCI6IkpXVCJ9.eyJlbWFpbCI6ImJlbmphYmFzdGFuQGdtYWlsLmNvbSIsImlhdCI6MTY4MjYzNjAyNSwiZXhwIjoxNjgyNjM5NjI1fQ.Yl6ZHuXAOelNytdZ9l0vREvu1tE5hcgRCXO0aLslAF0 - 27/4/2023
fatal: GET con /css/styles.css - 27/4/2023
fatal: GET con /recoverLanding/js/recover.js - 27/4/2023
fatal: GET con /favicon.ico - 27/4/2023
fatal: GET con /recoverLanding/eyJhbGciOiJIUzI1NiIsInR5cCI6IkpXVCJ9.eyJlbWFpbCI6ImJlbmphYmFzdGFuQGdtYWlsLmNvbSIsImlhdCI6MTY4MjYzNjAyNSwiZXhwIjoxNjgyNjM5NjI1fQ.Yl6ZHuXAOelNytdZ9l0vREvu1tE5hcgRCXO0aLslAF0 - 27/4/2023
fatal: GET con /css/styles.css - 27/4/2023
fatal: GET con /recoverLanding/eyJhbGciOiJIUzI1NiIsInR5cCI6IkpXVCJ9.eyJlbWFpbCI6ImJlbmphYmFzdGFuQGdtYWlsLmNvbSIsImlhdCI6MTY4MjYzNjAyNSwiZXhwIjoxNjgyNjM5NjI1fQ.Yl6ZHuXAOelNytdZ9l0vREvu1tE5hcgRCXO0aLslAF0 - 27/4/2023
fatal: GET con /recoverLanding/eyJhbGciOiJIUzI1NiIsInR5cCI6IkpXVCJ9.eyJlbWFpbCI6ImJlbmphYmFzdGFuQGdtYWlsLmNvbSIsImlhdCI6MTY4MjYzNjAyNSwiZXhwIjoxNjgyNjM5NjI1fQ.Yl6ZHuXAOelNytdZ9l0vREvu1tE5hcgRCXO0aLslAF0 - 27/4/2023
fatal: GET con /recoverLanding/eyJhbGciOiJIUzI1NiIsInR5cCI6IkpXVCJ9.eyJlbWFpbCI6ImJlbmphYmFzdGFuQGdtYWlsLmNvbSIsImlhdCI6MTY4MjYzNjAyNSwiZXhwIjoxNjgyNjM5NjI1fQ.Yl6ZHuXAOelNytdZ9l0vREvu1tE5hcgRCXO0aLslAF0 - 27/4/2023
fatal: GET con /recoverLanding/1321 - 27/4/2023
fatal: GET con /recoverLanding/eyJhbGciOiJIUzI1NiIsInR5cCI6IkpXVCJ9.eyJlbWFpbCI6ImJlbmphYmFzdGFuQGdtYWlsLmNvbSIsImlhdCI6MTY4MjYzNjAyNSwiZXhwIjoxNjgyNjM5NjI1fQ.Yl6ZHuXAOelNytdZ9l0vREvu1tE5hcgRCXO0aLslAF0 - 27/4/2023
fatal: GET con /recoverLanding/eyJhbGciOiJIUzI1NiIsInR5cCI6IkpXVCJ9.eyJlbWFpbCI6ImJlbmphYmFzdGFuQGdtYWlsLmNvbSIsImlhdCI6MTY4MjYzNjAyNSwiZXhwIjoxNjgyNjM5NjI1fQ.Yl6ZHuXAOelNytdZ9l0vREvu1tE5hcgRCXO0aLslAF0 - 27/4/2023
fatal: GET con /recoverLanding/eyJhbGciOiJIUzI1NiIsInR5cCI6IkpXVCJ9.eyJlbWFpbCI6ImJlbmphYmFzdGFuQGdtYWlsLmNvbSIsImlhdCI6MTY4MjYzNjAyNSwiZXhwIjoxNjgyNjM5NjI1fQ.Yl6ZHuXAOelNytdZ9l0vREvu1tE5hcgRCXO0aLslAF0 - 27/4/2023
fatal: GET con /recoverLanding/eyJhbGciOiJIUzI1NiIsInR5cCI6IkpXVCJ9.eyJlbWFpbCI6ImJlbmphYmFzdGFuQGdtYWlsLmNvbSIsImlhdCI6MTY4MjYzNjAyNSwiZXhwIjoxNjgyNjM5NjI1fQ.Yl6ZHuXAOelNytdZ9l0vREvu1tE5hcgRCXO0aLslAF0 - 27/4/2023
fatal: GET con /recoverLanding/eyJhbGciOiJIUzI1NiIsInR5cCI6IkpXVCJ9.eyJlbWFpbCI6ImJlbmphYmFzdGFuQGdtYWlsLmNvbSIsImlhdCI6MTY4MjYzNjAyNSwiZXhwIjoxNjgyNjM5NjI1fQ.Yl6ZHuXAOelNytdZ9l0vREvu1tE5hcgRCXO0aLslAF0 - 27/4/2023
fatal: GET con /recoverLanding/eyJhbGciOiJIUzI1NiIsInR5cCI6IkpXVCJ9.eyJlbWFpbCI6ImJlbmphYmFzdGFuQGdtYWlsLmNvbSIsImlhdCI6MTY4MjYzNjAyNSwiZXhwIjoxNjgyNjM5NjI1fQ.Yl6ZHuXAOelNytdZ9l0vREvu1tE5hcgRCXO0aLslAF0 - 27/4/2023
fatal: GET con /recoverLanding/eyJhbGciOiJIUzI1NiIsInR5cCI6IkpXVCJ9.eyJlbWFpbCI6ImJlbmphYmFzdGFuQGdtYWlsLmNvbSIsImlhdCI6MTY4MjYzNjAyNSwiZXhwIjoxNjgyNjM5NjI1fQ.Yl6ZHuXAOelNytdZ9l0vREvu1tE5hcgRCXO0aLslAF0 - 27/4/2023
fatal: GET con /recoverLanding/eyJhbGciOiJIUzI1NiIsInR5cCI6IkpXVCJ9.eyJlbWFpbCI6ImJlbmphYmFzdGFuQGdtYWlsLmNvbSIsImlhdCI6MTY4MjYzNjAyNSwiZXhwIjoxNjgyNjM5NjI1fQ.Yl6ZHuXAOelNytdZ9l0vREvu1tE5hcgRCXO0aLslAF0 - 27/4/2023
fatal: GET con /recoverLanding/eyJhbGciOiJIUzI1NiIsInR5cCI6IkpXVCJ9.eyJlbWFpbCI6ImJlbmphYmFzdGFuQGdtYWlsLmNvbSIsImlhdCI6MTY4MjYzNjAyNSwiZXhwIjoxNjgyNjM5NjI1fQ.Yl6ZHuXAOelNytdZ9l0vREvu1tE5hcgRCXO0aLslAF0 - 27/4/2023
fatal: GET con /recoverLanding/eyJhbGciOiJIUzI1NiIsInR5cCI6IkpXVCJ9.eyJlbWFpbCI6ImJlbmphYmFzdGFuQGdtYWlsLmNvbSIsImlhdCI6MTY4MjYzNjAyNSwiZXhwIjoxNjgyNjM5NjI1fQ.Yl6ZHuXAOelNytdZ9l0vREvu1tE5hcgRCXO0aLslAF0 - 27/4/2023
fatal: GET con /recoverLanding/eyJhbGciOiJIUzI1NiIsInR5cCI6IkpXVCJ9.eyJlbWFpbCI6ImJlbmphYmFzdGFuQGdtYWlsLmNvbSIsImlhdCI6MTY4MjYzNjAyNSwiZXhwIjoxNjgyNjM5NjI1fQ.Yl6ZHuXAOelNytdZ9l0vREvu1tE5hcgRCXO0aLslAF0 - 27/4/2023
fatal: GET con /css/styles.css - 27/4/2023
fatal: GET con /favicon.ico - 27/4/2023
fatal: GET con /recoverLanding/eyJhbGciOiJIUzI1NiIsInR5cCI6IkpXVCJ9.eyJlbWFpbCI6ImJlbmphYmFzdGFuQGdtYWlsLmNvbSIsImlhdCI6MTY4MjYzNjAyNSwiZXhwIjoxNjgyNjM5NjI1fQ.Yl6ZHuXAOelNytdZ9l0vREvu1tE5hcgRCXO0aLslAF0 - 27/4/2023
fatal: GET con /css/styles.css - 27/4/2023
fatal: GET con /favicon.ico - 27/4/2023
fatal: GET con /recoverLanding/eyJhbGciOiJIUzI1NiIsInR5cCI6IkpXVCJ9.eyJlbWFpbCI6ImJlbmphYmFzdGFuQGdtYWlsLmNvbSIsImlhdCI6MTY4MjYzNjAyNSwiZXhwIjoxNjgyNjM5NjI1fQ.Yl6ZHuXAOelNytdZ9l0vREvu1tE5hcgRCXO0aLslAF0 - 27/4/2023
fatal: GET con /css/styles.css - 27/4/2023
fatal: GET con /favicon.ico - 27/4/2023
fatal: GET con /recoverLanding/eyJhbGciOiJIUzI1NiIsInR5cCI6IkpXVCJ9.eyJlbWFpbCI6ImJlbmphYmFzdGFuQGdtYWlsLmNvbSIsImlhdCI6MTY4MjYzNjAyNSwiZXhwIjoxNjgyNjM5NjI1fQ.Yl6ZHuXAOelNytdZ9l0vREvu1tE5hcgRCXO0aLslAF0 - 27/4/2023
fatal: GET con /css/styles.css - 27/4/2023
fatal: GET con /favicon.ico - 27/4/2023
fatal: GET con /recoverLanding/eyJhbGciOiJIUzI1NiIsInR5cCI6IkpXVCJ9.eyJlbWFpbCI6ImJlbmphYmFzdGFuQGdtYWlsLmNvbSIsImlhdCI6MTY4MjYzNjAyNSwiZXhwIjoxNjgyNjM5NjI1fQ.Yl6ZHuXAOelNytdZ9l0vREvu1tE5hcgRCXO0aLslAF0 - 27/4/2023
fatal: GET con /css/styles.css - 27/4/2023
fatal: GET con /favicon.ico - 27/4/2023
fatal: GET con /recoverLanding/eyJhbGciOiJIUzI1NiIsInR5cCI6IkpXVCJ9.eyJlbWFpbCI6ImJlbmphYmFzdGFuQGdtYWlsLmNvbSIsImlhdCI6MTY4MjYzNjAyNSwiZXhwIjoxNjgyNjM5NjI1fQ.Yl6ZHuXAOelNytdZ9l0vREvu1tE5hcgRCXO0aLslAF0 - 27/4/2023
fatal: GET con /css/styles.css - 27/4/2023
fatal: GET con /favicon.ico - 27/4/2023
fatal: GET con /recoverLanding/eyJhbGciOiJIUzI1NiIsInR5cCI6IkpXVCJ9.eyJlbWFpbCI6ImJlbmphYmFzdGFuQGdtYWlsLmNvbSIsImlhdCI6MTY4MjYzNjAyNSwiZXhwIjoxNjgyNjM5NjI1fQ.Yl6ZHuXAOelNytdZ9l0vREvu1tE5hcgRCXO0aLslAF0 - 27/4/2023
fatal: GET con /css/styles.css - 27/4/2023
fatal: GET con /favicon.ico - 27/4/2023
fatal: GET con /recoverLanding/eyJhbGciOiJIUzI1NiIsInR5cCI6IkpXVCJ9.eyJlbWFpbCI6ImJlbmphYmFzdGFuQGdtYWlsLmNvbSIsImlhdCI6MTY4MjYzNjAyNSwiZXhwIjoxNjgyNjM5NjI1fQ.Yl6ZHuXAOelNytdZ9l0vREvu1tE5hcgRCXO0aLslAF0 - 27/4/2023
fatal: GET con /css/styles.css - 27/4/2023
fatal: GET con /favicon.ico - 27/4/2023
fatal: GET con /recoverLanding/eyJhbGciOiJIUzI1NiIsInR5cCI6IkpXVCJ9.eyJlbWFpbCI6ImJlbmphYmFzdGFuQGdtYWlsLmNvbSIsImlhdCI6MTY4MjYzNjAyNSwiZXhwIjoxNjgyNjM5NjI1fQ.Yl6ZHuXAOelNytdZ9l0vREvu1tE5hcgRCXO0aLslAF0 - 27/4/2023
fatal: GET con /css/styles.css - 27/4/2023
fatal: GET con /favicon.ico - 27/4/2023
fatal: GET con / - 27/4/2023
fatal: GET con /css/styles.css - 27/4/2023
fatal: GET con /favicon.ico - 27/4/2023
fatal: GET con /login - 27/4/2023
fatal: GET con /css/styles.css - 27/4/2023
fatal: GET con /js/login.js - 27/4/2023
fatal: GET con /favicon.ico - 27/4/2023
fatal: GET con /recover - 27/4/2023
fatal: GET con /css/styles.css - 27/4/2023
fatal: GET con /js/recover.js - 27/4/2023
fatal: GET con /favicon.ico - 27/4/2023
fatal: POST con /api/session/recover - 27/4/2023
fatal: GET con /recoverLanding/eyJhbGciOiJIUzI1NiIsInR5cCI6IkpXVCJ9.eyJlbWFpbCI6ImJlbmphYmFzdGFuQGdtYWlsLmNvbSIsImlhdCI6MTY4MjYzOTg3OSwiZXhwIjoxNjgyNjQzNDc5fQ.iP4zmNl_ahIk2AtX0CEyjJT8VNpWWqiM90F-S0JDuag - 27/4/2023
fatal: GET con /css/styles.css - 27/4/2023
fatal: GET con /favicon.ico - 27/4/2023
fatal: GET con /recoverLanding/eyJhbGciOiJIUzI1NiIsInR5cCI6IkpXVCJ9.eyJlbWFpbCI6ImJlbmphYmFzdGFuQGdtYWlsLmNvbSIsImlhdCI6MTY4MjYzNjAyNSwiZXhwIjoxNjgyNjM5NjI1fQ.Yl6ZHuXAOelNytdZ9l0vREvu1tE5hcgRCXO0aLslAF0 - 27/4/2023
fatal: GET con /css/styles.css - 27/4/2023
fatal: GET con /favicon.ico - 27/4/2023
fatal: GET con /recoverLanding/eyJhbGciOiJIUzI1NiIsInR5cCI6IkpXVCJ9.eyJlbWFpbCI6ImJlbmphYmFzdGFuQGdtYWlsLmNvbSIsImlhdCI6MTY4MjYzOTg3OSwiZXhwIjoxNjgyNjQzNDc5fQ.iP4zmNl_ahIk2AtX0CEyjJT8VNpWWqiM90F-S0JDuag - 27/4/2023
fatal: GET con /css/styles.css - 27/4/2023
fatal: GET con /favicon.ico - 27/4/2023
fatal: GET con /recoverLanding/eyJhbGciOiJIUzI1NiIsInR5cCI6IkpXVCJ9.eyJlbWFpbCI6ImJlbmphYmFzdGFuQGdtYWlsLmNvbSIsImlhdCI6MTY4MjYzNjAyNSwiZXhwIjoxNjgyNjM5NjI1fQ.Yl6ZHuXAOelNytdZ9l0vREvu1tE5hcgRCXO0aLslAF0 - 27/4/2023
fatal: GET con /css/styles.css - 27/4/2023
fatal: GET con /favicon.ico - 27/4/2023
fatal: GET con /recoverLanding/eyJhbGciOiJIUzI1NiIsInR5cCI6IkpXVCJ9.eyJlbWFpbCI6ImJlbmphYmFzdGFuQGdtYWlsLmNvbSIsImlhdCI6MTY4MjYzNjAyNSwiZXhwIjoxNjgyNjM5NjI1fQ.Yl6ZHuXAOelNytdZ9l0vREvu1tE5hcgRCXO0aLslAF0 - 27/4/2023
fatal: GET con /css/styles.css - 27/4/2023
fatal: GET con /favicon.ico - 27/4/2023
fatal: GET con /recoverLanding/eyJhbGciOiJIUzI1NiIsInR5cCI6IkpXVCJ9.eyJlbWFpbCI6ImJlbmphYmFzdGFuQGdtYWlsLmNvbSIsImlhdCI6MTY4MjYzNjAyNSwiZXhwIjoxNjgyNjM5NjI1fQ.Yl6ZHuXAOelNytdZ9l0vREvu1tE5hcgRCXO0aLslAF0 - 27/4/2023
fatal: GET con /css/styles.css - 27/4/2023
fatal: GET con /favicon.ico - 27/4/2023
fatal: GET con /recoverLanding/eyJhbGciOiJIUzI1NiIsInR5cCI6IkpXVCJ9.eyJlbWFpbCI6ImJlbmphYmFzdGFuQGdtYWlsLmNvbSIsImlhdCI6MTY4MjYzNjAyNSwiZXhwIjoxNjgyNjM5NjI1fQ.Yl6ZHuXAOelNytdZ9l0vREvu1tE5hcgRCXO0aLslAF0 - 27/4/2023
fatal: GET con /css/styles.css - 27/4/2023
fatal: GET con /favicon.ico - 27/4/2023
fatal: GET con /recoverLanding/eyJhbGciOiJIUzI1NiIsInR5cCI6IkpXVCJ9.eyJlbWFpbCI6ImJlbmphYmFzdGFuQGdtYWlsLmNvbSIsImlhdCI6MTY4MjYzNjAyNSwiZXhwIjoxNjgyNjM5NjI1fQ.Yl6ZHuXAOelNytdZ9l0vREvu1tE5hcgRCXO0aLslAF0 - 27/4/2023
fatal: GET con /css/styles.css - 27/4/2023
fatal: GET con /favicon.ico - 27/4/2023
fatal: GET con /recoverLanding/eyJhbGciOiJIUzI1NiIsInR5cCI6IkpXVCJ9.eyJlbWFpbCI6ImJlbmphYmFzdGFuQGdtYWlsLmNvbSIsImlhdCI6MTY4MjYzNjAyNSwiZXhwIjoxNjgyNjM5NjI1fQ.Yl6ZHuXAOelNytdZ9l0vREvu1tE5hcgRCXO0aLslAF0 - 27/4/2023
fatal: GET con /css/styles.css - 27/4/2023
fatal: GET con /favicon.ico - 27/4/2023
fatal: GET con /recoverLanding/eyJhbGciOiJIUzI1NiIsInR5cCI6IkpXVCJ9.eyJlbWFpbCI6ImJlbmphYmFzdGFuQGdtYWlsLmNvbSIsImlhdCI6MTY4MjYzNjAyNSwiZXhwIjoxNjgyNjM5NjI1fQ.Yl6ZHuXAOelNytdZ9l0vREvu1tE5hcgRCXO0aLslAF0 - 27/4/2023
fatal: GET con /css/styles.css - 27/4/2023
fatal: GET con /favicon.ico - 27/4/2023
fatal: GET con /recoverLanding/eyJhbGciOiJIUzI1NiIsInR5cCI6IkpXVCJ9.eyJlbWFpbCI6ImJlbmphYmFzdGFuQGdtYWlsLmNvbSIsImlhdCI6MTY4MjYzOTg3OSwiZXhwIjoxNjgyNjQzNDc5fQ.iP4zmNl_ahIk2AtX0CEyjJT8VNpWWqiM90F-S0JDuag - 27/4/2023
fatal: GET con /css/styles.css - 27/4/2023
fatal: GET con /favicon.ico - 27/4/2023
fatal: GET con /recoverLanding/eyJhbGciOiJIUzI1NiIsInR5cCI6IkpXVCJ9.eyJlbWFpbCI6ImJlbmphYmFzdGFuQGdtYWlsLmNvbSIsImlhdCI6MTY4MjYzOTg3OSwiZXhwIjoxNjgyNjQzNDc5fQ.iP4zmNl_ahIk2AtX0CEyjJT8VNpWWqiM90F-S0JDuag - 27/4/2023
fatal: GET con /css/styles.css - 27/4/2023
fatal: GET con /favicon.ico - 27/4/2023
fatal: GET con /recoverLanding/eyJhbGciOiJIUzI1NiIsInR5cCI6IkpXVCJ9.eyJlbWFpbCI6ImJlbmphYmFzdGFuQGdtYWlsLmNvbSIsImlhdCI6MTY4MjYzNjAyNSwiZXhwIjoxNjgyNjM5NjI1fQ.Yl6ZHuXAOelNytdZ9l0vREvu1tE5hcgRCXO0aLslAF0 - 27/4/2023
fatal: GET con /css/styles.css - 27/4/2023
fatal: GET con /favicon.ico - 27/4/2023
fatal: GET con /recoverLanding/eyJhbGciOiJIUzI1NiIsInR5cCI6IkpXVCJ9.eyJlbWFpbCI6ImJlbmphYmFzdGFuQGdtYWlsLmNvbSIsImlhdCI6MTY4MjYzNjAyNSwiZXhwIjoxNjgyNjM5NjI1fQ.Yl6ZHuXAOelNytdZ9l0vREvu1tE5hcgRCXO0aLslAF0 - 27/4/2023
fatal: GET con /recoverLanding/eyJhbGciOiJIUzI1NiIsInR5cCI6IkpXVCJ9.eyJlbWFpbCI6ImJlbmphYmFzdGFuQGdtYWlsLmNvbSIsImlhdCI6MTY4MjYzNjAyNSwiZXhwIjoxNjgyNjM5NjI1fQ.Yl6ZHuXAOelNytdZ9l0vREvu1tE5hcgRCXO0aLslAF0 - 27/4/2023
fatal: GET con /recoverLanding/eyJhbGciOiJIUzI1NiIsInR5cCI6IkpXVCJ9.eyJlbWFpbCI6ImJlbmphYmFzdGFuQGdtYWlsLmNvbSIsImlhdCI6MTY4MjYzNjAyNSwiZXhwIjoxNjgyNjM5NjI1fQ.Yl6ZHuXAOelNytdZ9l0vREvu1tE5hcgRCXO0aLslAF0 - 27/4/2023
fatal: GET con /recoverLanding/eyJhbGciOiJIUzI1NiIsInR5cCI6IkpXVCJ9.eyJlbWFpbCI6ImJlbmphYmFzdGFuQGdtYWlsLmNvbSIsImlhdCI6MTY4MjYzNjAyNSwiZXhwIjoxNjgyNjM5NjI1fQ.Yl6ZHuXAOelNytdZ9l0vREvu1tE5hcgRCXO0aLslAF0 - 27/4/2023
fatal: GET con /recoverLanding/eyJhbGciOiJIUzI1NiIsInR5cCI6IkpXVCJ9.eyJlbWFpbCI6ImJlbmphYmFzdGFuQGdtYWlsLmNvbSIsImlhdCI6MTY4MjYzNjAyNSwiZXhwIjoxNjgyNjM5NjI1fQ.Yl6ZHuXAOelNytdZ9l0vREvu1tE5hcgRCXO0aLslAF0 - 27/4/2023
fatal: GET con /recoverLanding/eyJhbGciOiJIUzI1NiIsInR5cCI6IkpXVCJ9.eyJlbWFpbCI6ImJlbmphYmFzdGFuQGdtYWlsLmNvbSIsImlhdCI6MTY4MjYzNjAyNSwiZXhwIjoxNjgyNjM5NjI1fQ.Yl6ZHuXAOelNytdZ9l0vREvu1tE5hcgRCXO0aLslAF0 - 27/4/2023
fatal: GET con /recoverLanding/eyJhbGciOiJIUzI1NiIsInR5cCI6IkpXVCJ9.eyJlbWFpbCI6ImJlbmphYmFzdGFuQGdtYWlsLmNvbSIsImlhdCI6MTY4MjYzNjAyNSwiZXhwIjoxNjgyNjM5NjI1fQ.Yl6ZHuXAOelNytdZ9l0vREvu1tE5hcgRCXO0aLslAF0 - 27/4/2023
fatal: GET con /recoverLanding/eyJhbGciOiJIUzI1NiIsInR5cCI6IkpXVCJ9.eyJlbWFpbCI6ImJlbmphYmFzdGFuQGdtYWlsLmNvbSIsImlhdCI6MTY4MjYzNjAyNSwiZXhwIjoxNjgyNjM5NjI1fQ.Yl6ZHuXAOelNytdZ9l0vREvu1tE5hcgRCXO0aLslAF0 - 27/4/2023
fatal: if doesn't match else - 8:7 {"column":7,"endColumn":9,"endLineNumber":8,"lineNumber":8,"name":"Error"}
fatal: GET con /favicon.ico - 27/4/2023
fatal: GET con /recoverLanding/eyJhbGciOiJIUzI1NiIsInR5cCI6IkpXVCJ9.eyJlbWFpbCI6ImJlbmphYmFzdGFuQGdtYWlsLmNvbSIsImlhdCI6MTY4MjYzNjAyNSwiZXhwIjoxNjgyNjM5NjI1fQ.Yl6ZHuXAOelNytdZ9l0vREvu1tE5hcgRCXO0aLslAF0 - 27/4/2023
fatal: if doesn't match else - 8:7 {"column":7,"endColumn":9,"endLineNumber":8,"lineNumber":8,"name":"Error"}
fatal: GET con /favicon.ico - 27/4/2023
fatal: GET con /recoverLanding/eyJhbGciOiJIUzI1NiIsInR5cCI6IkpXVCJ9.eyJlbWFpbCI6ImJlbmphYmFzdGFuQGdtYWlsLmNvbSIsImlhdCI6MTY4MjYzNjAyNSwiZXhwIjoxNjgyNjM5NjI1fQ.Yl6ZHuXAOelNytdZ9l0vREvu1tE5hcgRCXO0aLslAF0 - 27/4/2023
fatal: GET con /css/styles.css - 27/4/2023
fatal: GET con /favicon.ico - 27/4/2023
fatal: GET con /recoverLanding/eyJhbGciOiJIUzI1NiIsInR5cCI6IkpXVCJ9.eyJlbWFpbCI6ImJlbmphYmFzdGFuQGdtYWlsLmNvbSIsImlhdCI6MTY4MjYzNjAyNSwiZXhwIjoxNjgyNjM5NjI1fQ.Yl6ZHuXAOelNytdZ9l0vREvu1tE5hcgRCXO0aLslAF0 - 27/4/2023
fatal: GET con /css/styles.css - 27/4/2023
fatal: GET con /favicon.ico - 27/4/2023
fatal: GET con /recoverLanding/eyJhbGciOiJIUzI1NiIsInR5cCI6IkpXVCJ9.eyJlbWFpbCI6ImJlbmphYmFzdGFuQGdtYWlsLmNvbSIsImlhdCI6MTY4MjYzNjAyNSwiZXhwIjoxNjgyNjM5NjI1fQ.Yl6ZHuXAOelNytdZ9l0vREvu1tE5hcgRCXO0aLslAF0 - 27/4/2023
fatal: GET con /css/styles.css - 27/4/2023
fatal: GET con /favicon.ico - 27/4/2023
fatal: GET con /recoverLanding/eyJhbGciOiJIUzI1NiIsInR5cCI6IkpXVCJ9.eyJlbWFpbCI6ImJlbmphYmFzdGFuQGdtYWlsLmNvbSIsImlhdCI6MTY4MjYzNjAyNSwiZXhwIjoxNjgyNjM5NjI1fQ.Yl6ZHuXAOelNytdZ9l0vREvu1tE5hcgRCXO0aLslAF0 - 27/4/2023
fatal: GET con /css/styles.css - 27/4/2023
fatal: GET con /favicon.ico - 27/4/2023
fatal: GET con /recoverLanding/eyJhbGciOiJIUzI1NiIsInR5cCI6IkpXVCJ9.eyJlbWFpbCI6ImJlbmphYmFzdGFuQGdtYWlsLmNvbSIsImlhdCI6MTY4MjYzOTg3OSwiZXhwIjoxNjgyNjQzNDc5fQ.iP4zmNl_ahIk2AtX0CEyjJT8VNpWWqiM90F-S0JDuag - 27/4/2023
fatal: GET con /css/styles.css - 27/4/2023
fatal: GET con /favicon.ico - 27/4/2023
fatal: GET con /login - 27/4/2023
fatal: GET con /css/styles.css - 27/4/2023
fatal: GET con /js/login.js - 27/4/2023
fatal: GET con /favicon.ico - 27/4/2023
fatal: GET con /recover - 27/4/2023
fatal: GET con /css/styles.css - 27/4/2023
fatal: GET con /js/recover.js - 27/4/2023
fatal: GET con /favicon.ico - 27/4/2023
fatal: GET con /recoverLanding/eyJhbGciOiJIUzI1NiIsInR5cCI6IkpXVCJ9.eyJlbWFpbCI6ImJlbmphYmFzdGFuQGdtYWlsLmNvbSIsImlhdCI6MTY4MjYzNjAyNSwiZXhwIjoxNjgyNjM5NjI1fQ.Yl6ZHuXAOelNytdZ9l0vREvu1tE5hcgRCXO0aLslAF0 - 27/4/2023
fatal: GET con /css/styles.css - 27/4/2023
fatal: GET con /favicon.ico - 27/4/2023
fatal: GET con / - 27/4/2023
fatal: GET con /css/styles.css - 27/4/2023
fatal: GET con /favicon.ico - 27/4/2023
fatal: GET con / - 27/4/2023
fatal: GET con /css/styles.css - 27/4/2023
fatal: GET con /favicon.ico - 27/4/2023
fatal: GET con /login - 27/4/2023
fatal: GET con /css/styles.css - 27/4/2023
fatal: GET con /js/login.js - 27/4/2023
fatal: GET con /favicon.ico - 27/4/2023
fatal: POST con /api/session/login - 27/4/2023
fatal: GET con /recover - 27/4/2023
fatal: GET con /css/styles.css - 27/4/2023
fatal: GET con /js/recover.js - 27/4/2023
fatal: GET con /favicon.ico - 27/4/2023
fatal: POST con /api/session/recover - 27/4/2023
fatal: POST con /api/session/recover - 27/4/2023
fatal: GET con /login - 27/4/2023
fatal: GET con /css/styles.css - 27/4/2023
fatal: GET con /js/login.js - 27/4/2023
fatal: GET con /favicon.ico - 27/4/2023
fatal: GET con /register - 27/4/2023
fatal: GET con /css/styles.css - 27/4/2023
fatal: GET con /js/register.js - 27/4/2023
fatal: GET con /favicon.ico - 27/4/2023
fatal: POST con /api/session/register - 27/4/2023
fatal: GET con /login - 27/4/2023
fatal: GET con /css/styles.css - 27/4/2023
fatal: GET con /js/login.js - 27/4/2023
fatal: GET con /favicon.ico - 27/4/2023
fatal: GET con /recover - 27/4/2023
fatal: GET con /css/styles.css - 27/4/2023
fatal: GET con /js/recover.js - 27/4/2023
fatal: GET con /favicon.ico - 27/4/2023
fatal: POST con /api/session/recover - 27/4/2023
fatal: GET con /recover - 27/4/2023
fatal: GET con /css/styles.css - 27/4/2023
fatal: GET con /js/recover.js - 27/4/2023
fatal: GET con /favicon.ico - 27/4/2023
fatal: POST con /api/session/recover - 27/4/2023
fatal: POST con /api/session/recover - 27/4/2023
fatal: GET con /login - 27/4/2023
fatal: GET con /css/styles.css - 27/4/2023
fatal: GET con /js/login.js - 27/4/2023
fatal: GET con /favicon.ico - 27/4/2023
fatal: POST con /api/session/login - 27/4/2023
fatal: GET con / - 27/4/2023
fatal: GET con /css/styles.css - 27/4/2023
fatal: GET con /favicon.ico - 27/4/2023
fatal: GET con /favicon.ico - 27/4/2023
fatal: POST con /api/session/recover - 27/4/2023
fatal: POST con /api/session/recover - 27/4/2023
fatal: POST con /api/session/recover - 27/4/2023
fatal: GET con /recover - 27/4/2023
fatal: GET con /css/styles.css - 27/4/2023
fatal: GET con /js/recover.js - 27/4/2023
fatal: GET con /favicon.ico - 27/4/2023
fatal: POST con /api/session/recover - 27/4/2023
fatal: GET con /recoverLanding/eyJhbGciOiJIUzI1NiIsInR5cCI6IkpXVCJ9.eyJlbWFpbCI6ImIuYmFzdGFuQGFsdW1uby5ldGVjLnVtLmVkdS5hciIsImlhdCI6MTY4MjY0MzMzNiwiZXhwIjoxNjgyNjQ2OTM2fQ.PH7LbA4sLyoUaX8TzTKqBoaYsuRNgJhbUgNmtx5ABdg - 27/4/2023
fatal: GET con /css/styles.css - 27/4/2023
fatal: GET con /js/recoverLanding.js - 27/4/2023
fatal: GET con /favicon.ico - 27/4/2023
fatal: GET con /css/styles.css - 27/4/2023
fatal: GET con /recoverLanding/eyJhbGciOiJIUzI1NiIsInR5cCI6IkpXVCJ9.eyJlbWFpbCI6ImIuYmFzdGFuQGFsdW1uby5ldGVjLnVtLmVkdS5hciIsImlhdCI6MTY4MjY0MzMzNiwiZXhwIjoxNjgyNjQ2OTM2fQ.PH7LbA4sLyoUaX8TzTKqBoaYsuRNgJhbUgNmtx5ABdg - 27/4/2023
fatal: GET con /css/styles.css - 27/4/2023
fatal: GET con /js/recoverLanding.js - 27/4/2023
fatal: GET con /favicon.ico - 27/4/2023
fatal: GET con /recoverLanding/eyJhbGciOiJIUzI1NiIsInR5cCI6IkpXVCJ9.eyJlbWFpbCI6ImIuYmFzdGFuQGFsdW1uby5ldGVjLnVtLmVkdS5hciIsImlhdCI6MTY4MjY0MzMzNiwiZXhwIjoxNjgyNjQ2OTM2fQ.PH7LbA4sLyoUaX8TzTKqBoaYsuRNgJhbUgNmtx5ABdg - 27/4/2023
fatal: GET con /css/styles.css - 27/4/2023
fatal: GET con /js/recoverLanding.js - 27/4/2023
fatal: GET con /favicon.ico - 27/4/2023
fatal: GET con /recoverLanding/eyJhbGciOiJIUzI1NiIsInR5cCI6IkpXVCJ9.eyJlbWFpbCI6ImIuYmFzdGFuQGFsdW1uby5ldGVjLnVtLmVkdS5hciIsImlhdCI6MTY4MjY0MzMzNiwiZXhwIjoxNjgyNjQ2OTM2fQ.PH7LbA4sLyoUaX8TzTKqBoaYsuRNgJhbUgNmtx5ABdg - 27/4/2023
fatal: GET con /css/styles.css - 27/4/2023
fatal: GET con /js/recoverLanding.js - 27/4/2023
fatal: GET con /favicon.ico - 27/4/2023
fatal: GET con /recoverLanding/eyJhbGciOiJIUzI1NiIsInR5cCI6IkpXVCJ9.eyJlbWFpbCI6ImIuYmFzdGFuQGFsdW1uby5ldGVjLnVtLmVkdS5hciIsImlhdCI6MTY4MjY0MzMzNiwiZXhwIjoxNjgyNjQ2OTM2fQ.PH7LbA4sLyoUaX8TzTKqBoaYsuRNgJhbUgNmtx5ABdg - 27/4/2023
fatal: GET con /css/styles.css - 27/4/2023
fatal: GET con /js/recoverLanding.js - 27/4/2023
fatal: GET con /favicon.ico - 27/4/2023
fatal: POST con /api/session/recover - 27/4/2023
fatal: GET con /recoverLanding/eyJhbGciOiJIUzI1NiIsInR5cCI6IkpXVCJ9.eyJlbWFpbCI6ImIuYmFzdGFuQGFsdW1uby5ldGVjLnVtLmVkdS5hciIsImlhdCI6MTY4MjY0MzMzNiwiZXhwIjoxNjgyNjQ2OTM2fQ.PH7LbA4sLyoUaX8TzTKqBoaYsuRNgJhbUgNmtx5ABdg - 27/4/2023
fatal: GET con /css/styles.css - 27/4/2023
fatal: GET con /js/recoverLanding.js - 27/4/2023
fatal: GET con /favicon.ico - 27/4/2023
fatal: POST con /api/session/recover - 27/4/2023
fatal: POST con /api/session/recover - 27/4/2023
fatal: GET con /recoverLanding/eyJhbGciOiJIUzI1NiIsInR5cCI6IkpXVCJ9.eyJlbWFpbCI6ImIuYmFzdGFuQGFsdW1uby5ldGVjLnVtLmVkdS5hciIsImlhdCI6MTY4MjY0MzMzNiwiZXhwIjoxNjgyNjQ2OTM2fQ.PH7LbA4sLyoUaX8TzTKqBoaYsuRNgJhbUgNmtx5ABdg - 27/4/2023
fatal: GET con /css/styles.css - 27/4/2023
fatal: GET con /js/recoverLanding.js - 27/4/2023
fatal: GET con /favicon.ico - 27/4/2023
fatal: POST con /api/session/recoverPassword - 27/4/2023
fatal: GET con /css/styles.css - 27/4/2023
fatal: GET con /recoverLanding/eyJhbGciOiJIUzI1NiIsInR5cCI6IkpXVCJ9.eyJlbWFpbCI6ImIuYmFzdGFuQGFsdW1uby5ldGVjLnVtLmVkdS5hciIsImlhdCI6MTY4MjY0MzMzNiwiZXhwIjoxNjgyNjQ2OTM2fQ.PH7LbA4sLyoUaX8TzTKqBoaYsuRNgJhbUgNmtx5ABdg - 27/4/2023
fatal: GET con /css/styles.css - 27/4/2023
fatal: GET con /js/recoverLanding.js - 27/4/2023
fatal: GET con /favicon.ico - 27/4/2023
fatal: POST con /api/session/recoverPassword - 27/4/2023
fatal: POST con /api/session/recoverPassword - 27/4/2023
fatal: GET con /recoverLanding/eyJhbGciOiJIUzI1NiIsInR5cCI6IkpXVCJ9.eyJlbWFpbCI6ImIuYmFzdGFuQGFsdW1uby5ldGVjLnVtLmVkdS5hciIsImlhdCI6MTY4MjY0MzMzNiwiZXhwIjoxNjgyNjQ2OTM2fQ.PH7LbA4sLyoUaX8TzTKqBoaYsuRNgJhbUgNmtx5ABdg - 27/4/2023
fatal: GET con /css/styles.css - 27/4/2023
fatal: GET con /js/recoverLanding.js - 27/4/2023
fatal: GET con /favicon.ico - 27/4/2023
fatal: POST con /api/session/recoverPassword - 27/4/2023
fatal: GET con /recoverLanding/eyJhbGciOiJIUzI1NiIsInR5cCI6IkpXVCJ9.eyJlbWFpbCI6ImIuYmFzdGFuQGFsdW1uby5ldGVjLnVtLmVkdS5hciIsImlhdCI6MTY4MjY0MzMzNiwiZXhwIjoxNjgyNjQ2OTM2fQ.PH7LbA4sLyoUaX8TzTKqBoaYsuRNgJhbUgNmtx5ABdg - 27/4/2023
fatal: GET con /css/styles.css - 27/4/2023
fatal: GET con /js/recoverLanding.js - 27/4/2023
fatal: GET con /favicon.ico - 27/4/2023
fatal: POST con /api/session/recoverPassword - 27/4/2023
fatal: GET con /recoverLanding/eyJhbGciOiJIUzI1NiIsInR5cCI6IkpXVCJ9.eyJlbWFpbCI6ImIuYmFzdGFuQGFsdW1uby5ldGVjLnVtLmVkdS5hciIsImlhdCI6MTY4MjY0MzMzNiwiZXhwIjoxNjgyNjQ2OTM2fQ.PH7LbA4sLyoUaX8TzTKqBoaYsuRNgJhbUgNmtx5ABdg - 27/4/2023
fatal: GET con /css/styles.css - 27/4/2023
fatal: GET con /js/recoverLanding.js - 27/4/2023
fatal: GET con /favicon.ico - 27/4/2023
fatal: POST con /api/session/recoverPassword - 27/4/2023
fatal: POST con /api/session/recoverPassword - 27/4/2023
fatal: GET con /recoverLanding/eyJhbGciOiJIUzI1NiIsInR5cCI6IkpXVCJ9.eyJlbWFpbCI6ImIuYmFzdGFuQGFsdW1uby5ldGVjLnVtLmVkdS5hciIsImlhdCI6MTY4MjY0MzMzNiwiZXhwIjoxNjgyNjQ2OTM2fQ.PH7LbA4sLyoUaX8TzTKqBoaYsuRNgJhbUgNmtx5ABdg - 27/4/2023
fatal: GET con /css/styles.css - 27/4/2023
fatal: GET con /js/recoverLanding.js - 27/4/2023
fatal: GET con /favicon.ico - 27/4/2023
fatal: POST con /api/session/recoverPassword - 27/4/2023
fatal: POST con /api/session/recoverPassword - 27/4/2023
fatal: POST con /api/session/recoverPassword - 27/4/2023
fatal: GET con /recoverLanding/eyJhbGciOiJIUzI1NiIsInR5cCI6IkpXVCJ9.eyJlbWFpbCI6ImIuYmFzdGFuQGFsdW1uby5ldGVjLnVtLmVkdS5hciIsImlhdCI6MTY4MjY0MzMzNiwiZXhwIjoxNjgyNjQ2OTM2fQ.PH7LbA4sLyoUaX8TzTKqBoaYsuRNgJhbUgNmtx5ABdg - 27/4/2023
fatal: GET con /css/styles.css - 27/4/2023
fatal: GET con /js/recoverLanding.js - 27/4/2023
fatal: GET con /favicon.ico - 27/4/2023
fatal: POST con /api/session/recoverPassword - 27/4/2023
fatal: POST con /api/session/recoverPassword - 27/4/2023
fatal: GET con /recoverLanding/eyJhbGciOiJIUzI1NiIsInR5cCI6IkpXVCJ9.eyJlbWFpbCI6ImIuYmFzdGFuQGFsdW1uby5ldGVjLnVtLmVkdS5hciIsImlhdCI6MTY4MjY0MzMzNiwiZXhwIjoxNjgyNjQ2OTM2fQ.PH7LbA4sLyoUaX8TzTKqBoaYsuRNgJhbUgNmtx5ABdg - 27/4/2023
fatal: GET con /css/styles.css - 27/4/2023
fatal: GET con /js/recoverLanding.js - 27/4/2023
fatal: GET con /favicon.ico - 27/4/2023
fatal: POST con /api/session/recoverPassword - 27/4/2023
fatal: POST con /api/session/recoverPassword - 27/4/2023
fatal: POST con /api/session/recoverPassword - 27/4/2023
fatal: GET con /recoverLanding/eyJhbGciOiJIUzI1NiIsInR5cCI6IkpXVCJ9.eyJlbWFpbCI6ImIuYmFzdGFuQGFsdW1uby5ldGVjLnVtLmVkdS5hciIsImlhdCI6MTY4MjY0MzMzNiwiZXhwIjoxNjgyNjQ2OTM2fQ.PH7LbA4sLyoUaX8TzTKqBoaYsuRNgJhbUgNmtx5ABdg - 27/4/2023
fatal: GET con /css/styles.css - 27/4/2023
fatal: GET con /js/recoverLanding.js - 27/4/2023
fatal: GET con /favicon.ico - 27/4/2023
fatal: POST con /api/session/recoverPassword - 27/4/2023
fatal: POST con /api/session/recoverPassword - 27/4/2023
fatal: POST con /api/session/recoverPassword - 27/4/2023
fatal: POST con /api/session/recoverPassword - 27/4/2023
fatal: GET con /recoverLanding/eyJhbGciOiJIUzI1NiIsInR5cCI6IkpXVCJ9.eyJlbWFpbCI6ImIuYmFzdGFuQGFsdW1uby5ldGVjLnVtLmVkdS5hciIsImlhdCI6MTY4MjY0MzMzNiwiZXhwIjoxNjgyNjQ2OTM2fQ.PH7LbA4sLyoUaX8TzTKqBoaYsuRNgJhbUgNmtx5ABdg - 27/4/2023
fatal: GET con /css/styles.css - 27/4/2023
fatal: GET con /js/recoverLanding.js - 27/4/2023
fatal: GET con /favicon.ico - 27/4/2023
fatal: POST con /api/session/recoverPassword - 27/4/2023
fatal: POST con /api/session/recoverPassword - 27/4/2023
fatal: GET con /recoverLanding/eyJhbGciOiJIUzI1NiIsInR5cCI6IkpXVCJ9.eyJlbWFpbCI6ImIuYmFzdGFuQGFsdW1uby5ldGVjLnVtLmVkdS5hciIsImlhdCI6MTY4MjY0MzMzNiwiZXhwIjoxNjgyNjQ2OTM2fQ.PH7LbA4sLyoUaX8TzTKqBoaYsuRNgJhbUgNmtx5ABdg - 27/4/2023
fatal: GET con /css/styles.css - 27/4/2023
fatal: GET con /js/recoverLanding.js - 27/4/2023
fatal: GET con /favicon.ico - 27/4/2023
fatal: POST con /api/session/recoverPassword - 27/4/2023
fatal: GET con /css/styles.css - 27/4/2023
fatal: POST con /api/session/recoverPassword - 27/4/2023
fatal: GET con /recoverLanding/eyJhbGciOiJIUzI1NiIsInR5cCI6IkpXVCJ9.eyJlbWFpbCI6ImIuYmFzdGFuQGFsdW1uby5ldGVjLnVtLmVkdS5hciIsImlhdCI6MTY4MjY0MzMzNiwiZXhwIjoxNjgyNjQ2OTM2fQ.PH7LbA4sLyoUaX8TzTKqBoaYsuRNgJhbUgNmtx5ABdg - 27/4/2023
fatal: GET con /css/styles.css - 27/4/2023
fatal: GET con /js/recoverLanding.js - 27/4/2023
fatal: GET con /favicon.ico - 27/4/2023
fatal: GET con /recoverLanding/eyJhbGciOiJIUzI1NiIsInR5cCI6IkpXVCJ9.eyJlbWFpbCI6ImIuYmFzdGFuQGFsdW1uby5ldGVjLnVtLmVkdS5hciIsImlhdCI6MTY4MjY0MzMzNiwiZXhwIjoxNjgyNjQ2OTM2fQ.PH7LbA4sLyoUaX8TzTKqBoaYsuRNgJhbUgNmtx5ABdg - 27/4/2023
fatal: GET con /css/styles.css - 27/4/2023
fatal: GET con /js/recoverLanding.js - 27/4/2023
fatal: GET con /favicon.ico - 27/4/2023
fatal: GET con /recoverLanding/eyJhbGciOiJIUzI1NiIsInR5cCI6IkpXVCJ9.eyJlbWFpbCI6ImIuYmFzdGFuQGFsdW1uby5ldGVjLnVtLmVkdS5hciIsImlhdCI6MTY4MjY0MzMzNiwiZXhwIjoxNjgyNjQ2OTM2fQ.PH7LbA4sLyoUaX8TzTKqBoaYsuRNgJhbUgNmtx5ABdg - 27/4/2023
fatal: GET con /css/styles.css - 27/4/2023
fatal: GET con /js/recoverLanding.js - 27/4/2023
fatal: GET con /favicon.ico - 27/4/2023
fatal: GET con /recoverLanding/eyJhbGciOiJIUzI1NiIsInR5cCI6IkpXVCJ9.eyJlbWFpbCI6ImIuYmFzdGFuQGFsdW1uby5ldGVjLnVtLmVkdS5hciIsImlhdCI6MTY4MjY0MzMzNiwiZXhwIjoxNjgyNjQ2OTM2fQ.PH7LbA4sLyoUaX8TzTKqBoaYsuRNgJhbUgNmtx5ABdg - 27/4/2023
fatal: GET con /css/styles.css - 27/4/2023
fatal: GET con /js/recoverLanding.js - 27/4/2023
fatal: GET con /favicon.ico - 27/4/2023
fatal: POST con /api/session/recoverPassword - 27/4/2023
fatal: POST con /api/session/recoverPassword - 27/4/2023
fatal: POST con /api/session/recoverPassword - 27/4/2023
fatal: GET con /recoverLanding/eyJhbGciOiJIUzI1NiIsInR5cCI6IkpXVCJ9.eyJlbWFpbCI6ImIuYmFzdGFuQGFsdW1uby5ldGVjLnVtLmVkdS5hciIsImlhdCI6MTY4MjY0MzMzNiwiZXhwIjoxNjgyNjQ2OTM2fQ.PH7LbA4sLyoUaX8TzTKqBoaYsuRNgJhbUgNmtx5ABdg - 27/4/2023
fatal: GET con /css/styles.css - 27/4/2023
fatal: GET con /js/recoverLanding.js - 27/4/2023
fatal: GET con /favicon.ico - 27/4/2023
fatal: GET con /recoverLanding/eyJhbGciOiJIUzI1NiIsInR5cCI6IkpXVCJ9.eyJlbWFpbCI6ImIuYmFzdGFuQGFsdW1uby5ldGVjLnVtLmVkdS5hciIsImlhdCI6MTY4MjY0MzMzNiwiZXhwIjoxNjgyNjQ2OTM2fQ.PH7LbA4sLyoUaX8TzTKqBoaYsuRNgJhbUgNmtx5ABdg - 27/4/2023
fatal: GET con /css/styles.css - 27/4/2023
fatal: GET con /js/recoverLanding.js - 27/4/2023
fatal: GET con /favicon.ico - 27/4/2023
fatal: GET con /recoverLanding/eyJhbGciOiJIUzI1NiIsInR5cCI6IkpXVCJ9.eyJlbWFpbCI6ImIuYmFzdGFuQGFsdW1uby5ldGVjLnVtLmVkdS5hciIsImlhdCI6MTY4MjY0MzMzNiwiZXhwIjoxNjgyNjQ2OTM2fQ.PH7LbA4sLyoUaX8TzTKqBoaYsuRNgJhbUgNmtx5ABdg - 27/4/2023
fatal: GET con /css/styles.css - 27/4/2023
fatal: GET con /js/recoverLanding.js - 27/4/2023
fatal: GET con /favicon.ico - 27/4/2023
fatal: POST con /api/session/recoverPassword - 27/4/2023
fatal: POST con /api/session/recoverPassword - 27/4/2023
fatal: GET con /recoverLanding/eyJhbGciOiJIUzI1NiIsInR5cCI6IkpXVCJ9.eyJlbWFpbCI6ImIuYmFzdGFuQGFsdW1uby5ldGVjLnVtLmVkdS5hciIsImlhdCI6MTY4MjY0MzMzNiwiZXhwIjoxNjgyNjQ2OTM2fQ.PH7LbA4sLyoUaX8TzTKqBoaYsuRNgJhbUgNmtx5ABdg - 27/4/2023
fatal: GET con /css/styles.css - 27/4/2023
fatal: GET con /js/recoverLanding.js - 27/4/2023
fatal: GET con /favicon.ico - 27/4/2023
fatal: POST con /api/session/recoverPassword - 27/4/2023
fatal: POST con /api/session/recoverPassword - 27/4/2023
fatal: GET con /recoverLanding/eyJhbGciOiJIUzI1NiIsInR5cCI6IkpXVCJ9.eyJlbWFpbCI6ImIuYmFzdGFuQGFsdW1uby5ldGVjLnVtLmVkdS5hciIsImlhdCI6MTY4MjY0MzMzNiwiZXhwIjoxNjgyNjQ2OTM2fQ.PH7LbA4sLyoUaX8TzTKqBoaYsuRNgJhbUgNmtx5ABdg - 27/4/2023
fatal: GET con /css/styles.css - 27/4/2023
fatal: GET con /js/recoverLanding.js - 27/4/2023
fatal: GET con /favicon.ico - 27/4/2023
fatal: POST con /api/session/recoverPassword - 27/4/2023
fatal: POST con /api/session/recoverPassword - 27/4/2023
fatal: GET con /recoverLanding/eyJhbGciOiJIUzI1NiIsInR5cCI6IkpXVCJ9.eyJlbWFpbCI6ImIuYmFzdGFuQGFsdW1uby5ldGVjLnVtLmVkdS5hciIsImlhdCI6MTY4MjY0MzMzNiwiZXhwIjoxNjgyNjQ2OTM2fQ.PH7LbA4sLyoUaX8TzTKqBoaYsuRNgJhbUgNmtx5ABdg - 27/4/2023
fatal: GET con /css/styles.css - 27/4/2023
fatal: GET con /js/recoverLanding.js - 27/4/2023
fatal: GET con /favicon.ico - 27/4/2023
fatal: POST con /api/session/recoverPassword - 27/4/2023
fatal: POST con /api/session/recoverPassword - 27/4/2023
fatal: GET con /recoverLanding/eyJhbGciOiJIUzI1NiIsInR5cCI6IkpXVCJ9.eyJlbWFpbCI6ImIuYmFzdGFuQGFsdW1uby5ldGVjLnVtLmVkdS5hciIsImlhdCI6MTY4MjY0MzMzNiwiZXhwIjoxNjgyNjQ2OTM2fQ.PH7LbA4sLyoUaX8TzTKqBoaYsuRNgJhbUgNmtx5ABdg - 27/4/2023
fatal: GET con /css/styles.css - 27/4/2023
fatal: GET con /js/recoverLanding.js - 27/4/2023
fatal: GET con /favicon.ico - 27/4/2023
fatal: POST con /api/session/recoverPassword - 27/4/2023
fatal: POST con /api/session/recoverPassword - 27/4/2023
fatal: GET con /recoverLanding/eyJhbGciOiJIUzI1NiIsInR5cCI6IkpXVCJ9.eyJlbWFpbCI6ImIuYmFzdGFuQGFsdW1uby5ldGVjLnVtLmVkdS5hciIsImlhdCI6MTY4MjY0MzMzNiwiZXhwIjoxNjgyNjQ2OTM2fQ.PH7LbA4sLyoUaX8TzTKqBoaYsuRNgJhbUgNmtx5ABdg - 27/4/2023
fatal: GET con /css/styles.css - 27/4/2023
fatal: GET con /js/recoverLanding.js - 27/4/2023
fatal: GET con /favicon.ico - 27/4/2023
fatal: POST con /api/session/recoverPassword - 27/4/2023
fatal: POST con /api/session/recoverPassword - 27/4/2023
fatal: POST con /api/session/recoverPassword - 27/4/2023
fatal: POST con /api/session/recoverPassword - 27/4/2023
fatal: POST con /api/session/recoverPassword - 27/4/2023
fatal: GET con /recoverLanding/eyJhbGciOiJIUzI1NiIsInR5cCI6IkpXVCJ9.eyJlbWFpbCI6ImIuYmFzdGFuQGFsdW1uby5ldGVjLnVtLmVkdS5hciIsImlhdCI6MTY4MjY0MzMzNiwiZXhwIjoxNjgyNjQ2OTM2fQ.PH7LbA4sLyoUaX8TzTKqBoaYsuRNgJhbUgNmtx5ABdg - 27/4/2023
fatal: GET con /css/styles.css - 27/4/2023
fatal: GET con /js/recoverLanding.js - 27/4/2023
fatal: GET con /favicon.ico - 27/4/2023
fatal: POST con /api/session/recoverPassword - 27/4/2023
fatal: POST con /api/session/recoverPassword - 27/4/2023
fatal: POST con /api/session/recoverPassword - 27/4/2023
fatal: POST con /api/session/recoverPassword - 27/4/2023
fatal: POST con /api/session/recoverPassword - 27/4/2023
fatal: POST con /api/session/recoverPassword - 27/4/2023
fatal: POST con /api/session/recoverPassword - 27/4/2023
fatal: POST con /api/session/recoverPassword - 27/4/2023
fatal: POST con /api/session/recoverPassword - 27/4/2023
fatal: POST con /api/session/recoverPassword - 27/4/2023
fatal: GET con /recoverLanding/eyJhbGciOiJIUzI1NiIsInR5cCI6IkpXVCJ9.eyJlbWFpbCI6ImIuYmFzdGFuQGFsdW1uby5ldGVjLnVtLmVkdS5hciIsImlhdCI6MTY4MjY0MzMzNiwiZXhwIjoxNjgyNjQ2OTM2fQ.PH7LbA4sLyoUaX8TzTKqBoaYsuRNgJhbUgNmtx5ABdg - 27/4/2023
fatal: GET con /css/styles.css - 27/4/2023
fatal: GET con /js/recoverLanding.js - 27/4/2023
fatal: POST con /api/session/recoverPassword - 27/4/2023
fatal: GET con /favicon.ico - 27/4/2023
fatal: POST con /api/session/recoverPassword - 27/4/2023
fatal: GET con /recoverLanding/eyJhbGciOiJIUzI1NiIsInR5cCI6IkpXVCJ9.eyJlbWFpbCI6ImIuYmFzdGFuQGFsdW1uby5ldGVjLnVtLmVkdS5hciIsImlhdCI6MTY4MjY0MzMzNiwiZXhwIjoxNjgyNjQ2OTM2fQ.PH7LbA4sLyoUaX8TzTKqBoaYsuRNgJhbUgNmtx5ABdg - 27/4/2023
fatal: GET con /css/styles.css - 27/4/2023
fatal: GET con /js/recoverLanding.js - 27/4/2023
fatal: GET con /favicon.ico - 27/4/2023
fatal: POST con /api/session/recoverPassword - 27/4/2023
fatal: POST con /api/session/recoverPassword - 27/4/2023
fatal: GET con / - 30/4/2023
fatal: GET con /css/styles.css - 30/4/2023
fatal: GET con /favicon.ico - 30/4/2023
fatal: GET con /login - 30/4/2023
fatal: GET con /css/styles.css - 30/4/2023
fatal: GET con /js/login.js - 30/4/2023
fatal: GET con /favicon.ico - 30/4/2023
fatal: POST con /api/session/login - 30/4/2023
fatal: GET con / - 30/4/2023
fatal: GET con /css/styles.css - 30/4/2023
fatal: GET con /favicon.ico - 30/4/2023
fatal: GET con /user - 30/4/2023
fatal: GET con /css/styles.css - 30/4/2023
fatal: GET con /js/logout.js - 30/4/2023
fatal: GET con /favicon.ico - 30/4/2023
fatal: GET con /css/styles.css - 30/4/2023
fatal: GET con /user - 30/4/2023
fatal: GET con /css/styles.css - 30/4/2023
fatal: GET con /js/logout.js - 30/4/2023
fatal: GET con /favicon.ico - 30/4/2023
fatal: GET con /user - 30/4/2023
fatal: GET con /css/styles.css - 30/4/2023
fatal: GET con /js/logout.js - 30/4/2023
fatal: GET con /favicon.ico - 30/4/2023
fatal: GET con /user - 30/4/2023
fatal: GET con /css/styles.css - 30/4/2023
fatal: GET con /js/logout.js - 30/4/2023
fatal: GET con /favicon.ico - 30/4/2023
fatal: GET con /user - 30/4/2023
fatal: GET con /css/styles.css - 30/4/2023
fatal: GET con /js/logout.js - 30/4/2023
fatal: GET con /favicon.ico - 30/4/2023
fatal: GET con /user - 30/4/2023
fatal: GET con /css/styles.css - 30/4/2023
fatal: GET con /js/logout.js - 30/4/2023
fatal: GET con /favicon.ico - 30/4/2023
fatal: GET con /user - 30/4/2023
fatal: GET con /css/styles.css - 30/4/2023
fatal: GET con /js/logout.js - 30/4/2023
fatal: GET con /favicon.ico - 30/4/2023
fatal: GET con /api/session/premium/ - 30/4/2023
fatal: GET con /css/styles.css - 30/4/2023
fatal: GET con /favicon.ico - 30/4/2023
fatal: GET con /favicon.ico - 30/4/2023
fatal: GET con /css/styles.css - 30/4/2023
fatal: GET con /user - 30/4/2023
fatal: GET con /css/styles.css - 30/4/2023
fatal: GET con /js/logout.js - 30/4/2023
fatal: GET con /favicon.ico - 30/4/2023
fatal: GET con /user - 30/4/2023
fatal: GET con /css/styles.css - 30/4/2023
fatal: GET con /js/logout.js - 30/4/2023
fatal: GET con /favicon.ico - 30/4/2023
fatal: GET con /user - 30/4/2023
fatal: GET con /css/styles.css - 30/4/2023
fatal: GET con /js/logout.js - 30/4/2023
fatal: GET con /favicon.ico - 30/4/2023
fatal: GET con /user - 30/4/2023
fatal: GET con /css/styles.css - 30/4/2023
fatal: GET con /js/logout.js - 30/4/2023
fatal: GET con /favicon.ico - 30/4/2023
fatal: GET con /user - 30/4/2023
fatal: GET con /css/styles.css - 30/4/2023
fatal: GET con /js/logout.js - 30/4/2023
fatal: GET con /favicon.ico - 30/4/2023
fatal: GET con /user - 30/4/2023
fatal: GET con /css/styles.css - 30/4/2023
fatal: GET con /js/logout.js - 30/4/2023
fatal: GET con /favicon.ico - 30/4/2023
fatal: GET con /css/styles.css - 30/4/2023
fatal: GET con /api/session/premium/benjabastan@gmail.com - 30/4/2023
fatal: GET con /css/styles.css - 30/4/2023
fatal: GET con /favicon.ico - 30/4/2023
fatal: GET con /favicon.ico - 30/4/2023
fatal: GET con /api/session/premium/benjabastan@gmail.com - 30/4/2023
fatal: GET con /css/styles.css - 30/4/2023
fatal: GET con /favicon.ico - 30/4/2023
fatal: GET con /api/session/premium/benjabastan@gmail.com - 30/4/2023
fatal: GET con /css/styles.css - 30/4/2023
fatal: GET con /favicon.ico - 30/4/2023
fatal: GET con /user - 30/4/2023
fatal: GET con /css/styles.css - 30/4/2023
fatal: GET con /js/login.js - 30/4/2023
fatal: GET con /favicon.ico - 30/4/2023
fatal: POST con /api/session/login - 30/4/2023
fatal: GET con / - 30/4/2023
fatal: GET con /css/styles.css - 30/4/2023
fatal: GET con /favicon.ico - 30/4/2023
fatal: GET con /user - 30/4/2023
fatal: GET con /css/styles.css - 30/4/2023
fatal: GET con /js/logout.js - 30/4/2023
fatal: GET con /favicon.ico - 30/4/2023
fatal: GET con /api/session/premium/benjabastan@gmail.com - 30/4/2023
fatal: GET con /api/session/premium/benjabastan@gmail.com - 30/4/2023
fatal: GET con /api/session/premium/benjabastan@gmail.com - 30/4/2023
fatal: GET con /user - 30/4/2023
fatal: GET con /css/styles.css - 30/4/2023
fatal: GET con /js/logout.js - 30/4/2023
fatal: GET con /favicon.ico - 30/4/2023
fatal: GET con /api/session/premium/benjabastan@gmail.com - 30/4/2023
fatal: GET con /api/session/premium/benjabastan@gmail.com - 30/4/2023
fatal: GET con /user - 30/4/2023
fatal: GET con /css/styles.css - 30/4/2023
fatal: GET con /js/logout.js - 30/4/2023
fatal: GET con /favicon.ico - 30/4/2023
fatal: GET con /api/session/premium/benjabastan@gmail.com - 30/4/2023
fatal: GET con /api/session/premium/benjabastan@gmail.com - 30/4/2023
fatal: GET con /api/session/premium/benjabastan@gmail.com - 30/4/2023
fatal: GET con /user - 30/4/2023
fatal: GET con /css/styles.css - 30/4/2023
fatal: GET con /js/logout.js - 30/4/2023
fatal: GET con /favicon.ico - 30/4/2023
fatal: GET con /api/session/premium/benjabastan@gmail.com - 30/4/2023
fatal: GET con /favicon.ico - 30/4/2023
fatal: GET con /favicon.ico - 30/4/2023
fatal: GET con /css/styles.css - 30/4/2023
fatal: GET con /user - 30/4/2023
fatal: GET con /css/styles.css - 30/4/2023
fatal: GET con /js/logout.js - 30/4/2023
fatal: GET con /favicon.ico - 30/4/2023
fatal: GET con /api/session/premium/benjabastan@gmail.com - 30/4/2023
fatal: GET con /favicon.ico - 30/4/2023
fatal: GET con /api/session/premium/benjabastan@gmail.com - 30/4/2023
fatal: GET con /favicon.ico - 30/4/2023
fatal: GET con /favicon.ico - 30/4/2023
fatal: GET con /css/styles.css - 30/4/2023
fatal: GET con /user - 30/4/2023
fatal: GET con /css/styles.css - 30/4/2023
fatal: GET con /js/logout.js - 30/4/2023
fatal: GET con /favicon.ico - 30/4/2023
fatal: GET con /user - 30/4/2023
fatal: GET con /css/styles.css - 30/4/2023
fatal: GET con /js/logout.js - 30/4/2023
fatal: GET con /favicon.ico - 30/4/2023
fatal: GET con /user - 30/4/2023
fatal: GET con /css/styles.css - 30/4/2023
fatal: GET con /js/logout.js - 30/4/2023
fatal: GET con /favicon.ico - 30/4/2023
fatal: GET con /api/session/premium/benjabastan@gmail.com - 30/4/2023
fatal: GET con /favicon.ico - 30/4/2023
fatal: GET con / - 30/4/2023
fatal: GET con /css/styles.css - 30/4/2023
fatal: GET con /favicon.ico - 30/4/2023
fatal: GET con /user - 30/4/2023
fatal: GET con /css/styles.css - 30/4/2023
fatal: GET con /js/logout.js - 30/4/2023
fatal: GET con /favicon.ico - 30/4/2023
fatal: GET con /user - 30/4/2023
fatal: GET con /css/styles.css - 30/4/2023
fatal: GET con /js/logout.js - 30/4/2023
fatal: GET con /favicon.ico - 30/4/2023
fatal: GET con /api/session/premium/benjabastan@gmail.com - 30/4/2023
fatal: GET con /favicon.ico - 30/4/2023
fatal: GET con /favicon.ico - 30/4/2023
fatal: GET con /css/styles.css - 30/4/2023
fatal: GET con /user - 30/4/2023
fatal: GET con /css/styles.css - 30/4/2023
fatal: GET con /js/logout.js - 30/4/2023
fatal: GET con /favicon.ico - 30/4/2023
fatal: GET con /api/session/premium/benjabastan@gmail.com - 30/4/2023
fatal: GET con /favicon.ico - 30/4/2023
fatal: GET con /api/session/premium/benjabastan@gmail.com - 30/4/2023
fatal: GET con /favicon.ico - 30/4/2023
fatal: GET con /favicon.ico - 30/4/2023
fatal: GET con /css/styles.css - 30/4/2023
fatal: GET con /api/session/premium/benjabastan@gmail.com - 30/4/2023
fatal: GET con /favicon.ico - 30/4/2023
fatal: GET con / - 30/4/2023
fatal: GET con /css/styles.css - 30/4/2023
fatal: GET con /favicon.ico - 30/4/2023
fatal: GET con /user - 30/4/2023
fatal: GET con /css/styles.css - 30/4/2023
fatal: GET con /js/logout.js - 30/4/2023
fatal: GET con /favicon.ico - 30/4/2023
fatal: GET con /api/session/premium/benjabastan@gmail.com - 30/4/2023
fatal: GET con /favicon.ico - 30/4/2023
fatal: GET con / - 30/4/2023
fatal: GET con /css/styles.css - 30/4/2023
fatal: GET con /favicon.ico - 30/4/2023
fatal: GET con /user - 30/4/2023
fatal: GET con /css/styles.css - 30/4/2023
fatal: GET con /js/logout.js - 30/4/2023
fatal: GET con /favicon.ico - 30/4/2023
fatal: GET con /api/session/premium/benjabastan@gmail.com - 30/4/2023
fatal: GET con /favicon.ico - 30/4/2023
fatal: GET con / - 30/4/2023
fatal: GET con /css/styles.css - 30/4/2023
fatal: GET con /favicon.ico - 30/4/2023
fatal: GET con /user - 30/4/2023
fatal: GET con /css/styles.css - 30/4/2023
fatal: GET con /js/logout.js - 30/4/2023
fatal: GET con /favicon.ico - 30/4/2023
fatal: GET con /api/session/current - 30/4/2023
fatal: GET con /favicon.ico - 30/4/2023
fatal: GET con /api/session/premium/benjabastan@gmail.com - 30/4/2023
fatal: GET con /favicon.ico - 30/4/2023
fatal: GET con /favicon.ico - 30/4/2023
fatal: GET con /css/styles.css - 30/4/2023
fatal: GET con /api/session/premium/benjabastan@gmail.com - 30/4/2023
fatal: GET con /favicon.ico - 30/4/2023
fatal: GET con /user - 30/4/2023
fatal: GET con /css/styles.css - 30/4/2023
fatal: GET con /js/logout.js - 30/4/2023
fatal: GET con /favicon.ico - 30/4/2023
fatal: GET con /user - 30/4/2023
fatal: GET con /css/styles.css - 30/4/2023
fatal: GET con /js/logout.js - 30/4/2023
fatal: GET con /favicon.ico - 30/4/2023
fatal: GET con /user - 30/4/2023
fatal: GET con /css/styles.css - 30/4/2023
fatal: GET con /js/logout.js - 30/4/2023
fatal: GET con /favicon.ico - 30/4/2023
fatal: GET con /api/session/current - 30/4/2023
fatal: GET con /favicon.ico - 30/4/2023
fatal: GET con /api/session/current - 30/4/2023
fatal: GET con /favicon.ico - 30/4/2023
fatal: GET con /api/session/premium/benjabastan@gmail.com - 30/4/2023
fatal: GET con /favicon.ico - 30/4/2023
fatal: GET con /api/session/premium/benjabastan@gmail.com - 30/4/2023
fatal: GET con /favicon.ico - 30/4/2023
fatal: GET con /api/session/current - 30/4/2023
fatal: GET con /favicon.ico - 30/4/2023
fatal: GET con /api/session/current - 30/4/2023
fatal: GET con /favicon.ico - 30/4/2023
fatal: GET con /api/session/current - 30/4/2023
fatal: GET con /favicon.ico - 30/4/2023
fatal: GET con /favicon.ico - 30/4/2023
fatal: GET con /css/styles.css - 30/4/2023
fatal: GET con /user - 30/4/2023
fatal: GET con /css/styles.css - 30/4/2023
fatal: GET con /js/logout.js - 30/4/2023
fatal: GET con /favicon.ico - 30/4/2023
fatal: GET con /api/session/premium/benjabastan@gmail.com - 30/4/2023
fatal: GET con /favicon.ico - 30/4/2023
fatal: GET con / - 30/4/2023
fatal: GET con /css/styles.css - 30/4/2023
fatal: GET con /favicon.ico - 30/4/2023
fatal: GET con /user - 30/4/2023
fatal: GET con /css/styles.css - 30/4/2023
fatal: GET con /js/logout.js - 30/4/2023
fatal: GET con /favicon.ico - 30/4/2023
fatal: GET con /api/session/premium/benjabastan@gmail.com - 30/4/2023
fatal: GET con /favicon.ico - 30/4/2023
fatal: GET con /favicon.ico - 30/4/2023
fatal: GET con /css/styles.css - 30/4/2023
fatal: GET con /api/session/premium/benjabastan@gmail.com - 30/4/2023
fatal: GET con /favicon.ico - 30/4/2023
fatal: GET con /favicon.ico - 30/4/2023
fatal: GET con /api/session/premium/benjabastan@gmail.com - 30/4/2023
fatal: GET con /favicon.ico - 30/4/2023
fatal: GET con /favicon.ico - 30/4/2023
fatal: GET con /user - 30/4/2023
fatal: GET con /css/styles.css - 30/4/2023
fatal: GET con /js/logout.js - 30/4/2023
fatal: GET con /favicon.ico - 30/4/2023
fatal: GET con /user - 30/4/2023
fatal: GET con /css/styles.css - 30/4/2023
fatal: GET con /js/logout.js - 30/4/2023
fatal: GET con /favicon.ico - 30/4/2023
fatal: GET con /css/styles.css - 30/4/2023
fatal: GET con /user - 30/4/2023
fatal: GET con /css/styles.css - 30/4/2023
fatal: GET con /js/logout.js - 30/4/2023
fatal: GET con /favicon.ico - 30/4/2023
fatal: GET con /user - 30/4/2023
fatal: GET con /css/styles.css - 30/4/2023
fatal: GET con /js/logout.js - 30/4/2023
fatal: GET con /favicon.ico - 30/4/2023
fatal: GET con /user - 30/4/2023
fatal: GET con /css/styles.css - 30/4/2023
fatal: GET con /js/logout.js - 30/4/2023
fatal: GET con /favicon.ico - 30/4/2023
fatal: GET con /user - 30/4/2023
fatal: GET con /css/styles.css - 30/4/2023
fatal: GET con /js/logout.js - 30/4/2023
fatal: GET con /favicon.ico - 30/4/2023
fatal: GET con /user - 30/4/2023
fatal: GET con /css/styles.css - 30/4/2023
fatal: GET con /js/logout.js - 30/4/2023
fatal: GET con /favicon.ico - 30/4/2023
fatal: POST con /api/session/premium/null - 30/4/2023
fatal: GET con /user - 30/4/2023
fatal: GET con /css/styles.css - 30/4/2023
fatal: GET con /js/logout.js - 30/4/2023
fatal: GET con /favicon.ico - 30/4/2023
fatal: POST con /api/session/premium/benjabastan@gmail.com - 30/4/2023
fatal: GET con /user - 30/4/2023
fatal: GET con /css/styles.css - 30/4/2023
fatal: GET con /js/logout.js - 30/4/2023
fatal: GET con /favicon.ico - 30/4/2023
fatal: POST con /api/session/premium/benjabastan@gmail.com - 30/4/2023
fatal: GET con / - 30/4/2023
fatal: GET con /css/styles.css - 30/4/2023
fatal: GET con /favicon.ico - 30/4/2023
fatal: GET con /api/session/premium/benjabastan@gmail.com - 30/4/2023
fatal: GET con /favicon.ico - 30/4/2023
fatal: GET con /user - 30/4/2023
fatal: GET con /css/styles.css - 30/4/2023
fatal: GET con /js/logout.js - 30/4/2023
fatal: GET con /favicon.ico - 30/4/2023
fatal: POST con /api/session/premium/benjabastan@gmail.com - 30/4/2023
fatal: GET con /css/styles.css - 30/4/2023
fatal: GET con /user - 30/4/2023
fatal: GET con /css/styles.css - 30/4/2023
fatal: GET con /js/logout.js - 30/4/2023
fatal: GET con /favicon.ico - 30/4/2023
fatal: POST con /api/session/premium/benjabastan@gmail.com - 30/4/2023
fatal: GET con /user - 30/4/2023
fatal: GET con /css/styles.css - 30/4/2023
fatal: GET con /js/logout.js - 30/4/2023
fatal: GET con /favicon.ico - 30/4/2023
fatal: POST con /api/session/premium/benjabastan@gmail.com - 30/4/2023
fatal: GET con /css/styles.css - 30/4/2023
fatal: GET con /user - 30/4/2023
fatal: GET con /css/styles.css - 30/4/2023
fatal: GET con /js/logout.js - 30/4/2023
fatal: GET con /favicon.ico - 30/4/2023
fatal: POST con /api/session/premium/benjabastan@gmail.com - 30/4/2023
fatal: GET con /user - 30/4/2023
fatal: GET con /css/styles.css - 30/4/2023
fatal: GET con /js/logout.js - 30/4/2023
fatal: GET con /favicon.ico - 30/4/2023
fatal: GET con /user - 30/4/2023
fatal: GET con /css/styles.css - 30/4/2023
fatal: GET con /js/logout.js - 30/4/2023
fatal: GET con /favicon.ico - 30/4/2023
fatal: GET con /user - 30/4/2023
fatal: GET con /css/styles.css - 30/4/2023
fatal: GET con /js/logout.js - 30/4/2023
fatal: GET con /favicon.ico - 30/4/2023
fatal: GET con /user - 30/4/2023
fatal: GET con /css/styles.css - 30/4/2023
fatal: GET con /js/logout.js - 30/4/2023
fatal: GET con /favicon.ico - 30/4/2023
fatal: POST con /api/session/premium/benjabastan@gmail.com - 30/4/2023
fatal: GET con /user - 30/4/2023
fatal: GET con /css/styles.css - 30/4/2023
fatal: GET con /js/logout.js - 30/4/2023
fatal: GET con /favicon.ico - 30/4/2023
fatal: POST con /api/session/premium/benjabastan@gmail.com - 30/4/2023
fatal: GET con / - 30/4/2023
fatal: GET con /css/styles.css - 30/4/2023
fatal: GET con /favicon.ico - 30/4/2023
fatal: GET con /login - 30/4/2023
fatal: GET con /css/styles.css - 30/4/2023
fatal: GET con /js/login.js - 30/4/2023
fatal: GET con /favicon.ico - 30/4/2023
fatal: POST con /api/session/login - 30/4/2023
fatal: GET con / - 30/4/2023
fatal: GET con /css/styles.css - 30/4/2023
fatal: GET con /favicon.ico - 30/4/2023
fatal: GET con /user - 30/4/2023
fatal: GET con /css/styles.css - 30/4/2023
fatal: GET con /js/logout.js - 30/4/2023
fatal: GET con /favicon.ico - 30/4/2023
fatal: POST con /api/session/premium/benjabastan@gmail.com - 30/4/2023
fatal: GET con /user - 30/4/2023
fatal: GET con /css/styles.css - 30/4/2023
fatal: GET con /js/logout.js - 30/4/2023
fatal: GET con /favicon.ico - 30/4/2023
fatal: GET con /user - 30/4/2023
fatal: GET con /css/styles.css - 30/4/2023
fatal: GET con /js/logout.js - 30/4/2023
fatal: GET con /favicon.ico - 30/4/2023
fatal: GET con /user - 30/4/2023
fatal: GET con /css/styles.css - 30/4/2023
fatal: GET con /js/logout.js - 30/4/2023
fatal: GET con /favicon.ico - 30/4/2023
fatal: GET con /css/styles.css - 30/4/2023
fatal: GET con /user - 30/4/2023
fatal: GET con /css/styles.css - 30/4/2023
fatal: GET con /js/logout.js - 30/4/2023
fatal: GET con /favicon.ico - 30/4/2023
fatal: GET con /user - 30/4/2023
fatal: GET con /css/styles.css - 30/4/2023
fatal: GET con /js/logout.js - 30/4/2023
fatal: GET con /favicon.ico - 30/4/2023
fatal: GET con /user - 30/4/2023
fatal: GET con /css/styles.css - 30/4/2023
fatal: GET con /js/logout.js - 30/4/2023
fatal: GET con /favicon.ico - 30/4/2023
fatal: GET con /user - 30/4/2023
fatal: GET con /css/styles.css - 30/4/2023
fatal: GET con /js/logout.js - 30/4/2023
fatal: GET con /favicon.ico - 30/4/2023
fatal: GET con /user - 30/4/2023
fatal: GET con /css/styles.css - 30/4/2023
fatal: GET con /js/logout.js - 30/4/2023
fatal: GET con /favicon.ico - 30/4/2023
fatal: GET con / - 30/4/2023
fatal: GET con /css/styles.css - 30/4/2023
fatal: GET con /favicon.ico - 30/4/2023
fatal: GET con /user - 30/4/2023
fatal: GET con /css/styles.css - 30/4/2023
fatal: GET con /js/logout.js - 30/4/2023
fatal: GET con /favicon.ico - 30/4/2023
fatal: GET con /user - 30/4/2023
fatal: GET con /css/styles.css - 30/4/2023
fatal: GET con /js/logout.js - 30/4/2023
fatal: GET con /favicon.ico - 30/4/2023
fatal: GET con /user - 30/4/2023
fatal: GET con /css/styles.css - 30/4/2023
fatal: GET con /js/logout.js - 30/4/2023
fatal: GET con /favicon.ico - 30/4/2023
fatal: GET con /user - 30/4/2023
fatal: GET con /css/styles.css - 30/4/2023
fatal: GET con /js/logout.js - 30/4/2023
fatal: GET con /favicon.ico - 30/4/2023
fatal: POST con /api/session/premium/benjabastan@gmail.com - 30/4/2023
fatal: GET con /user - 30/4/2023
fatal: GET con /css/styles.css - 30/4/2023
fatal: GET con /js/logout.js - 30/4/2023
fatal: GET con /favicon.ico - 30/4/2023
fatal: GET con /user - 30/4/2023
fatal: GET con /css/styles.css - 30/4/2023
fatal: GET con /js/logout.js - 30/4/2023
fatal: GET con /favicon.ico - 30/4/2023
fatal: GET con /user - 30/4/2023
fatal: GET con /css/styles.css - 30/4/2023
fatal: GET con /js/logout.js - 30/4/2023
fatal: GET con /favicon.ico - 30/4/2023
fatal: GET con /user - 30/4/2023
fatal: GET con /css/styles.css - 30/4/2023
fatal: GET con /js/logout.js - 30/4/2023
fatal: GET con /favicon.ico - 30/4/2023
fatal: GET con /user - 30/4/2023
fatal: GET con /css/styles.css - 30/4/2023
fatal: GET con /js/logout.js - 30/4/2023
fatal: GET con /favicon.ico - 30/4/2023
fatal: GET con /user - 30/4/2023
fatal: GET con /css/styles.css - 30/4/2023
fatal: GET con /js/logout.js - 30/4/2023
fatal: GET con /favicon.ico - 30/4/2023
fatal: POST con /api/session/premium/benjabastan@gmail.com - 30/4/2023
fatal: GET con /user - 30/4/2023
fatal: GET con /css/styles.css - 30/4/2023
fatal: GET con /js/logout.js - 30/4/2023
fatal: GET con /favicon.ico - 30/4/2023
fatal: GET con /user - 30/4/2023
fatal: GET con /css/styles.css - 30/4/2023
fatal: GET con /js/logout.js - 30/4/2023
fatal: GET con /favicon.ico - 30/4/2023
fatal: POST con /api/session/premium/benjabastan@gmail.com - 30/4/2023
fatal: POST con /api/session/premium/benjabastan@gmail.com - 30/4/2023
fatal: GET con /css/styles.css - 30/4/2023
fatal: GET con /user - 30/4/2023
fatal: GET con /css/styles.css - 30/4/2023
fatal: GET con /js/login.js - 30/4/2023
fatal: GET con /favicon.ico - 30/4/2023
fatal: POST con /api/session/login - 30/4/2023
fatal: GET con / - 30/4/2023
fatal: GET con /css/styles.css - 30/4/2023
fatal: GET con /favicon.ico - 30/4/2023
fatal: GET con /user - 30/4/2023
fatal: GET con /css/styles.css - 30/4/2023
fatal: GET con /js/logout.js - 30/4/2023
fatal: GET con /favicon.ico - 30/4/2023
fatal: GET con /user - 30/4/2023
fatal: GET con /css/styles.css - 30/4/2023
fatal: GET con /js/logout.js - 30/4/2023
fatal: GET con /favicon.ico - 30/4/2023
fatal: GET con /user - 30/4/2023
fatal: GET con /css/styles.css - 30/4/2023
fatal: GET con /js/logout.js - 30/4/2023
fatal: GET con /favicon.ico - 30/4/2023
fatal: GET con /user - 30/4/2023
fatal: GET con /css/styles.css - 30/4/2023
fatal: GET con /js/logout.js - 30/4/2023
fatal: GET con /favicon.ico - 30/4/2023
fatal: POST con /api/session/premium/benjabastan@gmail.com - 30/4/2023
fatal: GET con /user - 30/4/2023
fatal: GET con /css/styles.css - 30/4/2023
fatal: GET con /js/logout.js - 30/4/2023
fatal: GET con /favicon.ico - 30/4/2023
fatal: GET con /user - 30/4/2023
fatal: GET con /css/styles.css - 30/4/2023
fatal: GET con /js/logout.js - 30/4/2023
fatal: GET con /favicon.ico - 30/4/2023
fatal: POST con /api/session/premium/benjabastan@gmail.com - 30/4/2023
fatal: GET con /user - 30/4/2023
fatal: GET con /css/styles.css - 30/4/2023
fatal: GET con /js/logout.js - 30/4/2023
fatal: GET con /favicon.ico - 30/4/2023
fatal: GET con /user - 30/4/2023
fatal: GET con /css/styles.css - 30/4/2023
fatal: GET con /js/logout.js - 30/4/2023
fatal: GET con /favicon.ico - 30/4/2023
fatal: POST con /api/session/premium/benjabastan@gmail.com - 30/4/2023
fatal: GET con /user - 30/4/2023
fatal: GET con /css/styles.css - 30/4/2023
fatal: GET con /js/logout.js - 30/4/2023
fatal: GET con /favicon.ico - 30/4/2023
fatal: GET con /user - 30/4/2023
fatal: GET con /css/styles.css - 30/4/2023
fatal: GET con /js/logout.js - 30/4/2023
fatal: GET con /favicon.ico - 30/4/2023
fatal: GET con /user - 30/4/2023
fatal: GET con /css/styles.css - 30/4/2023
fatal: GET con /js/logout.js - 30/4/2023
fatal: GET con /favicon.ico - 30/4/2023
fatal: GET con /user - 30/4/2023
fatal: GET con /css/styles.css - 30/4/2023
fatal: GET con /js/logout.js - 30/4/2023
fatal: GET con /favicon.ico - 30/4/2023
fatal: GET con /user - 30/4/2023
fatal: GET con /css/styles.css - 30/4/2023
fatal: GET con /js/logout.js - 30/4/2023
fatal: GET con /favicon.ico - 30/4/2023
fatal: GET con /user - 30/4/2023
fatal: GET con /css/styles.css - 30/4/2023
fatal: GET con /js/logout.js - 30/4/2023
fatal: GET con /favicon.ico - 30/4/2023
fatal: POST con /api/session/premium/benjabastan@gmail.com - 30/4/2023
fatal: GET con /user - 30/4/2023
fatal: GET con /css/styles.css - 30/4/2023
fatal: GET con /js/login.js - 30/4/2023
fatal: GET con /favicon.ico - 30/4/2023
fatal: POST con /api/session/login - 30/4/2023
fatal: GET con / - 30/4/2023
fatal: GET con /css/styles.css - 30/4/2023
fatal: GET con /favicon.ico - 30/4/2023
fatal: GET con /user - 30/4/2023
fatal: GET con /css/styles.css - 30/4/2023
fatal: GET con /js/logout.js - 30/4/2023
fatal: GET con /favicon.ico - 30/4/2023
fatal: POST con /api/session/premium/benjabastan@gmail.com - 30/4/2023
fatal: GET con /user - 30/4/2023
fatal: GET con /css/styles.css - 30/4/2023
fatal: GET con /js/login.js - 30/4/2023
fatal: GET con /favicon.ico - 30/4/2023
fatal: POST con /api/session/login - 30/4/2023
fatal: GET con / - 30/4/2023
fatal: GET con /css/styles.css - 30/4/2023
fatal: GET con /favicon.ico - 30/4/2023
fatal: GET con / - 30/4/2023
fatal: GET con /css/styles.css - 30/4/2023
fatal: GET con /favicon.ico - 30/4/2023
fatal: GET con /user - 30/4/2023
fatal: GET con /css/styles.css - 30/4/2023
fatal: GET con /js/logout.js - 30/4/2023
fatal: GET con /favicon.ico - 30/4/2023
fatal: POST con /api/session/premium/benjabastan@gmail.com - 30/4/2023
fatal: GET con /user - 30/4/2023
fatal: GET con /css/styles.css - 30/4/2023
fatal: GET con /js/login.js - 30/4/2023
fatal: GET con /favicon.ico - 30/4/2023
fatal: POST con /api/session/login - 30/4/2023
fatal: GET con / - 30/4/2023
fatal: GET con /css/styles.css - 30/4/2023
fatal: GET con /favicon.ico - 30/4/2023
fatal: GET con /user - 30/4/2023
fatal: GET con /css/styles.css - 30/4/2023
fatal: GET con /js/logout.js - 30/4/2023
fatal: GET con /favicon.ico - 30/4/2023
fatal: GET con /user - 30/4/2023
fatal: GET con /css/styles.css - 30/4/2023
fatal: GET con /js/logout.js - 30/4/2023
fatal: GET con /favicon.ico - 30/4/2023
fatal: POST con /api/session/premium/benjabastan@gmail.com - 30/4/2023
fatal: GET con /user - 30/4/2023
fatal: GET con /css/styles.css - 30/4/2023
fatal: GET con /js/login.js - 30/4/2023
fatal: GET con /favicon.ico - 30/4/2023
fatal: POST con /api/session/login - 30/4/2023
fatal: GET con / - 30/4/2023
fatal: GET con /css/styles.css - 30/4/2023
fatal: GET con /favicon.ico - 30/4/2023
fatal: GET con /user - 30/4/2023
fatal: GET con /css/styles.css - 30/4/2023
fatal: GET con /js/logout.js - 30/4/2023
fatal: GET con /favicon.ico - 30/4/2023
fatal: POST con /api/session/premium/benjabastan@gmail.com - 30/4/2023
fatal: GET con /user - 30/4/2023
fatal: GET con /css/styles.css - 30/4/2023
fatal: GET con /js/logout.js - 30/4/2023
fatal: GET con /favicon.ico - 30/4/2023
fatal: GET con /css/styles.css - 30/4/2023
fatal: GET con /user - 30/4/2023
fatal: GET con /css/styles.css - 30/4/2023
fatal: GET con /js/logout.js - 30/4/2023
fatal: GET con /favicon.ico - 30/4/2023
fatal: GET con /user - 30/4/2023
fatal: GET con /css/styles.css - 30/4/2023
fatal: GET con /js/logout.js - 30/4/2023
fatal: GET con /favicon.ico - 30/4/2023
fatal: GET con /user - 30/4/2023
fatal: GET con /css/styles.css - 30/4/2023
fatal: GET con /js/logout.js - 30/4/2023
fatal: GET con /favicon.ico - 30/4/2023
fatal: GET con /user - 30/4/2023
fatal: GET con /css/styles.css - 30/4/2023
fatal: GET con /js/logout.js - 30/4/2023
fatal: GET con /favicon.ico - 30/4/2023
fatal: GET con /user - 30/4/2023
fatal: GET con /css/styles.css - 30/4/2023
fatal: GET con /js/logout.js - 30/4/2023
fatal: GET con /favicon.ico - 30/4/2023
fatal: GET con /user - 30/4/2023
fatal: GET con /css/styles.css - 30/4/2023
fatal: GET con /js/logout.js - 30/4/2023
fatal: GET con /favicon.ico - 30/4/2023
fatal: GET con /user - 30/4/2023
fatal: GET con /css/styles.css - 30/4/2023
fatal: GET con /js/logout.js - 30/4/2023
fatal: GET con /favicon.ico - 30/4/2023
fatal: GET con /user - 30/4/2023
fatal: GET con /css/styles.css - 30/4/2023
fatal: GET con /js/logout.js - 30/4/2023
fatal: GET con /favicon.ico - 30/4/2023
fatal: GET con /user - 30/4/2023
fatal: GET con /css/styles.css - 30/4/2023
fatal: GET con /js/logout.js - 30/4/2023
fatal: GET con /favicon.ico - 30/4/2023
fatal: GET con /css/styles.css - 30/4/2023
fatal: GET con /user - 30/4/2023
fatal: GET con /css/styles.css - 30/4/2023
fatal: GET con /js/logout.js - 30/4/2023
fatal: GET con /favicon.ico - 30/4/2023
fatal: GET con /css/styles.css - 30/4/2023
fatal: GET con /user - 30/4/2023
fatal: GET con /css/styles.css - 30/4/2023
fatal: GET con /js/logout.js - 30/4/2023
fatal: GET con /favicon.ico - 30/4/2023
fatal: POST con /api/session/premium/benjabastan@gmail.com - 30/4/2023
fatal: GET con / - 30/4/2023
fatal: GET con /css/styles.css - 30/4/2023
fatal: GET con /favicon.ico - 30/4/2023
fatal: GET con /user - 30/4/2023
fatal: GET con /css/styles.css - 30/4/2023
fatal: GET con /js/logout.js - 30/4/2023
fatal: GET con /favicon.ico - 30/4/2023
fatal: POST con /api/session/premium/benjabastan@gmail.com - 30/4/2023
fatal: GET con / - 30/4/2023
fatal: GET con /css/styles.css - 30/4/2023
fatal: GET con /favicon.ico - 30/4/2023
fatal: GET con /user - 30/4/2023
fatal: GET con /css/styles.css - 30/4/2023
fatal: GET con /js/logout.js - 30/4/2023
fatal: GET con /favicon.ico - 30/4/2023
fatal: POST con /api/session/premium/benjabastan@gmail.com - 30/4/2023
fatal: GET con /user - 30/4/2023
fatal: GET con /css/styles.css - 30/4/2023
fatal: GET con /js/logout.js - 30/4/2023
fatal: GET con /favicon.ico - 30/4/2023
fatal: GET con / - 30/4/2023
fatal: GET con /css/styles.css - 30/4/2023
fatal: GET con /favicon.ico - 30/4/2023
fatal: GET con /chat - 30/4/2023
fatal: GET con /css/styles.css - 30/4/2023
fatal: GET con /js/chat.js - 30/4/2023
fatal: GET con /api/session/current - 30/4/2023
fatal: GET con /favicon.ico - 30/4/2023
fatal: GET con /favicon.ico - 30/4/2023
fatal: GET con /css/styles.css - 30/4/2023
fatal: GET con /user - 30/4/2023
fatal: GET con /css/styles.css - 30/4/2023
fatal: GET con /js/logout.js - 30/4/2023
fatal: GET con /favicon.ico - 30/4/2023
fatal: GET con / - 30/4/2023
fatal: GET con /css/styles.css - 30/4/2023
fatal: GET con /favicon.ico - 30/4/2023
fatal: GET con /chat - 30/4/2023
fatal: GET con /css/styles.css - 30/4/2023
fatal: GET con /js/chat.js - 30/4/2023
fatal: GET con /api/session/current - 30/4/2023
fatal: GET con /favicon.ico - 30/4/2023
fatal: GET con / - 30/4/2023
fatal: GET con /css/styles.css - 30/4/2023
fatal: GET con /favicon.ico - 30/4/2023
fatal: GET con /user - 30/4/2023
fatal: GET con /css/styles.css - 30/4/2023
fatal: GET con /js/login.js - 30/4/2023
fatal: GET con /favicon.ico - 30/4/2023
fatal: POST con /api/session/login - 30/4/2023
fatal: GET con / - 30/4/2023
fatal: GET con /css/styles.css - 30/4/2023
fatal: GET con /favicon.ico - 30/4/2023
fatal: GET con /user - 30/4/2023
fatal: GET con /css/styles.css - 30/4/2023
fatal: GET con /js/logout.js - 30/4/2023
fatal: GET con /favicon.ico - 30/4/2023
fatal: GET con /user - 30/4/2023
fatal: GET con /css/styles.css - 30/4/2023
fatal: GET con /js/logout.js - 30/4/2023
fatal: GET con /favicon.ico - 30/4/2023
fatal: GET con /css/styles.css - 30/4/2023
fatal: GET con / - 30/4/2023
fatal: GET con /css/styles.css - 30/4/2023
fatal: GET con /favicon.ico - 30/4/2023
fatal: GET con /api/session/premium/benjabastan@gmail.com - 30/4/2023
fatal: GET con /css/styles.css - 30/4/2023
fatal: GET con /favicon.ico - 30/4/2023
fatal: GET con /css/styles.css - 30/4/2023
fatal: GET con /api/session/premium/benjabastan@gmail.com - 30/4/2023
fatal: GET con /user - 30/4/2023
fatal: GET con /css/styles.css - 30/4/2023
fatal: GET con /js/logout.js - 30/4/2023
fatal: GET con /favicon.ico - 30/4/2023
fatal: GET con /user - 30/4/2023
fatal: GET con /css/styles.css - 30/4/2023
fatal: GET con /js/logout.js - 30/4/2023
fatal: GET con /favicon.ico - 30/4/2023
fatal: GET con /api/session/premium/benjabastan@gmail.com - 30/4/2023
fatal: GET con /css/styles.css - 30/4/2023
fatal: POST con /api/session/premium/benjabastan@gmail.com - 30/4/2023
fatal: GET con /user - 30/4/2023
fatal: GET con /css/styles.css - 30/4/2023
fatal: GET con /js/logout.js - 30/4/2023
fatal: GET con /favicon.ico - 30/4/2023
fatal: GET con /user - 30/4/2023
fatal: GET con /css/styles.css - 30/4/2023
fatal: GET con /js/logout.js - 30/4/2023
fatal: GET con /favicon.ico - 30/4/2023
fatal: POST con /api/session/premium/benjabastan@gmail.com - 30/4/2023
fatal: GET con /api/session/premium/benjabastan@gmail.com - 30/4/2023
fatal: POST con /api/session/premium/benjabastan@gmail.com - 30/4/2023
fatal: GET con /user - 30/4/2023
fatal: GET con /css/styles.css - 30/4/2023
fatal: GET con /js/logout.js - 30/4/2023
fatal: GET con /favicon.ico - 30/4/2023
fatal: GET con /user - 30/4/2023
fatal: GET con /css/styles.css - 30/4/2023
fatal: GET con /js/login.js - 30/4/2023
fatal: GET con /favicon.ico - 30/4/2023
fatal: POST con /api/session/login - 30/4/2023
fatal: GET con / - 30/4/2023
fatal: GET con /css/styles.css - 30/4/2023
fatal: GET con /favicon.ico - 30/4/2023
fatal: GET con /user - 30/4/2023
fatal: GET con /css/styles.css - 30/4/2023
fatal: GET con /js/logout.js - 30/4/2023
fatal: GET con /favicon.ico - 30/4/2023
fatal: POST con /api/session/premium/benjabastan@gmail.com - 30/4/2023
fatal: GET con /user - 30/4/2023
fatal: GET con /css/styles.css - 30/4/2023
fatal: GET con /js/logout.js - 30/4/2023
fatal: GET con /favicon.ico - 30/4/2023
fatal: POST con /api/session/premium/benjabastan@gmail.com - 30/4/2023
fatal: GET con /user - 30/4/2023
fatal: GET con /css/styles.css - 30/4/2023
fatal: GET con /js/logout.js - 30/4/2023
fatal: GET con /favicon.ico - 30/4/2023
fatal: POST con /api/session/premium/benjabastan@gmail.com - 30/4/2023
fatal: GET con /user - 30/4/2023
fatal: GET con /css/styles.css - 30/4/2023
fatal: GET con /js/logout.js - 30/4/2023
fatal: GET con /favicon.ico - 30/4/2023
fatal: POST con /api/session/premium/benjabastan@gmail.com - 30/4/2023
fatal: GET con /user - 30/4/2023
fatal: GET con /css/styles.css - 30/4/2023
fatal: GET con /js/logout.js - 30/4/2023
fatal: GET con /favicon.ico - 30/4/2023
fatal: POST con /api/session/premium/benjabastan@gmail.com - 30/4/2023
fatal: GET con /user - 30/4/2023
fatal: GET con /css/styles.css - 30/4/2023
fatal: GET con /js/logout.js - 30/4/2023
fatal: GET con /favicon.ico - 30/4/2023
fatal: GET con / - 30/4/2023
fatal: GET con /css/styles.css - 30/4/2023
fatal: GET con /favicon.ico - 30/4/2023
fatal: GET con /user - 30/4/2023
fatal: GET con /css/styles.css - 30/4/2023
fatal: GET con /js/logout.js - 30/4/2023
fatal: GET con /favicon.ico - 30/4/2023
fatal: GET con / - 30/4/2023
fatal: GET con /css/styles.css - 30/4/2023
fatal: GET con /favicon.ico - 30/4/2023
fatal: GET con / - 30/4/2023
fatal: GET con /css/styles.css - 30/4/2023
fatal: GET con /favicon.ico - 30/4/2023
fatal: GET con /user - 30/4/2023
fatal: GET con /css/styles.css - 30/4/2023
fatal: GET con /js/logout.js - 30/4/2023
fatal: GET con /favicon.ico - 30/4/2023
fatal: GET con / - 30/4/2023
fatal: GET con /css/styles.css - 30/4/2023
fatal: GET con /favicon.ico - 30/4/2023
fatal: POST con /api/products - 30/4/2023
fatal: GET con / - 30/4/2023
fatal: GET con /css/styles.css - 30/4/2023
fatal: GET con /favicon.ico - 30/4/2023
fatal: GET con /login - 30/4/2023
fatal: GET con /css/styles.css - 30/4/2023
fatal: GET con /js/login.js - 30/4/2023
fatal: GET con /favicon.ico - 30/4/2023
fatal: POST con /api/session/login - 30/4/2023
fatal: GET con / - 30/4/2023
fatal: GET con /css/styles.css - 30/4/2023
fatal: GET con /favicon.ico - 30/4/2023
fatal: GET con /css/styles.css - 30/4/2023
fatal: POST con /api/products - 30/4/2023
fatal: undefined
fatal: POST con /api/products - 30/4/2023
fatal: undefined
fatal: POST con /api/products - 30/4/2023
fatal: undefined
fatal: POST con /api/products - 30/4/2023
fatal: undefined
fatal: POST con /api/productsdsadsa - 30/4/2023
fatal: POST con /api/1231321 - 30/4/2023
fatal: POST con /api/products - 30/4/2023
fatal: undefined
fatal: GET con /api/products - 30/4/2023
fatal: POST con /api/products - 30/4/2023
fatal: undefined
fatal: POST con /api/products?title=Un%20titulo - 30/4/2023
fatal: undefined
fatal: POST con /api/products?title=Titulo - 30/4/2023
fatal: undefined
fatal: POST con /api/products?title=Titulo - 30/4/2023
fatal: undefined
fatal: POST con /api/products?title=Titulo - 30/4/2023
fatal: undefined
fatal: POST con /api/products?title=Titulo - 30/4/2023
fatal: undefined
fatal: POST con /api/products?title=Titulo - 30/4/2023
fatal: undefined
fatal: POST con /api/products?title=Titulo - 30/4/2023
fatal: undefined
fatal: POST con /api/products?title=Titulo - 30/4/2023
fatal: undefined
fatal: POST con /api/session/login/?email=benjabastan@gmail.com&password=1234 - 30/4/2023
fatal: undefined
fatal: POST con /api/session/login/ - 30/4/2023
fatal: POST con /api/session/login/ - 30/4/2023
fatal: POST con /api/products - 30/4/2023
fatal: POST con /api/session/login/ - 30/4/2023
fatal: undefined
fatal: POST con /api/session/login/ - 30/4/2023
fatal: undefined
fatal: POST con /api/session/login/ - 30/4/2023
fatal: undefined
fatal: POST con /api/session/login/ - 30/4/2023
fatal: undefined
fatal: POST con /api/session/login/ - 30/4/2023
fatal: undefined
fatal: POST con /api/session/login/ - 30/4/2023
fatal: undefined
fatal: POST con /api/session/login/ - 30/4/2023
fatal: undefined
fatal: POST con /api/session/login/ - 30/4/2023
fatal: undefined
fatal: POST con /api/session/login/ - 30/4/2023
fatal: undefined
fatal: POST con /api/session/login/ - 30/4/2023
fatal: undefined
fatal: POST con /api/session/login/ - 30/4/2023
fatal: POST con /api/session/login/ - 30/4/2023
fatal: POST con /api/session/login/ - 30/4/2023
fatal: POST con /api/products - 30/4/2023
fatal: undefined
fatal: POST con /api/session/login/ - 30/4/2023
fatal: POST con /api/products - 30/4/2023
fatal: POST con /api/products - 30/4/2023
fatal: POST con /api/products - 30/4/2023
fatal: POST con /api/products - 30/4/2023
fatal: POST con /api/products - 30/4/2023
fatal: POST con /api/products - 30/4/2023
fatal: POST con /api/products - 30/4/2023
fatal: POST con /api/products - 30/4/2023
fatal: POST con /api/products - 30/4/2023
fatal: POST con /api/products - 30/4/2023
fatal: POST con /api/products - 30/4/2023
fatal: POST con /api/products - 30/4/2023
fatal: POST con /api/session/login/ - 30/4/2023
fatal: POST con /api/products - 30/4/2023
fatal: POST con /api/products - 30/4/2023
fatal: POST con /api/products - 30/4/2023
error: Hay datos faltantes en /
fatal: POST con /api/products - 30/4/2023
error: Hay datos faltantes en /
fatal: GET con / - 30/4/2023
fatal: GET con /css/styles.css - 30/4/2023
fatal: GET con /favicon.ico - 30/4/2023
fatal: GET con /login - 30/4/2023
fatal: GET con /css/styles.css - 30/4/2023
fatal: GET con /js/login.js - 30/4/2023
fatal: GET con /favicon.ico - 30/4/2023
fatal: POST con /api/session/login - 30/4/2023
fatal: GET con / - 30/4/2023
fatal: GET con /css/styles.css - 30/4/2023
fatal: GET con /favicon.ico - 30/4/2023
fatal: GET con /product/63e1ad8676e826579da40200 - 30/4/2023
fatal: GET con /css/styles.css - 30/4/2023
fatal: GET con /js/product.js - 30/4/2023
fatal: GET con /favicon.ico - 30/4/2023
fatal: GET con / - 30/4/2023
fatal: GET con /css/styles.css - 30/4/2023
fatal: GET con /favicon.ico - 30/4/2023
fatal: GET con /user - 30/4/2023
fatal: GET con /css/styles.css - 30/4/2023
fatal: GET con /js/logout.js - 30/4/2023
fatal: GET con /favicon.ico - 30/4/2023
fatal: GET con /css/styles.css - 30/4/2023
fatal: GET con /user - 30/4/2023
fatal: GET con /css/styles.css - 30/4/2023
fatal: GET con /js/logout.js - 30/4/2023
fatal: GET con /favicon.ico - 30/4/2023
fatal: GET con / - 1/5/2023
fatal: GET con /css/styles.css - 1/5/2023
fatal: GET con /favicon.ico - 1/5/2023
fatal: GET con /login - 1/5/2023
fatal: GET con /css/styles.css - 1/5/2023
fatal: GET con /js/login.js - 1/5/2023
fatal: GET con /favicon.ico - 1/5/2023
fatal: POST con /api/session/login - 1/5/2023
fatal: GET con / - 1/5/2023
fatal: GET con /css/styles.css - 1/5/2023
fatal: GET con /favicon.ico - 1/5/2023
fatal: GET con /user - 1/5/2023
fatal: GET con /css/styles.css - 1/5/2023
fatal: GET con /js/logout.js - 1/5/2023
fatal: GET con /favicon.ico - 1/5/2023
fatal: GET con /css/styles.css - 1/5/2023
fatal: POST con /api/session/login/ - 1/5/2023
fatal: POST con /api/products - 1/5/2023
fatal: undefined
fatal: POST con /api/products - 1/5/2023
fatal: undefined
fatal: POST con /api/products - 1/5/2023
fatal: undefined {"body":"{\r\n    \"title\": \"Palta\",\r\n    \"description\": \"Es una palta, no aguacate\",\r\n    \"price\": 150,\r\n    \"stock\": 10,\r\n    \"code\": \"4gu4c4t3\",\r\n}","expose":true,"status":400,"statusCode":400,"type":"entity.parse.failed"}
fatal: POST con /api/products - 1/5/2023
fatal: undefined {"body":"{\r\n    \"title\": \"Palta\",\r\n    \"description\": \"Es una palta, no aguacate\",\r\n    \"price\": 150,\r\n    \"stock\": 10,\r\n    \"code\": \"4gu4c4t3\",\r\n}","expose":true,"status":400,"statusCode":400,"type":"entity.parse.failed"}
fatal: POST con /api/products - 1/5/2023
fatal: undefined {"body":"{\r\n    \"title\": \"Palta\",\r\n    \"description\": \"Es una palta, no aguacate\",\r\n    \"price\": 150,\r\n    \"stock\": 10,\r\n    \"code\": \"4gu4c4t3\",\r\n}","expose":true,"status":400,"statusCode":400,"type":"entity.parse.failed"}
fatal: POST con /api/products - 1/5/2023
fatal: undefined
fatal: POST con /api/products - 1/5/2023
fatal: undefined
fatal: POST con /api/products - 1/5/2023
fatal: undefined
fatal: POST con /api/products - 1/5/2023
fatal: undefined
fatal: POST con /api/products - 1/5/2023
fatal: undefined
fatal: POST con /api/products - 1/5/2023
fatal: undefined
fatal: POST con /api/products - 1/5/2023
fatal: undefined
fatal: POST con /api/products - 1/5/2023
fatal: GET con / - 1/5/2023
fatal: GET con /css/styles.css - 1/5/2023
fatal: GET con /favicon.ico - 1/5/2023
fatal: GET con /product/63e1ad8a76e826579da40202 - 1/5/2023
fatal: GET con /css/styles.css - 1/5/2023
fatal: GET con /js/product.js - 1/5/2023
fatal: GET con /favicon.ico - 1/5/2023
fatal: PUT con /api/products/63e1ad8a76e826579da40202 - 1/5/2023
fatal: GET con / - 1/5/2023
fatal: GET con /css/styles.css - 1/5/2023
fatal: GET con /favicon.ico - 1/5/2023
fatal: GET con /product/644f4b742e4f244b9254b10c - 1/5/2023
fatal: GET con /css/styles.css - 1/5/2023
fatal: GET con /js/product.js - 1/5/2023
fatal: GET con /favicon.ico - 1/5/2023
fatal: PUT con /api/products/644f4b742e4f244b9254b10c - 1/5/2023
fatal: PUT con /api/products/644f4b742e4f244b9254b10c - 1/5/2023
fatal: PUT con /api/products/644f4b742e4f244b9254b10c - 1/5/2023
fatal: PUT con /api/products/644f4b742e4f244b9254b10c - 1/5/2023
fatal: PUT con /api/products/644f4b742e4f244b9254b10c - 1/5/2023
fatal: PUT con /api/products/644f4b742e4f244b9254b10c - 1/5/2023
fatal: GET con / - 1/5/2023
fatal: GET con /css/styles.css - 1/5/2023
fatal: GET con /favicon.ico - 1/5/2023
fatal: GET con /product/63e1ad8276e826579da401fe - 1/5/2023
fatal: GET con /css/styles.css - 1/5/2023
fatal: GET con /js/product.js - 1/5/2023
fatal: GET con /favicon.ico - 1/5/2023
fatal: PUT con /api/products/63e1ad8276e826579da401fe - 1/5/2023
fatal: POST con /api/session/login/ - 1/5/2023
fatal: PUT con /api/products/63e1ad8276e826579da401fe - 1/5/2023
fatal: GET con / - 1/5/2023
fatal: GET con /css/styles.css - 1/5/2023
fatal: GET con /favicon.ico - 1/5/2023
fatal: GET con /product/644f4b742e4f244b9254b10c - 1/5/2023
fatal: GET con /css/styles.css - 1/5/2023
fatal: GET con /js/product.js - 1/5/2023
fatal: GET con /favicon.ico - 1/5/2023
fatal: PUT con /api/products/644f4b742e4f244b9254b10c - 1/5/2023
fatal: GET con / - 1/5/2023
fatal: GET con /css/styles.css - 1/5/2023
fatal: GET con /favicon.ico - 1/5/2023
fatal: GET con /product/644f4b742e4f244b9254b10c - 1/5/2023
fatal: GET con /css/styles.css - 1/5/2023
fatal: GET con /js/product.js - 1/5/2023
fatal: GET con /favicon.ico - 1/5/2023
fatal: GET con /css/styles.css - 1/5/2023
fatal: POST con /api/session/login/ - 1/5/2023
fatal: PUT con /api/carts/644af466dfe84905b6cf2dd9 - 1/5/2023
fatal: PUT con /api/carts/644af466dfe84905b6cf2dd9 - 1/5/2023
fatal: PUT con /api/carts/644af466dfe84905b6cf2dd9 - 1/5/2023
fatal: undefined
fatal: PUT con /api/carts/644af466dfe84905b6cf2dd9 - 1/5/2023
fatal: undefined
fatal: PUT con /api/carts/644af466dfe84905b6cf2dd9 - 1/5/2023
fatal: undefined
fatal: PUT con /api/carts/644af466dfe84905b6cf2dd9 - 1/5/2023
fatal: undefined
fatal: PUT con /api/carts/644af466dfe84905b6cf2dd9 - 1/5/2023
fatal: PUT con /api/carts/644af466dfe84905b6cf2dd9 - 1/5/2023
fatal: PUT con /api/carts/644af466dfe84905b6cf2dd9 - 1/5/2023
fatal: PUT con /api/carts/644af466dfe84905b6cf2dd9 - 1/5/2023
fatal: PUT con /api/carts/644af466dfe84905b6cf2dd9 - 1/5/2023
fatal: PUT con /api/carts/644af466dfe84905b6cf2dd9 - 1/5/2023
fatal: undefined {"code":"ERR_HTTP_HEADERS_SENT"}
fatal: PUT con /api/carts/644af466dfe84905b6cf2dd9 - 1/5/2023
fatal: undefined {"code":"ERR_HTTP_HEADERS_SENT"}
fatal: PUT con /api/carts/644af466dfe84905b6cf2dd9 - 1/5/2023
fatal: POST con /api/session/login/ - 1/5/2023
fatal: PUT con /api/carts/644af466dfe84905b6cf2dd9 - 1/5/2023
fatal: undefined {"code":"ERR_HTTP_HEADERS_SENT"}
fatal: PUT con /api/carts/644af466dfe84905b6cf2dd9 - 1/5/2023
fatal: PUT con /api/carts/644af466dfe84905b6cf2dd9 - 1/5/2023
fatal: PUT con /api/carts/644af466dfe84905b6cf2dd9 - 1/5/2023
fatal: PUT con /api/carts/644af466dfe84905b6cf2dd9 - 1/5/2023
fatal: PUT con /api/carts/644af466dfe84905b6cf2dd9 - 1/5/2023
fatal: PUT con /api/carts/644af466dfe84905b6cf2dd9 - 1/5/2023
fatal: PUT con /api/carts/644af466dfe84905b6cf2dd9 - 1/5/2023
fatal: PUT con /api/carts/644af466dfe84905b6cf2dd9 - 1/5/2023
fatal: PUT con /api/carts/644af466dfe84905b6cf2dd9 - 1/5/2023
fatal: PUT con /api/carts/644af466dfe84905b6cf2dd9 - 1/5/2023
fatal: PUT con /api/carts/644af466dfe84905b6cf2dd9 - 1/5/2023
fatal: PUT con /api/carts/644af466dfe84905b6cf2dd9 - 1/5/2023
fatal: PUT con /api/carts/644af466dfe84905b6cf2dd9 - 1/5/2023
fatal: POST con /api/products - 1/5/2023
error: Hay datos faltantes en /
fatal: POST con /api/products - 1/5/2023
error: Hay datos faltantes en /
fatal: POST con /api/products - 1/5/2023
error: Hay datos faltantes en /
fatal: POST con /api/products - 1/5/2023
error: Hay datos faltantes en /
fatal: POST con /api/products - 1/5/2023
error: Hay datos faltantes en /
fatal: PUT con /api/products - 1/5/2023
fatal: GET con / - 7/5/2023
fatal: GET con /css/styles.css - 7/5/2023
fatal: GET con /favicon.ico - 7/5/2023
fatal: GET con /apidocs/ - 7/5/2023
fatal: GET con /apidocs/swagger-ui.css - 7/5/2023
fatal: GET con /apidocs/swagger-ui-bundle.js - 7/5/2023
fatal: GET con /apidocs/swagger-ui-standalone-preset.js - 7/5/2023
fatal: GET con /apidocs/swagger-ui-init.js - 7/5/2023
fatal: GET con /apidocs/favicon-32x32.png - 7/5/2023
fatal: GET con /apidocs/ - 7/5/2023
fatal: GET con /apidocs/swagger-ui.css - 7/5/2023
fatal: GET con /apidocs/swagger-ui-bundle.js - 7/5/2023
fatal: GET con /apidocs/swagger-ui-standalone-preset.js - 7/5/2023
fatal: GET con /apidocs/swagger-ui-init.js - 7/5/2023
fatal: GET con /apidocs/favicon-32x32.png - 7/5/2023
fatal: GET con /apidocs/ - 7/5/2023
fatal: GET con /apidocs/swagger-ui.css - 7/5/2023
fatal: GET con /apidocs/swagger-ui-bundle.js - 7/5/2023
fatal: GET con /apidocs/swagger-ui-standalone-preset.js - 7/5/2023
fatal: GET con /apidocs/swagger-ui-init.js - 7/5/2023
fatal: GET con /apidocs/favicon-32x32.png - 7/5/2023
fatal: GET con /apidocs/ - 7/5/2023
fatal: GET con /apidocs/swagger-ui.css - 7/5/2023
fatal: GET con /apidocs/swagger-ui-bundle.js - 7/5/2023
fatal: GET con /apidocs/swagger-ui-standalone-preset.js - 7/5/2023
fatal: GET con /apidocs/swagger-ui-init.js - 7/5/2023
fatal: GET con /apidocs/favicon-32x32.png - 7/5/2023
fatal: GET con /apidocs/ - 7/5/2023
fatal: GET con /apidocs/swagger-ui.css - 7/5/2023
fatal: GET con /apidocs/swagger-ui-bundle.js - 7/5/2023
fatal: GET con /apidocs/swagger-ui-standalone-preset.js - 7/5/2023
fatal: GET con /apidocs/swagger-ui-init.js - 7/5/2023
fatal: GET con /apidocs/favicon-32x32.png - 7/5/2023
fatal: GET con /apidocs/ - 7/5/2023
fatal: GET con /apidocs/swagger-ui.css - 7/5/2023
fatal: GET con /apidocs/swagger-ui-bundle.js - 7/5/2023
fatal: GET con /apidocs/swagger-ui-standalone-preset.js - 7/5/2023
fatal: GET con /apidocs/swagger-ui-init.js - 7/5/2023
fatal: GET con /apidocs/favicon-32x32.png - 7/5/2023
fatal: GET con /apidocs/ - 7/5/2023
fatal: GET con /apidocs/swagger-ui.css - 7/5/2023
fatal: GET con /apidocs/swagger-ui-bundle.js - 7/5/2023
fatal: GET con /apidocs/swagger-ui-standalone-preset.js - 7/5/2023
fatal: GET con /apidocs/swagger-ui-init.js - 7/5/2023
fatal: GET con /apidocs/favicon-32x32.png - 7/5/2023
fatal: GET con /apidocs/ - 7/5/2023
fatal: GET con /apidocs/swagger-ui.css - 7/5/2023
fatal: GET con /apidocs/swagger-ui-bundle.js - 7/5/2023
fatal: GET con /apidocs/swagger-ui-standalone-preset.js - 7/5/2023
fatal: GET con /apidocs/swagger-ui-init.js - 7/5/2023
fatal: GET con /apidocs/favicon-32x32.png - 7/5/2023
fatal: GET con /apidocs/ - 7/5/2023
fatal: GET con /apidocs/swagger-ui.css - 7/5/2023
fatal: GET con /apidocs/swagger-ui-bundle.js - 7/5/2023
fatal: GET con /apidocs/swagger-ui-standalone-preset.js - 7/5/2023
fatal: GET con /apidocs/swagger-ui-init.js - 7/5/2023
fatal: GET con /apidocs/favicon-32x32.png - 7/5/2023
fatal: GET con /apidocs/ - 7/5/2023
fatal: GET con /apidocs/swagger-ui.css - 7/5/2023
fatal: GET con /apidocs/swagger-ui-bundle.js - 7/5/2023
fatal: GET con /apidocs/swagger-ui-standalone-preset.js - 7/5/2023
fatal: GET con /apidocs/swagger-ui-init.js - 7/5/2023
fatal: GET con /apidocs/favicon-32x32.png - 7/5/2023
fatal: GET con /apidocs/ - 7/5/2023
fatal: GET con /apidocs/swagger-ui.css - 7/5/2023
fatal: GET con /apidocs/swagger-ui-bundle.js - 7/5/2023
fatal: GET con /apidocs/swagger-ui-standalone-preset.js - 7/5/2023
fatal: GET con /apidocs/swagger-ui-init.js - 7/5/2023
fatal: GET con /apidocs/favicon-32x32.png - 7/5/2023
fatal: GET con /apidocs/ - 7/5/2023
fatal: GET con /apidocs/swagger-ui.css - 7/5/2023
fatal: GET con /apidocs/swagger-ui-bundle.js - 7/5/2023
fatal: GET con /apidocs/swagger-ui-standalone-preset.js - 7/5/2023
fatal: GET con /apidocs/swagger-ui-init.js - 7/5/2023
fatal: GET con /apidocs/favicon-32x32.png - 7/5/2023
fatal: GET con /apidocs/ - 7/5/2023
fatal: GET con /apidocs/swagger-ui.css - 7/5/2023
fatal: GET con /apidocs/swagger-ui-bundle.js - 7/5/2023
fatal: GET con /apidocs/swagger-ui-standalone-preset.js - 7/5/2023
fatal: GET con /apidocs/swagger-ui-init.js - 7/5/2023
fatal: GET con /apidocs/favicon-32x32.png - 7/5/2023
fatal: GET con /apidocs/ - 7/5/2023
fatal: GET con /apidocs/swagger-ui.css - 7/5/2023
fatal: GET con /apidocs/swagger-ui-bundle.js - 7/5/2023
fatal: GET con /apidocs/swagger-ui-standalone-preset.js - 7/5/2023
fatal: GET con /apidocs/swagger-ui-init.js - 7/5/2023
fatal: GET con /apidocs/favicon-32x32.png - 7/5/2023
fatal: GET con /apidocs/ - 7/5/2023
fatal: GET con /apidocs/swagger-ui.css - 7/5/2023
fatal: GET con /apidocs/swagger-ui-bundle.js - 7/5/2023
fatal: GET con /apidocs/swagger-ui-standalone-preset.js - 7/5/2023
fatal: GET con /apidocs/swagger-ui-init.js - 7/5/2023
fatal: GET con /apidocs/favicon-32x32.png - 7/5/2023
fatal: GET con /apidocs/ - 7/5/2023
fatal: GET con /apidocs/swagger-ui.css - 7/5/2023
fatal: GET con /apidocs/swagger-ui-bundle.js - 7/5/2023
fatal: GET con /apidocs/swagger-ui-standalone-preset.js - 7/5/2023
fatal: GET con /apidocs/swagger-ui-init.js - 7/5/2023
fatal: GET con /apidocs/favicon-32x32.png - 7/5/2023
fatal: GET con /apidocs/ - 7/5/2023
fatal: GET con /apidocs/swagger-ui.css - 7/5/2023
fatal: GET con /apidocs/swagger-ui-bundle.js - 7/5/2023
fatal: GET con /apidocs/swagger-ui-standalone-preset.js - 7/5/2023
fatal: GET con /apidocs/swagger-ui-init.js - 7/5/2023
fatal: GET con /apidocs/favicon-32x32.png - 7/5/2023
fatal: GET con /apidocs/favicon-32x32.png - 7/5/2023
fatal: GET con /apidocs/favicon-32x32.png - 7/5/2023
fatal: GET con /apidocs/ - 7/5/2023
fatal: GET con /apidocs/swagger-ui.css - 7/5/2023
fatal: GET con /apidocs/swagger-ui-bundle.js - 7/5/2023
fatal: GET con /apidocs/swagger-ui-standalone-preset.js - 7/5/2023
fatal: GET con /apidocs/swagger-ui-init.js - 7/5/2023
fatal: GET con /apidocs/favicon-32x32.png - 7/5/2023
fatal: GET con /apidocs/ - 7/5/2023
fatal: GET con /apidocs/swagger-ui.css - 7/5/2023
fatal: GET con /apidocs/swagger-ui-bundle.js - 7/5/2023
fatal: GET con /apidocs/swagger-ui-standalone-preset.js - 7/5/2023
fatal: GET con /apidocs/swagger-ui-init.js - 7/5/2023
fatal: GET con /apidocs/favicon-32x32.png - 7/5/2023
fatal: GET con /apidocs/ - 7/5/2023
fatal: GET con /apidocs/swagger-ui.css - 7/5/2023
fatal: GET con /apidocs/swagger-ui-bundle.js - 7/5/2023
fatal: GET con /apidocs/swagger-ui-standalone-preset.js - 7/5/2023
fatal: GET con /apidocs/swagger-ui-init.js - 7/5/2023
fatal: GET con /apidocs/favicon-32x32.png - 7/5/2023
fatal: GET con /apidocs/ - 7/5/2023
fatal: GET con /apidocs/swagger-ui.css - 7/5/2023
fatal: GET con /apidocs/swagger-ui-bundle.js - 7/5/2023
fatal: GET con /apidocs/swagger-ui-standalone-preset.js - 7/5/2023
fatal: GET con /apidocs/swagger-ui-init.js - 7/5/2023
fatal: GET con /apidocs/favicon-32x32.png - 7/5/2023
fatal: GET con /apidocs/ - 7/5/2023
fatal: GET con /apidocs/swagger-ui.css - 7/5/2023
fatal: GET con /apidocs/swagger-ui-bundle.js - 7/5/2023
fatal: GET con /apidocs/swagger-ui-standalone-preset.js - 7/5/2023
fatal: GET con /apidocs/swagger-ui-init.js - 7/5/2023
fatal: GET con /apidocs/favicon-32x32.png - 7/5/2023
fatal: GET con /apidocs/favicon-32x32.png - 7/5/2023
fatal: GET con /apidocs/favicon-32x32.png - 7/5/2023
fatal: GET con /apidocs/favicon-32x32.png - 7/5/2023
fatal: GET con /apidocs/favicon-32x32.png - 7/5/2023
fatal: GET con /apidocs/favicon-32x32.png - 7/5/2023
fatal: GET con /apidocs/favicon-32x32.png - 7/5/2023
fatal: GET con /apidocs/ - 7/5/2023
fatal: GET con /apidocs/swagger-ui.css - 7/5/2023
fatal: GET con /apidocs/swagger-ui-bundle.js - 7/5/2023
fatal: GET con /apidocs/swagger-ui-standalone-preset.js - 7/5/2023
fatal: GET con /apidocs/swagger-ui-init.js - 7/5/2023
fatal: GET con /apidocs/favicon-32x32.png - 7/5/2023
fatal: GET con /apidocs/ - 7/5/2023
fatal: GET con /apidocs/swagger-ui.css - 7/5/2023
fatal: GET con /apidocs/swagger-ui-bundle.js - 7/5/2023
fatal: GET con /apidocs/swagger-ui-standalone-preset.js - 7/5/2023
fatal: GET con /apidocs/swagger-ui-init.js - 7/5/2023
fatal: GET con /apidocs/favicon-32x32.png - 7/5/2023
fatal: GET con /apidocs/ - 7/5/2023
fatal: GET con /apidocs/swagger-ui.css - 7/5/2023
fatal: GET con /apidocs/swagger-ui-bundle.js - 7/5/2023
fatal: GET con /apidocs/swagger-ui-standalone-preset.js - 7/5/2023
fatal: GET con /apidocs/swagger-ui-init.js - 7/5/2023
fatal: GET con /apidocs/favicon-32x32.png - 7/5/2023
fatal: GET con /apidocs/ - 7/5/2023
fatal: GET con /apidocs/swagger-ui.css - 7/5/2023
fatal: GET con /apidocs/swagger-ui-bundle.js - 7/5/2023
fatal: GET con /apidocs/swagger-ui-standalone-preset.js - 7/5/2023
fatal: GET con /apidocs/swagger-ui-init.js - 7/5/2023
fatal: GET con /apidocs/favicon-32x32.png - 7/5/2023
fatal: GET con /apidocs/ - 7/5/2023
fatal: GET con /apidocs/swagger-ui.css - 7/5/2023
fatal: GET con /apidocs/swagger-ui-bundle.js - 7/5/2023
fatal: GET con /apidocs/swagger-ui-standalone-preset.js - 7/5/2023
fatal: GET con /apidocs/swagger-ui-init.js - 7/5/2023
fatal: GET con /apidocs/favicon-32x32.png - 7/5/2023
fatal: GET con /apidocs/ - 7/5/2023
fatal: GET con /apidocs/swagger-ui.css - 7/5/2023
fatal: GET con /apidocs/swagger-ui-bundle.js - 7/5/2023
fatal: GET con /apidocs/swagger-ui-standalone-preset.js - 7/5/2023
fatal: GET con /apidocs/swagger-ui-init.js - 7/5/2023
fatal: GET con /apidocs/favicon-32x32.png - 7/5/2023
fatal: GET con /apidocs/ - 7/5/2023
fatal: GET con /apidocs/swagger-ui.css - 7/5/2023
fatal: GET con /apidocs/swagger-ui-bundle.js - 7/5/2023
fatal: GET con /apidocs/swagger-ui-standalone-preset.js - 7/5/2023
fatal: GET con /apidocs/swagger-ui-init.js - 7/5/2023
fatal: GET con /apidocs/favicon-32x32.png - 7/5/2023
fatal: GET con /apidocs/ - 7/5/2023
fatal: GET con /apidocs/swagger-ui.css - 7/5/2023
fatal: GET con /apidocs/swagger-ui-bundle.js - 7/5/2023
fatal: GET con /apidocs/swagger-ui-standalone-preset.js - 7/5/2023
fatal: GET con /apidocs/swagger-ui-init.js - 7/5/2023
fatal: GET con /apidocs/favicon-32x32.png - 7/5/2023
fatal: GET con /apidocs/ - 7/5/2023
fatal: GET con /apidocs/swagger-ui.css - 7/5/2023
fatal: GET con /apidocs/swagger-ui-bundle.js - 7/5/2023
fatal: GET con /apidocs/swagger-ui-standalone-preset.js - 7/5/2023
fatal: GET con /apidocs/swagger-ui-init.js - 7/5/2023
fatal: GET con /apidocs/favicon-32x32.png - 7/5/2023
fatal: GET con /apidocs/ - 7/5/2023
fatal: GET con /apidocs/swagger-ui.css - 7/5/2023
fatal: GET con /apidocs/swagger-ui-bundle.js - 7/5/2023
fatal: GET con /apidocs/swagger-ui-standalone-preset.js - 7/5/2023
fatal: GET con /apidocs/swagger-ui-init.js - 7/5/2023
fatal: GET con /apidocs/favicon-32x32.png - 7/5/2023
fatal: GET con /apidocs/ - 9/5/2023
fatal: GET con /apidocs/swagger-ui.css - 9/5/2023
fatal: GET con /apidocs/swagger-ui-bundle.js - 9/5/2023
fatal: GET con /apidocs/swagger-ui-standalone-preset.js - 9/5/2023
fatal: GET con /apidocs/swagger-ui-init.js - 9/5/2023
fatal: GET con /apidocs/favicon-32x32.png - 9/5/2023
fatal: GET con /apidocs/favicon-32x32.png - 9/5/2023
fatal: GET con /apidocs/favicon-32x32.png - 9/5/2023
fatal: GET con /apidocs/favicon-32x32.png - 9/5/2023
fatal: GET con /apidocs/ - 9/5/2023
fatal: GET con /apidocs/swagger-ui.css - 9/5/2023
fatal: GET con /apidocs/swagger-ui-bundle.js - 9/5/2023
fatal: GET con /apidocs/swagger-ui-standalone-preset.js - 9/5/2023
fatal: GET con /apidocs/swagger-ui-init.js - 9/5/2023
fatal: GET con /apidocs/favicon-32x32.png - 9/5/2023
fatal: GET con /apidocs/ - 9/5/2023
fatal: GET con /apidocs/swagger-ui.css - 9/5/2023
fatal: GET con /apidocs/swagger-ui-bundle.js - 9/5/2023
fatal: GET con /apidocs/swagger-ui-standalone-preset.js - 9/5/2023
fatal: GET con /apidocs/swagger-ui-init.js - 9/5/2023
fatal: GET con /apidocs/favicon-32x32.png - 9/5/2023
fatal: GET con /apidocs/favicon-32x32.png - 9/5/2023
fatal: GET con /apidocs/favicon-32x32.png - 9/5/2023
fatal: GET con /apidocs/favicon-32x32.png - 9/5/2023
fatal: GET con /apidocs/favicon-32x32.png - 9/5/2023
fatal: GET con /apidocs/favicon-32x32.png - 9/5/2023
fatal: GET con /apidocs/favicon-32x32.png - 9/5/2023
fatal: GET con /apidocs/favicon-32x32.png - 9/5/2023
fatal: GET con /apidocs/favicon-32x32.png - 9/5/2023
fatal: GET con /apidocs/favicon-32x32.png - 9/5/2023
